[1.894s] Invoking command in '/home/akyatha/colcon_ws/build/ros_tcp_endpoint': PYTHONPATH=/home/akyatha/colcon_ws/build/ros_tcp_endpoint/prefix_override:/home/akyatha/colcon_ws/install/ros_tcp_endpoint/lib/python3.8/site-packages:${PYTHONPATH} /usr/bin/python3 setup.py develop --editable --build-directory /home/akyatha/colcon_ws/build/ros_tcp_endpoint/build --no-deps install_data
[2.015s] /home/akyatha/.local/lib/python3.8/site-packages/setuptools/dist.py:472: SetuptoolsDeprecationWarning: Invalid dash-separated options
[2.015s] !!
[2.015s] 
[2.015s]         ********************************************************************************
[2.015s]         Usage of dash-separated 'script-dir' will not be supported in future
[2.015s]         versions. Please use the underscore name 'script_dir' instead.
[2.015s] 
[2.015s]         By 2024-Sep-26, you need to update your project and remove deprecated calls
[2.015s]         or your builds will no longer be supported.
[2.015s] 
[2.015s]         See https://setuptools.pypa.io/en/latest/userguide/declarative_config.html for details.
[2.016s]         ********************************************************************************
[2.016s] 
[2.016s] !!
[2.016s]   opt = self.warn_dash_deprecation(opt, section)
[2.209s] running develop
[2.209s] /home/akyatha/.local/lib/python3.8/site-packages/setuptools/command/develop.py:40: EasyInstallDeprecationWarning: easy_install command is deprecated.
[2.209s] !!
[2.209s] 
[2.209s]         ********************************************************************************
[2.209s]         Please avoid running ``setup.py`` and ``easy_install``.
[2.209s]         Instead, use pypa/build, pypa/installer or other
[2.209s]         standards-based tools.
[2.210s] 
[2.210s]         See https://github.com/pypa/setuptools/issues/917 for details.
[2.210s]         ********************************************************************************
[2.210s] 
[2.210s] !!
[2.210s]   easy_install.initialize_options(self)
[2.240s] /home/akyatha/.local/lib/python3.8/site-packages/setuptools/_distutils/cmd.py:66: SetuptoolsDeprecationWarning: setup.py install is deprecated.
[2.240s] !!
[2.240s] 
[2.240s]         ********************************************************************************
[2.240s]         Please avoid running ``setup.py`` directly.
[2.240s]         Instead, use pypa/build, pypa/installer or other
[2.240s]         standards-based tools.
[2.240s] 
[2.241s]         See https://blog.ganssle.io/articles/2021/10/setup-py-deprecated.html for details.
[2.241s]         ********************************************************************************
[2.241s] 
[2.241s] !!
[2.241s]   self.initialize_options()
[2.406s] running egg_info
[2.421s] writing ros_tcp_endpoint.egg-info/PKG-INFO
[2.421s] writing dependency_links to ros_tcp_endpoint.egg-info/dependency_links.txt
[2.421s] writing entry points to ros_tcp_endpoint.egg-info/entry_points.txt
[2.422s] writing requirements to ros_tcp_endpoint.egg-info/requires.txt
[2.422s] writing top-level names to ros_tcp_endpoint.egg-info/top_level.txt
[2.454s] reading manifest file 'ros_tcp_endpoint.egg-info/SOURCES.txt'
[2.455s] writing manifest file 'ros_tcp_endpoint.egg-info/SOURCES.txt'
[2.507s] running build_ext
[2.507s] Creating /home/akyatha/colcon_ws/install/ros_tcp_endpoint/lib/python3.8/site-packages/ros-tcp-endpoint.egg-link (link to .)
[2.508s] Installing default_server_endpoint script to /home/akyatha/colcon_ws/install/ros_tcp_endpoint/lib/ros_tcp_endpoint
[2.508s] 
[2.508s] Installed /home/akyatha/colcon_ws/build/ros_tcp_endpoint
[2.509s] running install_data
[2.509s] copying resource/ros_tcp_endpoint -> /home/akyatha/colcon_ws/install/ros_tcp_endpoint/share/ament_index/resource_index/packages
[2.509s] copying package.xml -> /home/akyatha/colcon_ws/install/ros_tcp_endpoint/share/ros_tcp_endpoint
[2.509s] copying launch/endpoint.py -> /home/akyatha/colcon_ws/install/ros_tcp_endpoint/share/ros_tcp_endpoint/launch
[2.538s] Invoked command in '/home/akyatha/colcon_ws/build/ros_tcp_endpoint' returned '0': PYTHONPATH=/home/akyatha/colcon_ws/build/ros_tcp_endpoint/prefix_override:/home/akyatha/colcon_ws/install/ros_tcp_endpoint/lib/python3.8/site-packages:${PYTHONPATH} /usr/bin/python3 setup.py develop --editable --build-directory /home/akyatha/colcon_ws/build/ros_tcp_endpoint/build --no-deps install_data
