[4.423s] Invoking command in '/home/akyatha/colcon_ws/src/ROS-TCP-Endpoint': PYTHONPATH=/home/akyatha/colcon_ws/build/ros_tcp_endpoint/prefix_override:/home/akyatha/colcon_ws/install/ros_tcp_endpoint/lib/python3.8/site-packages:${PYTHONPATH} /usr/bin/python3 setup.py egg_info --egg-base ../../build/ros_tcp_endpoint build --build-base /home/akyatha/colcon_ws/build/ros_tcp_endpoint/build install --record /home/akyatha/colcon_ws/build/ros_tcp_endpoint/install.log --install-scripts $base/lib/ros_tcp_endpoint --single-version-externally-managed
[4.713s] /home/akyatha/.local/lib/python3.8/site-packages/setuptools/dist.py:472: SetuptoolsDeprecationWarning: Invalid dash-separated options
[4.714s] !!
[4.714s] 
[4.715s]         ********************************************************************************
[4.717s]         Usage of dash-separated 'script-dir' will not be supported in future
[4.717s]         versions. Please use the underscore name 'script_dir' instead.
[4.718s] 
[4.719s]         By 2024-Sep-26, you need to update your project and remove deprecated calls
[4.719s]         or your builds will no longer be supported.
[4.719s] 
[4.719s]         See https://setuptools.pypa.io/en/latest/userguide/declarative_config.html for details.
[4.719s]         ********************************************************************************
[4.720s] 
[4.720s] !!
[4.720s]   opt = self.warn_dash_deprecation(opt, section)
[4.889s] running egg_info
[4.917s] writing ../../build/ros_tcp_endpoint/ros_tcp_endpoint.egg-info/PKG-INFO
[4.918s] writing dependency_links to ../../build/ros_tcp_endpoint/ros_tcp_endpoint.egg-info/dependency_links.txt
[4.919s] writing entry points to ../../build/ros_tcp_endpoint/ros_tcp_endpoint.egg-info/entry_points.txt
[4.919s] writing requirements to ../../build/ros_tcp_endpoint/ros_tcp_endpoint.egg-info/requires.txt
[4.920s] writing top-level names to ../../build/ros_tcp_endpoint/ros_tcp_endpoint.egg-info/top_level.txt
[5.167s] reading manifest file '../../build/ros_tcp_endpoint/ros_tcp_endpoint.egg-info/SOURCES.txt'
[5.168s] adding license file 'LICENSE'
[5.168s] writing manifest file '../../build/ros_tcp_endpoint/ros_tcp_endpoint.egg-info/SOURCES.txt'
[5.169s] running build
[5.169s] running build_py
[5.169s] copying ros_tcp_endpoint/__init__.py -> /home/akyatha/colcon_ws/build/ros_tcp_endpoint/build/lib/ros_tcp_endpoint
[5.169s] copying ros_tcp_endpoint/tcp_sender.py -> /home/akyatha/colcon_ws/build/ros_tcp_endpoint/build/lib/ros_tcp_endpoint
[5.170s] copying ros_tcp_endpoint/service.py -> /home/akyatha/colcon_ws/build/ros_tcp_endpoint/build/lib/ros_tcp_endpoint
[5.170s] copying ros_tcp_endpoint/default_server_endpoint.py -> /home/akyatha/colcon_ws/build/ros_tcp_endpoint/build/lib/ros_tcp_endpoint
[5.171s] copying ros_tcp_endpoint/server.py -> /home/akyatha/colcon_ws/build/ros_tcp_endpoint/build/lib/ros_tcp_endpoint
[5.173s] copying ros_tcp_endpoint/client.py -> /home/akyatha/colcon_ws/build/ros_tcp_endpoint/build/lib/ros_tcp_endpoint
[5.174s] copying ros_tcp_endpoint/communication.py -> /home/akyatha/colcon_ws/build/ros_tcp_endpoint/build/lib/ros_tcp_endpoint
[5.174s] copying ros_tcp_endpoint/exceptions.py -> /home/akyatha/colcon_ws/build/ros_tcp_endpoint/build/lib/ros_tcp_endpoint
[5.174s] copying ros_tcp_endpoint/publisher.py -> /home/akyatha/colcon_ws/build/ros_tcp_endpoint/build/lib/ros_tcp_endpoint
[5.174s] copying ros_tcp_endpoint/subscriber.py -> /home/akyatha/colcon_ws/build/ros_tcp_endpoint/build/lib/ros_tcp_endpoint
[5.175s] copying ros_tcp_endpoint/unity_service.py -> /home/akyatha/colcon_ws/build/ros_tcp_endpoint/build/lib/ros_tcp_endpoint
[5.175s] copying ros_tcp_endpoint/thread_pauser.py -> /home/akyatha/colcon_ws/build/ros_tcp_endpoint/build/lib/ros_tcp_endpoint
[5.176s] running install
[5.176s] /home/akyatha/.local/lib/python3.8/site-packages/setuptools/_distutils/cmd.py:66: SetuptoolsDeprecationWarning: setup.py install is deprecated.
[5.177s] !!
[5.177s] 
[5.180s]         ********************************************************************************
[5.181s]         Please avoid running ``setup.py`` directly.
[5.182s]         Instead, use pypa/build, pypa/installer or other
[5.183s]         standards-based tools.
[5.183s] 
[5.183s]         See https://blog.ganssle.io/articles/2021/10/setup-py-deprecated.html for details.
[5.184s]         ********************************************************************************
[5.185s] 
[5.185s] !!
[5.186s]   self.initialize_options()
[5.188s] running install_lib
[5.216s] running install_data
[5.242s] copying resource/ros_tcp_endpoint -> /home/akyatha/colcon_ws/install/ros_tcp_endpoint/share/ament_index/resource_index/packages
[5.244s] copying package.xml -> /home/akyatha/colcon_ws/install/ros_tcp_endpoint/share/ros_tcp_endpoint
[5.245s] copying launch/endpoint.py -> /home/akyatha/colcon_ws/install/ros_tcp_endpoint/share/ros_tcp_endpoint/launch
[5.245s] running install_egg_info
[5.271s] removing '/home/akyatha/colcon_ws/install/ros_tcp_endpoint/lib/python3.8/site-packages/ros_tcp_endpoint-0.0.1-py3.8.egg-info' (and everything under it)
[5.272s] Copying ../../build/ros_tcp_endpoint/ros_tcp_endpoint.egg-info to /home/akyatha/colcon_ws/install/ros_tcp_endpoint/lib/python3.8/site-packages/ros_tcp_endpoint-0.0.1-py3.8.egg-info
[5.274s] running install_scripts
[5.358s] Installing default_server_endpoint script to /home/akyatha/colcon_ws/install/ros_tcp_endpoint/lib/ros_tcp_endpoint
[5.359s] writing list of installed files to '/home/akyatha/colcon_ws/build/ros_tcp_endpoint/install.log'
[5.408s] Invoked command in '/home/akyatha/colcon_ws/src/ROS-TCP-Endpoint' returned '0': PYTHONPATH=/home/akyatha/colcon_ws/build/ros_tcp_endpoint/prefix_override:/home/akyatha/colcon_ws/install/ros_tcp_endpoint/lib/python3.8/site-packages:${PYTHONPATH} /usr/bin/python3 setup.py egg_info --egg-base ../../build/ros_tcp_endpoint build --build-base /home/akyatha/colcon_ws/build/ros_tcp_endpoint/build install --record /home/akyatha/colcon_ws/build/ros_tcp_endpoint/install.log --install-scripts $base/lib/ros_tcp_endpoint --single-version-externally-managed
