[6.542s] DEBUG:colcon:Command line arguments: ['/usr/bin/colcon', 'build']
[6.542s] DEBUG:colcon:Parsed command line arguments: Namespace(allow_overriding=[], ament_cmake_args=None, base_paths=['.'], build_base='build', catkin_cmake_args=None, catkin_skip_building_tests=False, cmake_args=None, cmake_clean_cache=False, cmake_clean_first=False, cmake_force_configure=False, cmake_target=None, cmake_target_skip_unavailable=False, continue_on_error=False, event_handlers=None, executor='parallel', ignore_user_meta=False, install_base='install', log_base=None, log_level=None, main=<bound method BuildVerb.main of <colcon_core.verb.build.BuildVerb object at 0x7f83ef7549a0>>, merge_install=False, metas=['./colcon.meta'], packages_above=None, packages_above_and_dependencies=None, packages_above_depth=None, packages_end=None, packages_ignore=None, packages_ignore_regex=None, packages_select=None, packages_select_build_failed=False, packages_select_by_dep=None, packages_select_regex=None, packages_select_test_failures=False, packages_skip=None, packages_skip_build_finished=False, packages_skip_by_dep=None, packages_skip_regex=None, packages_skip_test_passed=False, packages_skip_up_to=None, packages_start=None, packages_up_to=None, packages_up_to_regex=None, parallel_workers=8, paths=None, symlink_install=False, test_result_base=None, verb_extension=<colcon_core.verb.build.BuildVerb object at 0x7f83ef7549a0>, verb_name='build', verb_parser=<colcon_defaults.argument_parser.defaults.DefaultArgumentsDecorator object at 0x7f83ef463a30>)
[6.820s] Level 1:colcon.colcon_core.package_discovery:discover_packages(colcon_meta) check parameters
[6.820s] Level 1:colcon.colcon_core.package_discovery:discover_packages(recursive) check parameters
[6.820s] Level 1:colcon.colcon_core.package_discovery:discover_packages(ignore) check parameters
[6.820s] Level 1:colcon.colcon_core.package_discovery:discover_packages(path) check parameters
[6.820s] Level 1:colcon.colcon_core.package_discovery:discover_packages(colcon_meta) discover
[6.820s] Level 1:colcon.colcon_core.package_discovery:discover_packages(recursive) discover
[6.821s] INFO:colcon.colcon_core.package_discovery:Crawling recursively for packages in '/home/akyatha/colcon_ws'
[6.821s] Level 1:colcon.colcon_core.package_identification:_identify(.) by extensions ['ignore', 'ignore_ament_install']
[6.821s] Level 1:colcon.colcon_core.package_identification:_identify(.) by extension 'ignore'
[6.821s] Level 1:colcon.colcon_core.package_identification:_identify(.) by extension 'ignore_ament_install'
[6.821s] Level 1:colcon.colcon_core.package_identification:_identify(.) by extensions ['colcon_pkg']
[6.821s] Level 1:colcon.colcon_core.package_identification:_identify(.) by extension 'colcon_pkg'
[6.821s] Level 1:colcon.colcon_core.package_identification:_identify(.) by extensions ['colcon_meta']
[6.821s] Level 1:colcon.colcon_core.package_identification:_identify(.) by extension 'colcon_meta'
[6.821s] Level 1:colcon.colcon_core.package_identification:_identify(.) by extensions ['ros']
[6.821s] Level 1:colcon.colcon_core.package_identification:_identify(.) by extension 'ros'
[6.836s] Level 1:colcon.colcon_core.package_identification:_identify(.) by extensions ['cmake', 'python']
[6.836s] Level 1:colcon.colcon_core.package_identification:_identify(.) by extension 'cmake'
[6.836s] Level 1:colcon.colcon_core.package_identification:_identify(.) by extension 'python'
[6.836s] Level 1:colcon.colcon_core.package_identification:_identify(.) by extensions ['python_setup_py']
[6.836s] Level 1:colcon.colcon_core.package_identification:_identify(.) by extension 'python_setup_py'
[6.836s] Level 1:colcon.colcon_core.package_identification:_identify(build) by extensions ['ignore', 'ignore_ament_install']
[6.837s] Level 1:colcon.colcon_core.package_identification:_identify(build) by extension 'ignore'
[6.837s] Level 1:colcon.colcon_core.package_identification:_identify(build) ignored
[6.837s] Level 1:colcon.colcon_core.package_identification:_identify(install) by extensions ['ignore', 'ignore_ament_install']
[6.837s] Level 1:colcon.colcon_core.package_identification:_identify(install) by extension 'ignore'
[6.837s] Level 1:colcon.colcon_core.package_identification:_identify(install) ignored
[6.837s] Level 1:colcon.colcon_core.package_identification:_identify(log) by extensions ['ignore', 'ignore_ament_install']
[6.837s] Level 1:colcon.colcon_core.package_identification:_identify(log) by extension 'ignore'
[6.837s] Level 1:colcon.colcon_core.package_identification:_identify(log) ignored
[6.837s] Level 1:colcon.colcon_core.package_identification:_identify(src) by extensions ['ignore', 'ignore_ament_install']
[6.837s] Level 1:colcon.colcon_core.package_identification:_identify(src) by extension 'ignore'
[6.837s] Level 1:colcon.colcon_core.package_identification:_identify(src) by extension 'ignore_ament_install'
[6.837s] Level 1:colcon.colcon_core.package_identification:_identify(src) by extensions ['colcon_pkg']
[6.837s] Level 1:colcon.colcon_core.package_identification:_identify(src) by extension 'colcon_pkg'
[6.837s] Level 1:colcon.colcon_core.package_identification:_identify(src) by extensions ['colcon_meta']
[6.837s] Level 1:colcon.colcon_core.package_identification:_identify(src) by extension 'colcon_meta'
[6.838s] Level 1:colcon.colcon_core.package_identification:_identify(src) by extensions ['ros']
[6.838s] Level 1:colcon.colcon_core.package_identification:_identify(src) by extension 'ros'
[6.838s] Level 1:colcon.colcon_core.package_identification:_identify(src) by extensions ['cmake', 'python']
[6.838s] Level 1:colcon.colcon_core.package_identification:_identify(src) by extension 'cmake'
[6.838s] Level 1:colcon.colcon_core.package_identification:_identify(src) by extension 'python'
[6.838s] Level 1:colcon.colcon_core.package_identification:_identify(src) by extensions ['python_setup_py']
[6.838s] Level 1:colcon.colcon_core.package_identification:_identify(src) by extension 'python_setup_py'
[6.838s] Level 1:colcon.colcon_core.package_identification:_identify(src/ROS-TCP-Endpoint) by extensions ['ignore', 'ignore_ament_install']
[6.838s] Level 1:colcon.colcon_core.package_identification:_identify(src/ROS-TCP-Endpoint) by extension 'ignore'
[6.838s] Level 1:colcon.colcon_core.package_identification:_identify(src/ROS-TCP-Endpoint) by extension 'ignore_ament_install'
[6.838s] Level 1:colcon.colcon_core.package_identification:_identify(src/ROS-TCP-Endpoint) by extensions ['colcon_pkg']
[6.838s] Level 1:colcon.colcon_core.package_identification:_identify(src/ROS-TCP-Endpoint) by extension 'colcon_pkg'
[6.838s] Level 1:colcon.colcon_core.package_identification:_identify(src/ROS-TCP-Endpoint) by extensions ['colcon_meta']
[6.838s] Level 1:colcon.colcon_core.package_identification:_identify(src/ROS-TCP-Endpoint) by extension 'colcon_meta'
[6.838s] Level 1:colcon.colcon_core.package_identification:_identify(src/ROS-TCP-Endpoint) by extensions ['ros']
[6.838s] Level 1:colcon.colcon_core.package_identification:_identify(src/ROS-TCP-Endpoint) by extension 'ros'
[6.840s] DEBUG:colcon.colcon_core.package_identification:Package 'src/ROS-TCP-Endpoint' with type 'ros.ament_python' and name 'ros_tcp_endpoint'
[6.841s] Level 1:colcon.colcon_core.package_identification:_identify(src/husky_tf_broadcaster) by extensions ['ignore', 'ignore_ament_install']
[6.841s] Level 1:colcon.colcon_core.package_identification:_identify(src/husky_tf_broadcaster) by extension 'ignore'
[6.841s] Level 1:colcon.colcon_core.package_identification:_identify(src/husky_tf_broadcaster) by extension 'ignore_ament_install'
[6.841s] Level 1:colcon.colcon_core.package_identification:_identify(src/husky_tf_broadcaster) by extensions ['colcon_pkg']
[6.841s] Level 1:colcon.colcon_core.package_identification:_identify(src/husky_tf_broadcaster) by extension 'colcon_pkg'
[6.841s] Level 1:colcon.colcon_core.package_identification:_identify(src/husky_tf_broadcaster) by extensions ['colcon_meta']
[6.841s] Level 1:colcon.colcon_core.package_identification:_identify(src/husky_tf_broadcaster) by extension 'colcon_meta'
[6.841s] Level 1:colcon.colcon_core.package_identification:_identify(src/husky_tf_broadcaster) by extensions ['ros']
[6.841s] Level 1:colcon.colcon_core.package_identification:_identify(src/husky_tf_broadcaster) by extension 'ros'
[6.842s] DEBUG:colcon.colcon_core.package_identification:Package 'src/husky_tf_broadcaster' with type 'ros.ament_cmake' and name 'husky_tf_broadcaster'
[6.842s] Level 1:colcon.colcon_core.package_discovery:discover_packages(recursive) using defaults
[6.842s] Level 1:colcon.colcon_core.package_discovery:discover_packages(ignore) discover
[6.842s] Level 1:colcon.colcon_core.package_discovery:discover_packages(ignore) using defaults
[6.842s] Level 1:colcon.colcon_core.package_discovery:discover_packages(path) discover
[6.842s] Level 1:colcon.colcon_core.package_discovery:discover_packages(path) using defaults
[7.436s] Level 1:colcon.colcon_core.package_discovery:discover_packages(prefix_path) check parameters
[7.436s] Level 1:colcon.colcon_core.package_discovery:discover_packages(prefix_path) discover
[7.666s] DEBUG:colcon.colcon_installed_package_information.package_discovery:Found 3 installed packages in /home/akyatha/colcon_ws/install
[7.783s] DEBUG:colcon.colcon_installed_package_information.package_discovery:Found 293 installed packages in /opt/ros/foxy
[7.784s] Level 1:colcon.colcon_core.package_discovery:discover_packages(prefix_path) using defaults
[8.070s] Level 5:colcon.colcon_core.verb:set package 'husky_tf_broadcaster' build argument 'cmake_args' from command line to 'None'
[8.070s] Level 5:colcon.colcon_core.verb:set package 'husky_tf_broadcaster' build argument 'cmake_target' from command line to 'None'
[8.070s] Level 5:colcon.colcon_core.verb:set package 'husky_tf_broadcaster' build argument 'cmake_target_skip_unavailable' from command line to 'False'
[8.070s] Level 5:colcon.colcon_core.verb:set package 'husky_tf_broadcaster' build argument 'cmake_clean_cache' from command line to 'False'
[8.070s] Level 5:colcon.colcon_core.verb:set package 'husky_tf_broadcaster' build argument 'cmake_clean_first' from command line to 'False'
[8.070s] Level 5:colcon.colcon_core.verb:set package 'husky_tf_broadcaster' build argument 'cmake_force_configure' from command line to 'False'
[8.070s] Level 5:colcon.colcon_core.verb:set package 'husky_tf_broadcaster' build argument 'ament_cmake_args' from command line to 'None'
[8.070s] Level 5:colcon.colcon_core.verb:set package 'husky_tf_broadcaster' build argument 'catkin_cmake_args' from command line to 'None'
[8.070s] Level 5:colcon.colcon_core.verb:set package 'husky_tf_broadcaster' build argument 'catkin_skip_building_tests' from command line to 'False'
[8.070s] DEBUG:colcon.colcon_core.verb:Building package 'husky_tf_broadcaster' with the following arguments: {'ament_cmake_args': None, 'build_base': '/home/akyatha/colcon_ws/build/husky_tf_broadcaster', 'catkin_cmake_args': None, 'catkin_skip_building_tests': False, 'cmake_args': None, 'cmake_clean_cache': False, 'cmake_clean_first': False, 'cmake_force_configure': False, 'cmake_target': None, 'cmake_target_skip_unavailable': False, 'install_base': '/home/akyatha/colcon_ws/install/husky_tf_broadcaster', 'merge_install': False, 'path': '/home/akyatha/colcon_ws/src/husky_tf_broadcaster', 'symlink_install': False, 'test_result_base': None}
[8.184s] Level 5:colcon.colcon_core.verb:set package 'ros_tcp_endpoint' build argument 'cmake_args' from command line to 'None'
[8.184s] Level 5:colcon.colcon_core.verb:set package 'ros_tcp_endpoint' build argument 'cmake_target' from command line to 'None'
[8.184s] Level 5:colcon.colcon_core.verb:set package 'ros_tcp_endpoint' build argument 'cmake_target_skip_unavailable' from command line to 'False'
[8.184s] Level 5:colcon.colcon_core.verb:set package 'ros_tcp_endpoint' build argument 'cmake_clean_cache' from command line to 'False'
[8.184s] Level 5:colcon.colcon_core.verb:set package 'ros_tcp_endpoint' build argument 'cmake_clean_first' from command line to 'False'
[8.184s] Level 5:colcon.colcon_core.verb:set package 'ros_tcp_endpoint' build argument 'cmake_force_configure' from command line to 'False'
[8.184s] Level 5:colcon.colcon_core.verb:set package 'ros_tcp_endpoint' build argument 'ament_cmake_args' from command line to 'None'
[8.184s] Level 5:colcon.colcon_core.verb:set package 'ros_tcp_endpoint' build argument 'catkin_cmake_args' from command line to 'None'
[8.184s] Level 5:colcon.colcon_core.verb:set package 'ros_tcp_endpoint' build argument 'catkin_skip_building_tests' from command line to 'False'
[8.184s] DEBUG:colcon.colcon_core.verb:Building package 'ros_tcp_endpoint' with the following arguments: {'ament_cmake_args': None, 'build_base': '/home/akyatha/colcon_ws/build/ros_tcp_endpoint', 'catkin_cmake_args': None, 'catkin_skip_building_tests': False, 'cmake_args': None, 'cmake_clean_cache': False, 'cmake_clean_first': False, 'cmake_force_configure': False, 'cmake_target': None, 'cmake_target_skip_unavailable': False, 'install_base': '/home/akyatha/colcon_ws/install/ros_tcp_endpoint', 'merge_install': False, 'path': '/home/akyatha/colcon_ws/src/ROS-TCP-Endpoint', 'symlink_install': False, 'test_result_base': None}
[8.299s] INFO:colcon.colcon_core.executor:Executing jobs using 'parallel' executor
[8.418s] DEBUG:colcon.colcon_parallel_executor.executor.parallel:run_until_complete
[8.419s] INFO:colcon.colcon_ros.task.ament_cmake.build:Building ROS package in '/home/akyatha/colcon_ws/src/husky_tf_broadcaster' with build type 'ament_cmake'
[8.419s] INFO:colcon.colcon_cmake.task.cmake.build:Building CMake package in '/home/akyatha/colcon_ws/src/husky_tf_broadcaster'
[8.540s] INFO:colcon.colcon_core.plugin_system:Skipping extension 'colcon_core.shell.bat': Not used on non-Windows systems
[8.540s] INFO:colcon.colcon_core.shell:Skip shell extension 'powershell' for command environment: Not usable outside of PowerShell
[8.540s] DEBUG:colcon.colcon_core.shell:Skip shell extension 'dsv' for command environment
[8.894s] INFO:colcon.colcon_ros.task.ament_python.build:Building ROS package in '/home/akyatha/colcon_ws/src/ROS-TCP-Endpoint' with build type 'ament_python'
[8.895s] Level 1:colcon.colcon_core.shell:create_environment_hook('ros_tcp_endpoint', 'ament_prefix_path')
[9.016s] INFO:colcon.colcon_core.shell:Creating environment hook '/home/akyatha/colcon_ws/install/ros_tcp_endpoint/share/ros_tcp_endpoint/hook/ament_prefix_path.ps1'
[9.017s] INFO:colcon.colcon_core.shell:Creating environment descriptor '/home/akyatha/colcon_ws/install/ros_tcp_endpoint/share/ros_tcp_endpoint/hook/ament_prefix_path.dsv'
[9.017s] INFO:colcon.colcon_core.shell:Creating environment hook '/home/akyatha/colcon_ws/install/ros_tcp_endpoint/share/ros_tcp_endpoint/hook/ament_prefix_path.sh'
[9.136s] INFO:colcon.colcon_core.shell:Skip shell extension 'powershell' for command environment: Not usable outside of PowerShell
[9.136s] DEBUG:colcon.colcon_core.shell:Skip shell extension 'dsv' for command environment
[9.500s] DEBUG:colcon.colcon_core.event_handler.log_command:Invoking command in '/home/akyatha/colcon_ws/build/husky_tf_broadcaster': CMAKE_PREFIX_PATH=${CMAKE_PREFIX_PATH}:/home/akyatha/colcon_ws/install/ros_tcp_endpoint:/opt/ros/foxy /usr/bin/cmake --build /home/akyatha/colcon_ws/build/husky_tf_broadcaster -- -j8 -l8
[9.711s] INFO:colcon.colcon_core.task.python.build:Building Python package in '/home/akyatha/colcon_ws/src/ROS-TCP-Endpoint'
[9.830s] INFO:colcon.colcon_core.shell:Skip shell extension 'powershell' for command environment: Not usable outside of PowerShell
[9.830s] DEBUG:colcon.colcon_core.shell:Skip shell extension 'dsv' for command environment
[10.860s] DEBUG:colcon.colcon_core.event_handler.log_command:Invoking command in '/home/akyatha/colcon_ws/src/ROS-TCP-Endpoint': PYTHONPATH=/home/akyatha/colcon_ws/build/ros_tcp_endpoint/prefix_override:/home/akyatha/colcon_ws/install/ros_tcp_endpoint/lib/python3.8/site-packages:${PYTHONPATH} /usr/bin/python3 setup.py egg_info --egg-base ../../build/ros_tcp_endpoint build --build-base /home/akyatha/colcon_ws/build/ros_tcp_endpoint/build install --record /home/akyatha/colcon_ws/build/ros_tcp_endpoint/install.log --install-scripts $base/lib/ros_tcp_endpoint --single-version-externally-managed
[11.404s] DEBUG:colcon.colcon_core.event_handler.log_command:Invoked command in '/home/akyatha/colcon_ws/src/ROS-TCP-Endpoint' returned '0': PYTHONPATH=/home/akyatha/colcon_ws/build/ros_tcp_endpoint/prefix_override:/home/akyatha/colcon_ws/install/ros_tcp_endpoint/lib/python3.8/site-packages:${PYTHONPATH} /usr/bin/python3 setup.py egg_info --egg-base ../../build/ros_tcp_endpoint build --build-base /home/akyatha/colcon_ws/build/ros_tcp_endpoint/build install --record /home/akyatha/colcon_ws/build/ros_tcp_endpoint/install.log --install-scripts $base/lib/ros_tcp_endpoint --single-version-externally-managed
[11.521s] Level 1:colcon.colcon_core.environment:checking '/home/akyatha/colcon_ws/install/ros_tcp_endpoint' for CMake module files
[11.522s] Level 1:colcon.colcon_core.environment:checking '/home/akyatha/colcon_ws/install/ros_tcp_endpoint' for CMake config files
[11.523s] Level 1:colcon.colcon_core.environment:checking '/home/akyatha/colcon_ws/install/ros_tcp_endpoint/lib'
[11.523s] Level 1:colcon.colcon_core.environment:checking '/home/akyatha/colcon_ws/install/ros_tcp_endpoint/bin'
[11.523s] Level 1:colcon.colcon_core.environment:checking '/home/akyatha/colcon_ws/install/ros_tcp_endpoint/lib/pkgconfig/ros_tcp_endpoint.pc'
[11.523s] Level 1:colcon.colcon_core.environment:checking '/home/akyatha/colcon_ws/install/ros_tcp_endpoint/lib/python3.8/site-packages'
[11.523s] Level 1:colcon.colcon_core.shell:create_environment_hook('ros_tcp_endpoint', 'pythonpath')
[11.642s] INFO:colcon.colcon_core.shell:Creating environment hook '/home/akyatha/colcon_ws/install/ros_tcp_endpoint/share/ros_tcp_endpoint/hook/pythonpath.ps1'
[11.642s] INFO:colcon.colcon_core.shell:Creating environment descriptor '/home/akyatha/colcon_ws/install/ros_tcp_endpoint/share/ros_tcp_endpoint/hook/pythonpath.dsv'
[11.643s] INFO:colcon.colcon_core.shell:Creating environment hook '/home/akyatha/colcon_ws/install/ros_tcp_endpoint/share/ros_tcp_endpoint/hook/pythonpath.sh'
[11.643s] Level 1:colcon.colcon_core.environment:checking '/home/akyatha/colcon_ws/install/ros_tcp_endpoint/bin'
[11.643s] Level 1:colcon.colcon_core.environment:create_environment_scripts_only(ros_tcp_endpoint)
[11.764s] INFO:colcon.colcon_core.shell:Creating package script '/home/akyatha/colcon_ws/install/ros_tcp_endpoint/share/ros_tcp_endpoint/package.ps1'
[11.764s] INFO:colcon.colcon_core.shell:Creating package descriptor '/home/akyatha/colcon_ws/install/ros_tcp_endpoint/share/ros_tcp_endpoint/package.dsv'
[11.765s] INFO:colcon.colcon_core.shell:Creating package script '/home/akyatha/colcon_ws/install/ros_tcp_endpoint/share/ros_tcp_endpoint/package.sh'
[11.766s] INFO:colcon.colcon_core.shell:Creating package script '/home/akyatha/colcon_ws/install/ros_tcp_endpoint/share/ros_tcp_endpoint/package.bash'
[11.766s] INFO:colcon.colcon_core.shell:Creating package script '/home/akyatha/colcon_ws/install/ros_tcp_endpoint/share/ros_tcp_endpoint/package.zsh'
[11.767s] Level 1:colcon.colcon_core.environment:create_file_with_runtime_dependencies(/home/akyatha/colcon_ws/install/ros_tcp_endpoint/share/colcon-core/packages/ros_tcp_endpoint)
[14.904s] DEBUG:colcon.colcon_core.event_handler.log_command:Invoked command in '/home/akyatha/colcon_ws/build/husky_tf_broadcaster' returned '0': CMAKE_PREFIX_PATH=${CMAKE_PREFIX_PATH}:/home/akyatha/colcon_ws/install/ros_tcp_endpoint:/opt/ros/foxy /usr/bin/cmake --build /home/akyatha/colcon_ws/build/husky_tf_broadcaster -- -j8 -l8
[14.937s] DEBUG:colcon.colcon_core.event_handler.log_command:Invoking command in '/home/akyatha/colcon_ws/build/husky_tf_broadcaster': CMAKE_PREFIX_PATH=${CMAKE_PREFIX_PATH}:/home/akyatha/colcon_ws/install/ros_tcp_endpoint:/opt/ros/foxy /usr/bin/cmake --install /home/akyatha/colcon_ws/build/husky_tf_broadcaster
[14.950s] Level 1:colcon.colcon_core.environment:create_environment_scripts_only(husky_tf_broadcaster)
[14.951s] DEBUG:colcon.colcon_core.event_handler.log_command:Invoked command in '/home/akyatha/colcon_ws/build/husky_tf_broadcaster' returned '0': CMAKE_PREFIX_PATH=${CMAKE_PREFIX_PATH}:/home/akyatha/colcon_ws/install/ros_tcp_endpoint:/opt/ros/foxy /usr/bin/cmake --install /home/akyatha/colcon_ws/build/husky_tf_broadcaster
[15.059s] Level 1:colcon.colcon_core.environment:checking '/home/akyatha/colcon_ws/install/husky_tf_broadcaster' for CMake module files
[15.060s] Level 1:colcon.colcon_core.environment:checking '/home/akyatha/colcon_ws/install/husky_tf_broadcaster' for CMake config files
[15.060s] Level 1:colcon.colcon_core.shell:create_environment_hook('husky_tf_broadcaster', 'cmake_prefix_path')
[15.177s] INFO:colcon.colcon_core.shell:Creating environment hook '/home/akyatha/colcon_ws/install/husky_tf_broadcaster/share/husky_tf_broadcaster/hook/cmake_prefix_path.ps1'
[15.178s] INFO:colcon.colcon_core.shell:Creating environment descriptor '/home/akyatha/colcon_ws/install/husky_tf_broadcaster/share/husky_tf_broadcaster/hook/cmake_prefix_path.dsv'
[15.178s] INFO:colcon.colcon_core.shell:Creating environment hook '/home/akyatha/colcon_ws/install/husky_tf_broadcaster/share/husky_tf_broadcaster/hook/cmake_prefix_path.sh'
[15.179s] Level 1:colcon.colcon_core.environment:checking '/home/akyatha/colcon_ws/install/husky_tf_broadcaster/lib'
[15.179s] Level 1:colcon.colcon_core.environment:checking '/home/akyatha/colcon_ws/install/husky_tf_broadcaster/bin'
[15.179s] Level 1:colcon.colcon_core.environment:checking '/home/akyatha/colcon_ws/install/husky_tf_broadcaster/lib/pkgconfig/husky_tf_broadcaster.pc'
[15.179s] Level 1:colcon.colcon_core.environment:checking '/home/akyatha/colcon_ws/install/husky_tf_broadcaster/lib/python3.8/site-packages'
[15.179s] Level 1:colcon.colcon_core.environment:checking '/home/akyatha/colcon_ws/install/husky_tf_broadcaster/bin'
[15.297s] INFO:colcon.colcon_core.shell:Creating package script '/home/akyatha/colcon_ws/install/husky_tf_broadcaster/share/husky_tf_broadcaster/package.ps1'
[15.298s] INFO:colcon.colcon_core.shell:Creating package descriptor '/home/akyatha/colcon_ws/install/husky_tf_broadcaster/share/husky_tf_broadcaster/package.dsv'
[15.298s] INFO:colcon.colcon_core.shell:Creating package script '/home/akyatha/colcon_ws/install/husky_tf_broadcaster/share/husky_tf_broadcaster/package.sh'
[15.298s] INFO:colcon.colcon_core.shell:Creating package script '/home/akyatha/colcon_ws/install/husky_tf_broadcaster/share/husky_tf_broadcaster/package.bash'
[15.299s] INFO:colcon.colcon_core.shell:Creating package script '/home/akyatha/colcon_ws/install/husky_tf_broadcaster/share/husky_tf_broadcaster/package.zsh'
[15.299s] Level 1:colcon.colcon_core.environment:create_file_with_runtime_dependencies(/home/akyatha/colcon_ws/install/husky_tf_broadcaster/share/colcon-core/packages/husky_tf_broadcaster)
[15.435s] Level 1:colcon.colcon_core.environment:create_environment_scripts_only(husky_tf_broadcaster)
[15.555s] Level 1:colcon.colcon_core.environment:checking '/home/akyatha/colcon_ws/install/husky_tf_broadcaster' for CMake module files
[15.555s] Level 1:colcon.colcon_core.environment:checking '/home/akyatha/colcon_ws/install/husky_tf_broadcaster' for CMake config files
[15.556s] Level 1:colcon.colcon_core.shell:create_environment_hook('husky_tf_broadcaster', 'cmake_prefix_path')
[15.676s] INFO:colcon.colcon_core.shell:Creating environment hook '/home/akyatha/colcon_ws/install/husky_tf_broadcaster/share/husky_tf_broadcaster/hook/cmake_prefix_path.ps1'
[15.676s] INFO:colcon.colcon_core.shell:Creating environment descriptor '/home/akyatha/colcon_ws/install/husky_tf_broadcaster/share/husky_tf_broadcaster/hook/cmake_prefix_path.dsv'
[15.677s] INFO:colcon.colcon_core.shell:Creating environment hook '/home/akyatha/colcon_ws/install/husky_tf_broadcaster/share/husky_tf_broadcaster/hook/cmake_prefix_path.sh'
[15.677s] Level 1:colcon.colcon_core.environment:checking '/home/akyatha/colcon_ws/install/husky_tf_broadcaster/lib'
[15.677s] Level 1:colcon.colcon_core.environment:checking '/home/akyatha/colcon_ws/install/husky_tf_broadcaster/bin'
[15.677s] Level 1:colcon.colcon_core.environment:checking '/home/akyatha/colcon_ws/install/husky_tf_broadcaster/lib/pkgconfig/husky_tf_broadcaster.pc'
[15.678s] Level 1:colcon.colcon_core.environment:checking '/home/akyatha/colcon_ws/install/husky_tf_broadcaster/lib/python3.8/site-packages'
[15.678s] Level 1:colcon.colcon_core.environment:checking '/home/akyatha/colcon_ws/install/husky_tf_broadcaster/bin'
[15.796s] INFO:colcon.colcon_core.shell:Creating package script '/home/akyatha/colcon_ws/install/husky_tf_broadcaster/share/husky_tf_broadcaster/package.ps1'
[15.796s] INFO:colcon.colcon_core.shell:Creating package descriptor '/home/akyatha/colcon_ws/install/husky_tf_broadcaster/share/husky_tf_broadcaster/package.dsv'
[15.797s] INFO:colcon.colcon_core.shell:Creating package script '/home/akyatha/colcon_ws/install/husky_tf_broadcaster/share/husky_tf_broadcaster/package.sh'
[15.797s] INFO:colcon.colcon_core.shell:Creating package script '/home/akyatha/colcon_ws/install/husky_tf_broadcaster/share/husky_tf_broadcaster/package.bash'
[15.798s] INFO:colcon.colcon_core.shell:Creating package script '/home/akyatha/colcon_ws/install/husky_tf_broadcaster/share/husky_tf_broadcaster/package.zsh'
[15.798s] Level 1:colcon.colcon_core.environment:create_file_with_runtime_dependencies(/home/akyatha/colcon_ws/install/husky_tf_broadcaster/share/colcon-core/packages/husky_tf_broadcaster)
[15.798s] DEBUG:colcon.colcon_parallel_executor.executor.parallel:closing loop
[15.799s] DEBUG:colcon.colcon_parallel_executor.executor.parallel:loop closed
[15.799s] DEBUG:colcon.colcon_parallel_executor.executor.parallel:run_until_complete finished with '0'
[15.799s] DEBUG:colcon.colcon_core.event_reactor:joining thread
[15.928s] INFO:colcon.colcon_core.plugin_system:Skipping extension 'colcon_notification.desktop_notification.terminal_notifier': Not used on non-Darwin systems
[15.928s] INFO:colcon.colcon_core.plugin_system:Skipping extension 'colcon_notification.desktop_notification.win32': Not used on non-Windows systems
[15.929s] INFO:colcon.colcon_notification.desktop_notification:Sending desktop notification using 'notify2'
[15.942s] DEBUG:colcon.colcon_core.event_reactor:joined thread
[16.058s] INFO:colcon.colcon_core.shell:Creating prefix script '/home/akyatha/colcon_ws/install/local_setup.ps1'
[16.059s] INFO:colcon.colcon_core.shell:Creating prefix util module '/home/akyatha/colcon_ws/install/_local_setup_util_ps1.py'
[16.060s] INFO:colcon.colcon_core.shell:Creating prefix chain script '/home/akyatha/colcon_ws/install/setup.ps1'
[16.178s] INFO:colcon.colcon_core.shell:Creating prefix script '/home/akyatha/colcon_ws/install/local_setup.sh'
[16.179s] INFO:colcon.colcon_core.shell:Creating prefix util module '/home/akyatha/colcon_ws/install/_local_setup_util_sh.py'
[16.179s] INFO:colcon.colcon_core.shell:Creating prefix chain script '/home/akyatha/colcon_ws/install/setup.sh'
[16.294s] INFO:colcon.colcon_core.shell:Creating prefix script '/home/akyatha/colcon_ws/install/local_setup.bash'
[16.295s] INFO:colcon.colcon_core.shell:Creating prefix chain script '/home/akyatha/colcon_ws/install/setup.bash'
[16.410s] INFO:colcon.colcon_core.shell:Creating prefix script '/home/akyatha/colcon_ws/install/local_setup.zsh'
[16.410s] INFO:colcon.colcon_core.shell:Creating prefix chain script '/home/akyatha/colcon_ws/install/setup.zsh'
