[13.610s] DEBUG:colcon:Command line arguments: ['/usr/bin/colcon', 'build']
[13.610s] DEBUG:colcon:Parsed command line arguments: Namespace(allow_overriding=[], ament_cmake_args=None, base_paths=['.'], build_base='build', catkin_cmake_args=None, catkin_skip_building_tests=False, cmake_args=None, cmake_clean_cache=False, cmake_clean_first=False, cmake_force_configure=False, cmake_target=None, cmake_target_skip_unavailable=False, continue_on_error=False, event_handlers=None, executor='parallel', ignore_user_meta=False, install_base='install', log_base=None, log_level=None, main=<bound method BuildVerb.main of <colcon_core.verb.build.BuildVerb object at 0x7fc2d82609a0>>, merge_install=False, metas=['./colcon.meta'], packages_above=None, packages_above_and_dependencies=None, packages_above_depth=None, packages_end=None, packages_ignore=None, packages_ignore_regex=None, packages_select=None, packages_select_build_failed=False, packages_select_by_dep=None, packages_select_regex=None, packages_select_test_failures=False, packages_skip=None, packages_skip_build_finished=False, packages_skip_by_dep=None, packages_skip_regex=None, packages_skip_test_passed=False, packages_skip_up_to=None, packages_start=None, packages_up_to=None, packages_up_to_regex=None, parallel_workers=8, paths=None, symlink_install=False, test_result_base=None, verb_extension=<colcon_core.verb.build.BuildVerb object at 0x7fc2d82609a0>, verb_name='build', verb_parser=<colcon_defaults.argument_parser.defaults.DefaultArgumentsDecorator object at 0x7fc2d7f6f9a0>)
[14.183s] Level 1:colcon.colcon_core.package_discovery:discover_packages(colcon_meta) check parameters
[14.183s] Level 1:colcon.colcon_core.package_discovery:discover_packages(recursive) check parameters
[14.183s] Level 1:colcon.colcon_core.package_discovery:discover_packages(ignore) check parameters
[14.184s] Level 1:colcon.colcon_core.package_discovery:discover_packages(path) check parameters
[14.184s] Level 1:colcon.colcon_core.package_discovery:discover_packages(colcon_meta) discover
[14.184s] Level 1:colcon.colcon_core.package_discovery:discover_packages(recursive) discover
[14.184s] INFO:colcon.colcon_core.package_discovery:Crawling recursively for packages in '/home/akyatha/colcon_ws'
[14.184s] Level 1:colcon.colcon_core.package_identification:_identify(.) by extensions ['ignore', 'ignore_ament_install']
[14.184s] Level 1:colcon.colcon_core.package_identification:_identify(.) by extension 'ignore'
[14.184s] Level 1:colcon.colcon_core.package_identification:_identify(.) by extension 'ignore_ament_install'
[14.184s] Level 1:colcon.colcon_core.package_identification:_identify(.) by extensions ['colcon_pkg']
[14.185s] Level 1:colcon.colcon_core.package_identification:_identify(.) by extension 'colcon_pkg'
[14.185s] Level 1:colcon.colcon_core.package_identification:_identify(.) by extensions ['colcon_meta']
[14.185s] Level 1:colcon.colcon_core.package_identification:_identify(.) by extension 'colcon_meta'
[14.185s] Level 1:colcon.colcon_core.package_identification:_identify(.) by extensions ['ros']
[14.185s] Level 1:colcon.colcon_core.package_identification:_identify(.) by extension 'ros'
[14.215s] Level 1:colcon.colcon_core.package_identification:_identify(.) by extensions ['cmake', 'python']
[14.215s] Level 1:colcon.colcon_core.package_identification:_identify(.) by extension 'cmake'
[14.215s] Level 1:colcon.colcon_core.package_identification:_identify(.) by extension 'python'
[14.215s] Level 1:colcon.colcon_core.package_identification:_identify(.) by extensions ['python_setup_py']
[14.215s] Level 1:colcon.colcon_core.package_identification:_identify(.) by extension 'python_setup_py'
[14.215s] Level 1:colcon.colcon_core.package_identification:_identify(build) by extensions ['ignore', 'ignore_ament_install']
[14.216s] Level 1:colcon.colcon_core.package_identification:_identify(build) by extension 'ignore'
[14.216s] Level 1:colcon.colcon_core.package_identification:_identify(build) ignored
[14.216s] Level 1:colcon.colcon_core.package_identification:_identify(install) by extensions ['ignore', 'ignore_ament_install']
[14.216s] Level 1:colcon.colcon_core.package_identification:_identify(install) by extension 'ignore'
[14.216s] Level 1:colcon.colcon_core.package_identification:_identify(install) ignored
[14.216s] Level 1:colcon.colcon_core.package_identification:_identify(log) by extensions ['ignore', 'ignore_ament_install']
[14.216s] Level 1:colcon.colcon_core.package_identification:_identify(log) by extension 'ignore'
[14.217s] Level 1:colcon.colcon_core.package_identification:_identify(log) ignored
[14.217s] Level 1:colcon.colcon_core.package_identification:_identify(src) by extensions ['ignore', 'ignore_ament_install']
[14.217s] Level 1:colcon.colcon_core.package_identification:_identify(src) by extension 'ignore'
[14.217s] Level 1:colcon.colcon_core.package_identification:_identify(src) by extension 'ignore_ament_install'
[14.217s] Level 1:colcon.colcon_core.package_identification:_identify(src) by extensions ['colcon_pkg']
[14.217s] Level 1:colcon.colcon_core.package_identification:_identify(src) by extension 'colcon_pkg'
[14.218s] Level 1:colcon.colcon_core.package_identification:_identify(src) by extensions ['colcon_meta']
[14.218s] Level 1:colcon.colcon_core.package_identification:_identify(src) by extension 'colcon_meta'
[14.218s] Level 1:colcon.colcon_core.package_identification:_identify(src) by extensions ['ros']
[14.218s] Level 1:colcon.colcon_core.package_identification:_identify(src) by extension 'ros'
[14.218s] Level 1:colcon.colcon_core.package_identification:_identify(src) by extensions ['cmake', 'python']
[14.218s] Level 1:colcon.colcon_core.package_identification:_identify(src) by extension 'cmake'
[14.218s] Level 1:colcon.colcon_core.package_identification:_identify(src) by extension 'python'
[14.219s] Level 1:colcon.colcon_core.package_identification:_identify(src) by extensions ['python_setup_py']
[14.219s] Level 1:colcon.colcon_core.package_identification:_identify(src) by extension 'python_setup_py'
[14.219s] Level 1:colcon.colcon_core.package_identification:_identify(src/ROS-TCP-Endpoint) by extensions ['ignore', 'ignore_ament_install']
[14.219s] Level 1:colcon.colcon_core.package_identification:_identify(src/ROS-TCP-Endpoint) by extension 'ignore'
[14.219s] Level 1:colcon.colcon_core.package_identification:_identify(src/ROS-TCP-Endpoint) by extension 'ignore_ament_install'
[14.219s] Level 1:colcon.colcon_core.package_identification:_identify(src/ROS-TCP-Endpoint) by extensions ['colcon_pkg']
[14.219s] Level 1:colcon.colcon_core.package_identification:_identify(src/ROS-TCP-Endpoint) by extension 'colcon_pkg'
[14.220s] Level 1:colcon.colcon_core.package_identification:_identify(src/ROS-TCP-Endpoint) by extensions ['colcon_meta']
[14.220s] Level 1:colcon.colcon_core.package_identification:_identify(src/ROS-TCP-Endpoint) by extension 'colcon_meta'
[14.220s] Level 1:colcon.colcon_core.package_identification:_identify(src/ROS-TCP-Endpoint) by extensions ['ros']
[14.220s] Level 1:colcon.colcon_core.package_identification:_identify(src/ROS-TCP-Endpoint) by extension 'ros'
[14.224s] DEBUG:colcon.colcon_core.package_identification:Package 'src/ROS-TCP-Endpoint' with type 'ros.ament_python' and name 'ros_tcp_endpoint'
[14.225s] Level 1:colcon.colcon_core.package_identification:_identify(src/husky_tf_broadcaster) by extensions ['ignore', 'ignore_ament_install']
[14.225s] Level 1:colcon.colcon_core.package_identification:_identify(src/husky_tf_broadcaster) by extension 'ignore'
[14.225s] Level 1:colcon.colcon_core.package_identification:_identify(src/husky_tf_broadcaster) by extension 'ignore_ament_install'
[14.225s] Level 1:colcon.colcon_core.package_identification:_identify(src/husky_tf_broadcaster) by extensions ['colcon_pkg']
[14.225s] Level 1:colcon.colcon_core.package_identification:_identify(src/husky_tf_broadcaster) by extension 'colcon_pkg'
[14.225s] Level 1:colcon.colcon_core.package_identification:_identify(src/husky_tf_broadcaster) by extensions ['colcon_meta']
[14.225s] Level 1:colcon.colcon_core.package_identification:_identify(src/husky_tf_broadcaster) by extension 'colcon_meta'
[14.225s] Level 1:colcon.colcon_core.package_identification:_identify(src/husky_tf_broadcaster) by extensions ['ros']
[14.225s] Level 1:colcon.colcon_core.package_identification:_identify(src/husky_tf_broadcaster) by extension 'ros'
[14.227s] DEBUG:colcon.colcon_core.package_identification:Package 'src/husky_tf_broadcaster' with type 'ros.ament_cmake' and name 'husky_tf_broadcaster'
[14.228s] Level 1:colcon.colcon_core.package_discovery:discover_packages(recursive) using defaults
[14.228s] Level 1:colcon.colcon_core.package_discovery:discover_packages(ignore) discover
[14.228s] Level 1:colcon.colcon_core.package_discovery:discover_packages(ignore) using defaults
[14.228s] Level 1:colcon.colcon_core.package_discovery:discover_packages(path) discover
[14.228s] Level 1:colcon.colcon_core.package_discovery:discover_packages(path) using defaults
[15.429s] Level 1:colcon.colcon_core.package_discovery:discover_packages(prefix_path) check parameters
[15.429s] Level 1:colcon.colcon_core.package_discovery:discover_packages(prefix_path) discover
[15.892s] DEBUG:colcon.colcon_installed_package_information.package_discovery:Found 3 installed packages in /home/akyatha/colcon_ws/install
[16.117s] DEBUG:colcon.colcon_installed_package_information.package_discovery:Found 293 installed packages in /opt/ros/foxy
[16.120s] Level 1:colcon.colcon_core.package_discovery:discover_packages(prefix_path) using defaults
[16.681s] Level 5:colcon.colcon_core.verb:set package 'husky_tf_broadcaster' build argument 'cmake_args' from command line to 'None'
[16.681s] Level 5:colcon.colcon_core.verb:set package 'husky_tf_broadcaster' build argument 'cmake_target' from command line to 'None'
[16.681s] Level 5:colcon.colcon_core.verb:set package 'husky_tf_broadcaster' build argument 'cmake_target_skip_unavailable' from command line to 'False'
[16.681s] Level 5:colcon.colcon_core.verb:set package 'husky_tf_broadcaster' build argument 'cmake_clean_cache' from command line to 'False'
[16.681s] Level 5:colcon.colcon_core.verb:set package 'husky_tf_broadcaster' build argument 'cmake_clean_first' from command line to 'False'
[16.681s] Level 5:colcon.colcon_core.verb:set package 'husky_tf_broadcaster' build argument 'cmake_force_configure' from command line to 'False'
[16.681s] Level 5:colcon.colcon_core.verb:set package 'husky_tf_broadcaster' build argument 'ament_cmake_args' from command line to 'None'
[16.681s] Level 5:colcon.colcon_core.verb:set package 'husky_tf_broadcaster' build argument 'catkin_cmake_args' from command line to 'None'
[16.681s] Level 5:colcon.colcon_core.verb:set package 'husky_tf_broadcaster' build argument 'catkin_skip_building_tests' from command line to 'False'
[16.681s] DEBUG:colcon.colcon_core.verb:Building package 'husky_tf_broadcaster' with the following arguments: {'ament_cmake_args': None, 'build_base': '/home/akyatha/colcon_ws/build/husky_tf_broadcaster', 'catkin_cmake_args': None, 'catkin_skip_building_tests': False, 'cmake_args': None, 'cmake_clean_cache': False, 'cmake_clean_first': False, 'cmake_force_configure': False, 'cmake_target': None, 'cmake_target_skip_unavailable': False, 'install_base': '/home/akyatha/colcon_ws/install/husky_tf_broadcaster', 'merge_install': False, 'path': '/home/akyatha/colcon_ws/src/husky_tf_broadcaster', 'symlink_install': False, 'test_result_base': None}
[16.906s] Level 5:colcon.colcon_core.verb:set package 'ros_tcp_endpoint' build argument 'cmake_args' from command line to 'None'
[16.906s] Level 5:colcon.colcon_core.verb:set package 'ros_tcp_endpoint' build argument 'cmake_target' from command line to 'None'
[16.907s] Level 5:colcon.colcon_core.verb:set package 'ros_tcp_endpoint' build argument 'cmake_target_skip_unavailable' from command line to 'False'
[16.907s] Level 5:colcon.colcon_core.verb:set package 'ros_tcp_endpoint' build argument 'cmake_clean_cache' from command line to 'False'
[16.907s] Level 5:colcon.colcon_core.verb:set package 'ros_tcp_endpoint' build argument 'cmake_clean_first' from command line to 'False'
[16.907s] Level 5:colcon.colcon_core.verb:set package 'ros_tcp_endpoint' build argument 'cmake_force_configure' from command line to 'False'
[16.907s] Level 5:colcon.colcon_core.verb:set package 'ros_tcp_endpoint' build argument 'ament_cmake_args' from command line to 'None'
[16.907s] Level 5:colcon.colcon_core.verb:set package 'ros_tcp_endpoint' build argument 'catkin_cmake_args' from command line to 'None'
[16.907s] Level 5:colcon.colcon_core.verb:set package 'ros_tcp_endpoint' build argument 'catkin_skip_building_tests' from command line to 'False'
[16.907s] DEBUG:colcon.colcon_core.verb:Building package 'ros_tcp_endpoint' with the following arguments: {'ament_cmake_args': None, 'build_base': '/home/akyatha/colcon_ws/build/ros_tcp_endpoint', 'catkin_cmake_args': None, 'catkin_skip_building_tests': False, 'cmake_args': None, 'cmake_clean_cache': False, 'cmake_clean_first': False, 'cmake_force_configure': False, 'cmake_target': None, 'cmake_target_skip_unavailable': False, 'install_base': '/home/akyatha/colcon_ws/install/ros_tcp_endpoint', 'merge_install': False, 'path': '/home/akyatha/colcon_ws/src/ROS-TCP-Endpoint', 'symlink_install': False, 'test_result_base': None}
[17.132s] INFO:colcon.colcon_core.executor:Executing jobs using 'parallel' executor
[17.364s] DEBUG:colcon.colcon_parallel_executor.executor.parallel:run_until_complete
[17.365s] INFO:colcon.colcon_ros.task.ament_cmake.build:Building ROS package in '/home/akyatha/colcon_ws/src/husky_tf_broadcaster' with build type 'ament_cmake'
[17.365s] INFO:colcon.colcon_cmake.task.cmake.build:Building CMake package in '/home/akyatha/colcon_ws/src/husky_tf_broadcaster'
[17.595s] INFO:colcon.colcon_core.plugin_system:Skipping extension 'colcon_core.shell.bat': Not used on non-Windows systems
[17.595s] INFO:colcon.colcon_core.shell:Skip shell extension 'powershell' for command environment: Not usable outside of PowerShell
[17.595s] DEBUG:colcon.colcon_core.shell:Skip shell extension 'dsv' for command environment
[18.302s] INFO:colcon.colcon_ros.task.ament_python.build:Building ROS package in '/home/akyatha/colcon_ws/src/ROS-TCP-Endpoint' with build type 'ament_python'
[18.303s] Level 1:colcon.colcon_core.shell:create_environment_hook('ros_tcp_endpoint', 'ament_prefix_path')
[18.555s] INFO:colcon.colcon_core.shell:Creating environment hook '/home/akyatha/colcon_ws/install/ros_tcp_endpoint/share/ros_tcp_endpoint/hook/ament_prefix_path.ps1'
[18.557s] INFO:colcon.colcon_core.shell:Creating environment descriptor '/home/akyatha/colcon_ws/install/ros_tcp_endpoint/share/ros_tcp_endpoint/hook/ament_prefix_path.dsv'
[18.558s] INFO:colcon.colcon_core.shell:Creating environment hook '/home/akyatha/colcon_ws/install/ros_tcp_endpoint/share/ros_tcp_endpoint/hook/ament_prefix_path.sh'
[18.817s] INFO:colcon.colcon_core.shell:Skip shell extension 'powershell' for command environment: Not usable outside of PowerShell
[18.817s] DEBUG:colcon.colcon_core.shell:Skip shell extension 'dsv' for command environment
[19.600s] DEBUG:colcon.colcon_core.event_handler.log_command:Invoking command in '/home/akyatha/colcon_ws/build/husky_tf_broadcaster': CMAKE_PREFIX_PATH=${CMAKE_PREFIX_PATH}:/home/akyatha/colcon_ws/install/ros_tcp_endpoint:/opt/ros/foxy /usr/bin/cmake --build /home/akyatha/colcon_ws/build/husky_tf_broadcaster -- -j8 -l8
[20.023s] INFO:colcon.colcon_core.task.python.build:Building Python package in '/home/akyatha/colcon_ws/src/ROS-TCP-Endpoint'
[20.266s] INFO:colcon.colcon_core.shell:Skip shell extension 'powershell' for command environment: Not usable outside of PowerShell
[20.266s] DEBUG:colcon.colcon_core.shell:Skip shell extension 'dsv' for command environment
[22.184s] DEBUG:colcon.colcon_core.event_handler.log_command:Invoking command in '/home/akyatha/colcon_ws/src/ROS-TCP-Endpoint': PYTHONPATH=/home/akyatha/colcon_ws/build/ros_tcp_endpoint/prefix_override:/home/akyatha/colcon_ws/install/ros_tcp_endpoint/lib/python3.8/site-packages:${PYTHONPATH} /usr/bin/python3 setup.py egg_info --egg-base ../../build/ros_tcp_endpoint build --build-base /home/akyatha/colcon_ws/build/ros_tcp_endpoint/build install --record /home/akyatha/colcon_ws/build/ros_tcp_endpoint/install.log --install-scripts $base/lib/ros_tcp_endpoint --single-version-externally-managed
[23.194s] DEBUG:colcon.colcon_core.event_handler.log_command:Invoked command in '/home/akyatha/colcon_ws/src/ROS-TCP-Endpoint' returned '0': PYTHONPATH=/home/akyatha/colcon_ws/build/ros_tcp_endpoint/prefix_override:/home/akyatha/colcon_ws/install/ros_tcp_endpoint/lib/python3.8/site-packages:${PYTHONPATH} /usr/bin/python3 setup.py egg_info --egg-base ../../build/ros_tcp_endpoint build --build-base /home/akyatha/colcon_ws/build/ros_tcp_endpoint/build install --record /home/akyatha/colcon_ws/build/ros_tcp_endpoint/install.log --install-scripts $base/lib/ros_tcp_endpoint --single-version-externally-managed
[23.425s] Level 1:colcon.colcon_core.environment:checking '/home/akyatha/colcon_ws/install/ros_tcp_endpoint' for CMake module files
[23.425s] Level 1:colcon.colcon_core.environment:checking '/home/akyatha/colcon_ws/install/ros_tcp_endpoint' for CMake config files
[23.427s] Level 1:colcon.colcon_core.environment:checking '/home/akyatha/colcon_ws/install/ros_tcp_endpoint/lib'
[23.427s] Level 1:colcon.colcon_core.environment:checking '/home/akyatha/colcon_ws/install/ros_tcp_endpoint/bin'
[23.427s] Level 1:colcon.colcon_core.environment:checking '/home/akyatha/colcon_ws/install/ros_tcp_endpoint/lib/pkgconfig/ros_tcp_endpoint.pc'
[23.428s] Level 1:colcon.colcon_core.environment:checking '/home/akyatha/colcon_ws/install/ros_tcp_endpoint/lib/python3.8/site-packages'
[23.428s] Level 1:colcon.colcon_core.shell:create_environment_hook('ros_tcp_endpoint', 'pythonpath')
[23.645s] INFO:colcon.colcon_core.shell:Creating environment hook '/home/akyatha/colcon_ws/install/ros_tcp_endpoint/share/ros_tcp_endpoint/hook/pythonpath.ps1'
[23.646s] INFO:colcon.colcon_core.shell:Creating environment descriptor '/home/akyatha/colcon_ws/install/ros_tcp_endpoint/share/ros_tcp_endpoint/hook/pythonpath.dsv'
[23.647s] INFO:colcon.colcon_core.shell:Creating environment hook '/home/akyatha/colcon_ws/install/ros_tcp_endpoint/share/ros_tcp_endpoint/hook/pythonpath.sh'
[23.648s] Level 1:colcon.colcon_core.environment:checking '/home/akyatha/colcon_ws/install/ros_tcp_endpoint/bin'
[23.648s] Level 1:colcon.colcon_core.environment:create_environment_scripts_only(ros_tcp_endpoint)
[23.871s] INFO:colcon.colcon_core.shell:Creating package script '/home/akyatha/colcon_ws/install/ros_tcp_endpoint/share/ros_tcp_endpoint/package.ps1'
[23.872s] INFO:colcon.colcon_core.shell:Creating package descriptor '/home/akyatha/colcon_ws/install/ros_tcp_endpoint/share/ros_tcp_endpoint/package.dsv'
[23.873s] INFO:colcon.colcon_core.shell:Creating package script '/home/akyatha/colcon_ws/install/ros_tcp_endpoint/share/ros_tcp_endpoint/package.sh'
[23.874s] INFO:colcon.colcon_core.shell:Creating package script '/home/akyatha/colcon_ws/install/ros_tcp_endpoint/share/ros_tcp_endpoint/package.bash'
[23.875s] INFO:colcon.colcon_core.shell:Creating package script '/home/akyatha/colcon_ws/install/ros_tcp_endpoint/share/ros_tcp_endpoint/package.zsh'
[23.876s] Level 1:colcon.colcon_core.environment:create_file_with_runtime_dependencies(/home/akyatha/colcon_ws/install/ros_tcp_endpoint/share/colcon-core/packages/ros_tcp_endpoint)
[29.752s] DEBUG:colcon.colcon_core.event_handler.log_command:Invoked command in '/home/akyatha/colcon_ws/build/husky_tf_broadcaster' returned '0': CMAKE_PREFIX_PATH=${CMAKE_PREFIX_PATH}:/home/akyatha/colcon_ws/install/ros_tcp_endpoint:/opt/ros/foxy /usr/bin/cmake --build /home/akyatha/colcon_ws/build/husky_tf_broadcaster -- -j8 -l8
[29.817s] DEBUG:colcon.colcon_core.event_handler.log_command:Invoking command in '/home/akyatha/colcon_ws/build/husky_tf_broadcaster': CMAKE_PREFIX_PATH=${CMAKE_PREFIX_PATH}:/home/akyatha/colcon_ws/install/ros_tcp_endpoint:/opt/ros/foxy /usr/bin/cmake --install /home/akyatha/colcon_ws/build/husky_tf_broadcaster
[29.843s] Level 1:colcon.colcon_core.environment:create_environment_scripts_only(husky_tf_broadcaster)
[29.844s] DEBUG:colcon.colcon_core.event_handler.log_command:Invoked command in '/home/akyatha/colcon_ws/build/husky_tf_broadcaster' returned '0': CMAKE_PREFIX_PATH=${CMAKE_PREFIX_PATH}:/home/akyatha/colcon_ws/install/ros_tcp_endpoint:/opt/ros/foxy /usr/bin/cmake --install /home/akyatha/colcon_ws/build/husky_tf_broadcaster
[30.065s] Level 1:colcon.colcon_core.environment:checking '/home/akyatha/colcon_ws/install/husky_tf_broadcaster' for CMake module files
[30.067s] Level 1:colcon.colcon_core.environment:checking '/home/akyatha/colcon_ws/install/husky_tf_broadcaster' for CMake config files
[30.068s] Level 1:colcon.colcon_core.shell:create_environment_hook('husky_tf_broadcaster', 'cmake_prefix_path')
[30.285s] INFO:colcon.colcon_core.shell:Creating environment hook '/home/akyatha/colcon_ws/install/husky_tf_broadcaster/share/husky_tf_broadcaster/hook/cmake_prefix_path.ps1'
[30.286s] INFO:colcon.colcon_core.shell:Creating environment descriptor '/home/akyatha/colcon_ws/install/husky_tf_broadcaster/share/husky_tf_broadcaster/hook/cmake_prefix_path.dsv'
[30.287s] INFO:colcon.colcon_core.shell:Creating environment hook '/home/akyatha/colcon_ws/install/husky_tf_broadcaster/share/husky_tf_broadcaster/hook/cmake_prefix_path.sh'
[30.288s] Level 1:colcon.colcon_core.environment:checking '/home/akyatha/colcon_ws/install/husky_tf_broadcaster/lib'
[30.289s] Level 1:colcon.colcon_core.environment:checking '/home/akyatha/colcon_ws/install/husky_tf_broadcaster/bin'
[30.289s] Level 1:colcon.colcon_core.environment:checking '/home/akyatha/colcon_ws/install/husky_tf_broadcaster/lib/pkgconfig/husky_tf_broadcaster.pc'
[30.290s] Level 1:colcon.colcon_core.environment:checking '/home/akyatha/colcon_ws/install/husky_tf_broadcaster/lib/python3.8/site-packages'
[30.290s] Level 1:colcon.colcon_core.environment:checking '/home/akyatha/colcon_ws/install/husky_tf_broadcaster/bin'
[30.530s] INFO:colcon.colcon_core.shell:Creating package script '/home/akyatha/colcon_ws/install/husky_tf_broadcaster/share/husky_tf_broadcaster/package.ps1'
[30.531s] INFO:colcon.colcon_core.shell:Creating package descriptor '/home/akyatha/colcon_ws/install/husky_tf_broadcaster/share/husky_tf_broadcaster/package.dsv'
[30.532s] INFO:colcon.colcon_core.shell:Creating package script '/home/akyatha/colcon_ws/install/husky_tf_broadcaster/share/husky_tf_broadcaster/package.sh'
[30.533s] INFO:colcon.colcon_core.shell:Creating package script '/home/akyatha/colcon_ws/install/husky_tf_broadcaster/share/husky_tf_broadcaster/package.bash'
[30.533s] INFO:colcon.colcon_core.shell:Creating package script '/home/akyatha/colcon_ws/install/husky_tf_broadcaster/share/husky_tf_broadcaster/package.zsh'
[30.534s] Level 1:colcon.colcon_core.environment:create_file_with_runtime_dependencies(/home/akyatha/colcon_ws/install/husky_tf_broadcaster/share/colcon-core/packages/husky_tf_broadcaster)
[30.832s] Level 1:colcon.colcon_core.environment:create_environment_scripts_only(husky_tf_broadcaster)
[31.069s] Level 1:colcon.colcon_core.environment:checking '/home/akyatha/colcon_ws/install/husky_tf_broadcaster' for CMake module files
[31.070s] Level 1:colcon.colcon_core.environment:checking '/home/akyatha/colcon_ws/install/husky_tf_broadcaster' for CMake config files
[31.070s] Level 1:colcon.colcon_core.shell:create_environment_hook('husky_tf_broadcaster', 'cmake_prefix_path')
[31.296s] INFO:colcon.colcon_core.shell:Creating environment hook '/home/akyatha/colcon_ws/install/husky_tf_broadcaster/share/husky_tf_broadcaster/hook/cmake_prefix_path.ps1'
[31.297s] INFO:colcon.colcon_core.shell:Creating environment descriptor '/home/akyatha/colcon_ws/install/husky_tf_broadcaster/share/husky_tf_broadcaster/hook/cmake_prefix_path.dsv'
[31.298s] INFO:colcon.colcon_core.shell:Creating environment hook '/home/akyatha/colcon_ws/install/husky_tf_broadcaster/share/husky_tf_broadcaster/hook/cmake_prefix_path.sh'
[31.299s] Level 1:colcon.colcon_core.environment:checking '/home/akyatha/colcon_ws/install/husky_tf_broadcaster/lib'
[31.300s] Level 1:colcon.colcon_core.environment:checking '/home/akyatha/colcon_ws/install/husky_tf_broadcaster/bin'
[31.300s] Level 1:colcon.colcon_core.environment:checking '/home/akyatha/colcon_ws/install/husky_tf_broadcaster/lib/pkgconfig/husky_tf_broadcaster.pc'
[31.301s] Level 1:colcon.colcon_core.environment:checking '/home/akyatha/colcon_ws/install/husky_tf_broadcaster/lib/python3.8/site-packages'
[31.301s] Level 1:colcon.colcon_core.environment:checking '/home/akyatha/colcon_ws/install/husky_tf_broadcaster/bin'
[31.518s] INFO:colcon.colcon_core.shell:Creating package script '/home/akyatha/colcon_ws/install/husky_tf_broadcaster/share/husky_tf_broadcaster/package.ps1'
[31.519s] INFO:colcon.colcon_core.shell:Creating package descriptor '/home/akyatha/colcon_ws/install/husky_tf_broadcaster/share/husky_tf_broadcaster/package.dsv'
[31.519s] INFO:colcon.colcon_core.shell:Creating package script '/home/akyatha/colcon_ws/install/husky_tf_broadcaster/share/husky_tf_broadcaster/package.sh'
[31.520s] INFO:colcon.colcon_core.shell:Creating package script '/home/akyatha/colcon_ws/install/husky_tf_broadcaster/share/husky_tf_broadcaster/package.bash'
[31.521s] INFO:colcon.colcon_core.shell:Creating package script '/home/akyatha/colcon_ws/install/husky_tf_broadcaster/share/husky_tf_broadcaster/package.zsh'
[31.521s] Level 1:colcon.colcon_core.environment:create_file_with_runtime_dependencies(/home/akyatha/colcon_ws/install/husky_tf_broadcaster/share/colcon-core/packages/husky_tf_broadcaster)
[31.522s] DEBUG:colcon.colcon_parallel_executor.executor.parallel:closing loop
[31.522s] DEBUG:colcon.colcon_parallel_executor.executor.parallel:loop closed
[31.522s] DEBUG:colcon.colcon_parallel_executor.executor.parallel:run_until_complete finished with '0'
[31.522s] DEBUG:colcon.colcon_core.event_reactor:joining thread
[31.771s] INFO:colcon.colcon_core.plugin_system:Skipping extension 'colcon_notification.desktop_notification.terminal_notifier': Not used on non-Darwin systems
[31.772s] INFO:colcon.colcon_core.plugin_system:Skipping extension 'colcon_notification.desktop_notification.win32': Not used on non-Windows systems
[31.772s] INFO:colcon.colcon_notification.desktop_notification:Sending desktop notification using 'notify2'
[31.796s] DEBUG:colcon.colcon_core.event_reactor:joined thread
[32.034s] INFO:colcon.colcon_core.shell:Creating prefix script '/home/akyatha/colcon_ws/install/local_setup.ps1'
[32.036s] INFO:colcon.colcon_core.shell:Creating prefix util module '/home/akyatha/colcon_ws/install/_local_setup_util_ps1.py'
[32.038s] INFO:colcon.colcon_core.shell:Creating prefix chain script '/home/akyatha/colcon_ws/install/setup.ps1'
[32.266s] INFO:colcon.colcon_core.shell:Creating prefix script '/home/akyatha/colcon_ws/install/local_setup.sh'
[32.267s] INFO:colcon.colcon_core.shell:Creating prefix util module '/home/akyatha/colcon_ws/install/_local_setup_util_sh.py'
[32.267s] INFO:colcon.colcon_core.shell:Creating prefix chain script '/home/akyatha/colcon_ws/install/setup.sh'
[32.497s] INFO:colcon.colcon_core.shell:Creating prefix script '/home/akyatha/colcon_ws/install/local_setup.bash'
[32.498s] INFO:colcon.colcon_core.shell:Creating prefix chain script '/home/akyatha/colcon_ws/install/setup.bash'
[32.725s] INFO:colcon.colcon_core.shell:Creating prefix script '/home/akyatha/colcon_ws/install/local_setup.zsh'
[32.726s] INFO:colcon.colcon_core.shell:Creating prefix chain script '/home/akyatha/colcon_ws/install/setup.zsh'
