Performing C SOURCE FILE Test CMAKE_HAVE_LIBC_PTHREAD failed with the following output:
Change Dir: /home/akyatha/colcon_ws/build/husky_tf_broadcaster/CMakeFiles/CMakeTmp

Run Build Command(s):/usr/bin/make cmTC_37350/fast && /usr/bin/make -f CMakeFiles/cmTC_37350.dir/build.make CMakeFiles/cmTC_37350.dir/build
make[1]: Entering directory '/home/akyatha/colcon_ws/build/husky_tf_broadcaster/CMakeFiles/CMakeTmp'
Building C object CMakeFiles/cmTC_37350.dir/src.c.o
/usr/bin/cc   -DCMAKE_HAVE_LIBC_PTHREAD   -o CMakeFiles/cmTC_37350.dir/src.c.o   -c /home/akyatha/colcon_ws/build/husky_tf_broadcaster/CMakeFiles/CMakeTmp/src.c
Linking C executable cmTC_37350
/usr/bin/cmake -E cmake_link_script CMakeFiles/cmTC_37350.dir/link.txt --verbose=1
/usr/bin/cc  -DCMAKE_HAVE_LIBC_PTHREAD    CMakeFiles/cmTC_37350.dir/src.c.o  -o cmTC_37350 
/usr/bin/ld: CMakeFiles/cmTC_37350.dir/src.c.o: in function `main':
src.c:(.text+0x46): undefined reference to `pthread_create'
/usr/bin/ld: src.c:(.text+0x52): undefined reference to `pthread_detach'
/usr/bin/ld: src.c:(.text+0x63): undefined reference to `pthread_join'
collect2: error: ld returned 1 exit status
make[1]: *** [CMakeFiles/cmTC_37350.dir/build.make:87: cmTC_37350] Error 1
make[1]: Leaving directory '/home/akyatha/colcon_ws/build/husky_tf_broadcaster/CMakeFiles/CMakeTmp'
make: *** [Makefile:121: cmTC_37350/fast] Error 2


Source file was:
#include <pthread.h>

void* test_func(void* data)
{
  return data;
}

int main(void)
{
  pthread_t thread;
  pthread_create(&thread, NULL, test_func, NULL);
  pthread_detach(thread);
  pthread_join(thread, NULL);
  pthread_atfork(NULL, NULL, NULL);
  pthread_exit(NULL);

  return 0;
}

Determining if the function pthread_create exists in the pthreads failed with the following output:
Change Dir: /home/akyatha/colcon_ws/build/husky_tf_broadcaster/CMakeFiles/CMakeTmp

Run Build Command(s):/usr/bin/make cmTC_219d1/fast && /usr/bin/make -f CMakeFiles/cmTC_219d1.dir/build.make CMakeFiles/cmTC_219d1.dir/build
make[1]: Entering directory '/home/akyatha/colcon_ws/build/husky_tf_broadcaster/CMakeFiles/CMakeTmp'
Building C object CMakeFiles/cmTC_219d1.dir/CheckFunctionExists.c.o
/usr/bin/cc   -DCHECK_FUNCTION_EXISTS=pthread_create   -o CMakeFiles/cmTC_219d1.dir/CheckFunctionExists.c.o   -c /usr/share/cmake-3.16/Modules/CheckFunctionExists.c
Linking C executable cmTC_219d1
/usr/bin/cmake -E cmake_link_script CMakeFiles/cmTC_219d1.dir/link.txt --verbose=1
/usr/bin/cc  -DCHECK_FUNCTION_EXISTS=pthread_create    CMakeFiles/cmTC_219d1.dir/CheckFunctionExists.c.o  -o cmTC_219d1  -lpthreads 
/usr/bin/ld: cannot find -lpthreads
collect2: error: ld returned 1 exit status
make[1]: *** [CMakeFiles/cmTC_219d1.dir/build.make:87: cmTC_219d1] Error 1
make[1]: Leaving directory '/home/akyatha/colcon_ws/build/husky_tf_broadcaster/CMakeFiles/CMakeTmp'
make: *** [Makefile:121: cmTC_219d1/fast] Error 2



Performing C SOURCE FILE Test CMAKE_HAVE_LIBC_PTHREAD failed with the following output:
Change Dir: /home/akyatha/colcon_ws/build/husky_tf_broadcaster/CMakeFiles/CMakeTmp

Run Build Command(s):/usr/bin/make cmTC_02882/fast && /usr/bin/make -f CMakeFiles/cmTC_02882.dir/build.make CMakeFiles/cmTC_02882.dir/build
make[1]: Entering directory '/home/akyatha/colcon_ws/build/husky_tf_broadcaster/CMakeFiles/CMakeTmp'
Building C object CMakeFiles/cmTC_02882.dir/src.c.o
/usr/bin/cc   -DCMAKE_HAVE_LIBC_PTHREAD   -o CMakeFiles/cmTC_02882.dir/src.c.o   -c /home/akyatha/colcon_ws/build/husky_tf_broadcaster/CMakeFiles/CMakeTmp/src.c
Linking C executable cmTC_02882
/usr/bin/cmake -E cmake_link_script CMakeFiles/cmTC_02882.dir/link.txt --verbose=1
/usr/bin/cc  -DCMAKE_HAVE_LIBC_PTHREAD    CMakeFiles/cmTC_02882.dir/src.c.o  -o cmTC_02882 
/usr/bin/ld: CMakeFiles/cmTC_02882.dir/src.c.o: in function `main':
src.c:(.text+0x46): undefined reference to `pthread_create'
/usr/bin/ld: src.c:(.text+0x52): undefined reference to `pthread_detach'
/usr/bin/ld: src.c:(.text+0x63): undefined reference to `pthread_join'
collect2: error: ld returned 1 exit status
make[1]: *** [CMakeFiles/cmTC_02882.dir/build.make:87: cmTC_02882] Error 1
make[1]: Leaving directory '/home/akyatha/colcon_ws/build/husky_tf_broadcaster/CMakeFiles/CMakeTmp'
make: *** [Makefile:121: cmTC_02882/fast] Error 2


Source file was:
#include <pthread.h>

void* test_func(void* data)
{
  return data;
}

int main(void)
{
  pthread_t thread;
  pthread_create(&thread, NULL, test_func, NULL);
  pthread_detach(thread);
  pthread_join(thread, NULL);
  pthread_atfork(NULL, NULL, NULL);
  pthread_exit(NULL);

  return 0;
}

Determining if the function pthread_create exists in the pthreads failed with the following output:
Change Dir: /home/akyatha/colcon_ws/build/husky_tf_broadcaster/CMakeFiles/CMakeTmp

Run Build Command(s):/usr/bin/make cmTC_70842/fast && /usr/bin/make -f CMakeFiles/cmTC_70842.dir/build.make CMakeFiles/cmTC_70842.dir/build
make[1]: Entering directory '/home/akyatha/colcon_ws/build/husky_tf_broadcaster/CMakeFiles/CMakeTmp'
Building C object CMakeFiles/cmTC_70842.dir/CheckFunctionExists.c.o
/usr/bin/cc   -DCHECK_FUNCTION_EXISTS=pthread_create   -o CMakeFiles/cmTC_70842.dir/CheckFunctionExists.c.o   -c /usr/share/cmake-3.16/Modules/CheckFunctionExists.c
Linking C executable cmTC_70842
/usr/bin/cmake -E cmake_link_script CMakeFiles/cmTC_70842.dir/link.txt --verbose=1
/usr/bin/cc  -DCHECK_FUNCTION_EXISTS=pthread_create    CMakeFiles/cmTC_70842.dir/CheckFunctionExists.c.o  -o cmTC_70842  -lpthreads 
/usr/bin/ld: cannot find -lpthreads
collect2: error: ld returned 1 exit status
make[1]: *** [CMakeFiles/cmTC_70842.dir/build.make:87: cmTC_70842] Error 1
make[1]: Leaving directory '/home/akyatha/colcon_ws/build/husky_tf_broadcaster/CMakeFiles/CMakeTmp'
make: *** [Makefile:121: cmTC_70842/fast] Error 2



