[1.230s] Invoking command in '/home/akyatha/colcon_ws/build/husky_tf_broadcaster': CMAKE_PREFIX_PATH=${CMAKE_PREFIX_PATH}:/home/akyatha/colcon_ws/install/ros_tcp_endpoint:/opt/ros/foxy /usr/bin/cmake --build /home/akyatha/colcon_ws/build/husky_tf_broadcaster -- -j8 -l8
[1.277s] [35m[1mScanning dependencies of target husky_tf_broadcaster[0m
[1.312s] [ 50%] [32mBuilding CXX object CMakeFiles/husky_tf_broadcaster.dir/src/husky_tf_broadcaster.cpp.o[0m
[7.219s] [100%] [32m[1mLinking CXX executable husky_tf_broadcaster[0m
[7.546s] [100%] Built target husky_tf_broadcaster
[7.557s] Invoked command in '/home/akyatha/colcon_ws/build/husky_tf_broadcaster' returned '0': CMAKE_PREFIX_PATH=${CMAKE_PREFIX_PATH}:/home/akyatha/colcon_ws/install/ros_tcp_endpoint:/opt/ros/foxy /usr/bin/cmake --build /home/akyatha/colcon_ws/build/husky_tf_broadcaster -- -j8 -l8
[7.591s] Invoking command in '/home/akyatha/colcon_ws/build/husky_tf_broadcaster': CMAKE_PREFIX_PATH=${CMAKE_PREFIX_PATH}:/home/akyatha/colcon_ws/install/ros_tcp_endpoint:/opt/ros/foxy /usr/bin/cmake --install /home/akyatha/colcon_ws/build/husky_tf_broadcaster
[7.600s] -- Install configuration: ""
[7.600s] -- Installing: /home/akyatha/colcon_ws/install/husky_tf_broadcaster/lib/husky_tf_broadcaster/husky_tf_broadcaster
[7.602s] -- Set runtime path of "/home/akyatha/colcon_ws/install/husky_tf_broadcaster/lib/husky_tf_broadcaster/husky_tf_broadcaster" to ""
[7.603s] -- Up-to-date: /home/akyatha/colcon_ws/install/husky_tf_broadcaster/share/husky_tf_broadcaster/launch
[7.603s] -- Up-to-date: /home/akyatha/colcon_ws/install/husky_tf_broadcaster/share/husky_tf_broadcaster/launch/tf2_tranforms.launch.xml
[7.603s] -- Up-to-date: /home/akyatha/colcon_ws/install/husky_tf_broadcaster/share/ament_index/resource_index/package_run_dependencies/husky_tf_broadcaster
[7.603s] -- Up-to-date: /home/akyatha/colcon_ws/install/husky_tf_broadcaster/share/ament_index/resource_index/parent_prefix_path/husky_tf_broadcaster
[7.603s] -- Up-to-date: /home/akyatha/colcon_ws/install/husky_tf_broadcaster/share/husky_tf_broadcaster/environment/ament_prefix_path.sh
[7.603s] -- Up-to-date: /home/akyatha/colcon_ws/install/husky_tf_broadcaster/share/husky_tf_broadcaster/environment/ament_prefix_path.dsv
[7.604s] -- Up-to-date: /home/akyatha/colcon_ws/install/husky_tf_broadcaster/share/husky_tf_broadcaster/environment/path.sh
[7.604s] -- Up-to-date: /home/akyatha/colcon_ws/install/husky_tf_broadcaster/share/husky_tf_broadcaster/environment/path.dsv
[7.604s] -- Up-to-date: /home/akyatha/colcon_ws/install/husky_tf_broadcaster/share/husky_tf_broadcaster/local_setup.bash
[7.604s] -- Up-to-date: /home/akyatha/colcon_ws/install/husky_tf_broadcaster/share/husky_tf_broadcaster/local_setup.sh
[7.604s] -- Up-to-date: /home/akyatha/colcon_ws/install/husky_tf_broadcaster/share/husky_tf_broadcaster/local_setup.zsh
[7.604s] -- Up-to-date: /home/akyatha/colcon_ws/install/husky_tf_broadcaster/share/husky_tf_broadcaster/local_setup.dsv
[7.604s] -- Installing: /home/akyatha/colcon_ws/install/husky_tf_broadcaster/share/husky_tf_broadcaster/package.dsv
[7.604s] -- Up-to-date: /home/akyatha/colcon_ws/install/husky_tf_broadcaster/share/ament_index/resource_index/packages/husky_tf_broadcaster
[7.605s] -- Up-to-date: /home/akyatha/colcon_ws/install/husky_tf_broadcaster/share/husky_tf_broadcaster/cmake/husky_tf_broadcasterConfig.cmake
[7.605s] -- Up-to-date: /home/akyatha/colcon_ws/install/husky_tf_broadcaster/share/husky_tf_broadcaster/cmake/husky_tf_broadcasterConfig-version.cmake
[7.606s] -- Up-to-date: /home/akyatha/colcon_ws/install/husky_tf_broadcaster/share/husky_tf_broadcaster/package.xml
[7.606s] Invoked command in '/home/akyatha/colcon_ws/build/husky_tf_broadcaster' returned '0': CMAKE_PREFIX_PATH=${CMAKE_PREFIX_PATH}:/home/akyatha/colcon_ws/install/ros_tcp_endpoint:/opt/ros/foxy /usr/bin/cmake --install /home/akyatha/colcon_ws/build/husky_tf_broadcaster
