Performing C SOURCE FILE Test CMAKE_HAVE_LIBC_PTHREAD failed with the following output:
Change Dir: /home/akyatha/colcon_ws/build/husky_rycsv/CMakeFiles/CMakeTmp

Run Build Command(s):/usr/bin/make cmTC_2b736/fast && /usr/bin/make -f CMakeFiles/cmTC_2b736.dir/build.make CMakeFiles/cmTC_2b736.dir/build
make[1]: Entering directory '/home/akyatha/colcon_ws/build/husky_rycsv/CMakeFiles/CMakeTmp'
Building C object CMakeFiles/cmTC_2b736.dir/src.c.o
/usr/bin/cc   -DCMAKE_HAVE_LIBC_PTHREAD   -o CMakeFiles/cmTC_2b736.dir/src.c.o   -c /home/akyatha/colcon_ws/build/husky_rycsv/CMakeFiles/CMakeTmp/src.c
Linking C executable cmTC_2b736
/usr/bin/cmake -E cmake_link_script CMakeFiles/cmTC_2b736.dir/link.txt --verbose=1
/usr/bin/cc  -DCMAKE_HAVE_LIBC_PTHREAD    CMakeFiles/cmTC_2b736.dir/src.c.o  -o cmTC_2b736 
/usr/bin/ld: CMakeFiles/cmTC_2b736.dir/src.c.o: in function `main':
src.c:(.text+0x46): undefined reference to `pthread_create'
/usr/bin/ld: src.c:(.text+0x52): undefined reference to `pthread_detach'
/usr/bin/ld: src.c:(.text+0x63): undefined reference to `pthread_join'
collect2: error: ld returned 1 exit status
make[1]: *** [CMakeFiles/cmTC_2b736.dir/build.make:87: cmTC_2b736] Error 1
make[1]: Leaving directory '/home/akyatha/colcon_ws/build/husky_rycsv/CMakeFiles/CMakeTmp'
make: *** [Makefile:121: cmTC_2b736/fast] Error 2


Source file was:
#include <pthread.h>

void* test_func(void* data)
{
  return data;
}

int main(void)
{
  pthread_t thread;
  pthread_create(&thread, NULL, test_func, NULL);
  pthread_detach(thread);
  pthread_join(thread, NULL);
  pthread_atfork(NULL, NULL, NULL);
  pthread_exit(NULL);

  return 0;
}

Determining if the function pthread_create exists in the pthreads failed with the following output:
Change Dir: /home/akyatha/colcon_ws/build/husky_rycsv/CMakeFiles/CMakeTmp

Run Build Command(s):/usr/bin/make cmTC_64829/fast && /usr/bin/make -f CMakeFiles/cmTC_64829.dir/build.make CMakeFiles/cmTC_64829.dir/build
make[1]: Entering directory '/home/akyatha/colcon_ws/build/husky_rycsv/CMakeFiles/CMakeTmp'
Building C object CMakeFiles/cmTC_64829.dir/CheckFunctionExists.c.o
/usr/bin/cc   -DCHECK_FUNCTION_EXISTS=pthread_create   -o CMakeFiles/cmTC_64829.dir/CheckFunctionExists.c.o   -c /usr/share/cmake-3.16/Modules/CheckFunctionExists.c
Linking C executable cmTC_64829
/usr/bin/cmake -E cmake_link_script CMakeFiles/cmTC_64829.dir/link.txt --verbose=1
/usr/bin/cc  -DCHECK_FUNCTION_EXISTS=pthread_create    CMakeFiles/cmTC_64829.dir/CheckFunctionExists.c.o  -o cmTC_64829  -lpthreads 
/usr/bin/ld: cannot find -lpthreads
collect2: error: ld returned 1 exit status
make[1]: *** [CMakeFiles/cmTC_64829.dir/build.make:87: cmTC_64829] Error 1
make[1]: Leaving directory '/home/akyatha/colcon_ws/build/husky_rycsv/CMakeFiles/CMakeTmp'
make: *** [Makefile:121: cmTC_64829/fast] Error 2



Performing C SOURCE FILE Test CMAKE_HAVE_LIBC_PTHREAD failed with the following output:
Change Dir: /home/akyatha/colcon_ws/build/husky_rycsv/CMakeFiles/CMakeTmp

Run Build Command(s):/usr/bin/make cmTC_63881/fast && /usr/bin/make -f CMakeFiles/cmTC_63881.dir/build.make CMakeFiles/cmTC_63881.dir/build
make[1]: Entering directory '/home/akyatha/colcon_ws/build/husky_rycsv/CMakeFiles/CMakeTmp'
Building C object CMakeFiles/cmTC_63881.dir/src.c.o
/usr/bin/cc   -DCMAKE_HAVE_LIBC_PTHREAD   -o CMakeFiles/cmTC_63881.dir/src.c.o   -c /home/akyatha/colcon_ws/build/husky_rycsv/CMakeFiles/CMakeTmp/src.c
Linking C executable cmTC_63881
/usr/bin/cmake -E cmake_link_script CMakeFiles/cmTC_63881.dir/link.txt --verbose=1
/usr/bin/cc  -DCMAKE_HAVE_LIBC_PTHREAD    CMakeFiles/cmTC_63881.dir/src.c.o  -o cmTC_63881 
/usr/bin/ld: CMakeFiles/cmTC_63881.dir/src.c.o: in function `main':
src.c:(.text+0x46): undefined reference to `pthread_create'
/usr/bin/ld: src.c:(.text+0x52): undefined reference to `pthread_detach'
/usr/bin/ld: src.c:(.text+0x63): undefined reference to `pthread_join'
collect2: error: ld returned 1 exit status
make[1]: *** [CMakeFiles/cmTC_63881.dir/build.make:87: cmTC_63881] Error 1
make[1]: Leaving directory '/home/akyatha/colcon_ws/build/husky_rycsv/CMakeFiles/CMakeTmp'
make: *** [Makefile:121: cmTC_63881/fast] Error 2


Source file was:
#include <pthread.h>

void* test_func(void* data)
{
  return data;
}

int main(void)
{
  pthread_t thread;
  pthread_create(&thread, NULL, test_func, NULL);
  pthread_detach(thread);
  pthread_join(thread, NULL);
  pthread_atfork(NULL, NULL, NULL);
  pthread_exit(NULL);

  return 0;
}

Determining if the function pthread_create exists in the pthreads failed with the following output:
Change Dir: /home/akyatha/colcon_ws/build/husky_rycsv/CMakeFiles/CMakeTmp

Run Build Command(s):/usr/bin/make cmTC_a6d36/fast && /usr/bin/make -f CMakeFiles/cmTC_a6d36.dir/build.make CMakeFiles/cmTC_a6d36.dir/build
make[1]: Entering directory '/home/akyatha/colcon_ws/build/husky_rycsv/CMakeFiles/CMakeTmp'
Building C object CMakeFiles/cmTC_a6d36.dir/CheckFunctionExists.c.o
/usr/bin/cc   -DCHECK_FUNCTION_EXISTS=pthread_create   -o CMakeFiles/cmTC_a6d36.dir/CheckFunctionExists.c.o   -c /usr/share/cmake-3.16/Modules/CheckFunctionExists.c
Linking C executable cmTC_a6d36
/usr/bin/cmake -E cmake_link_script CMakeFiles/cmTC_a6d36.dir/link.txt --verbose=1
/usr/bin/cc  -DCHECK_FUNCTION_EXISTS=pthread_create    CMakeFiles/cmTC_a6d36.dir/CheckFunctionExists.c.o  -o cmTC_a6d36  -lpthreads 
/usr/bin/ld: cannot find -lpthreads
collect2: error: ld returned 1 exit status
make[1]: *** [CMakeFiles/cmTC_a6d36.dir/build.make:87: cmTC_a6d36] Error 1
make[1]: Leaving directory '/home/akyatha/colcon_ws/build/husky_rycsv/CMakeFiles/CMakeTmp'
make: *** [Makefile:121: cmTC_a6d36/fast] Error 2



