[35m[1mScanning dependencies of target husky_tf_broadcaster[0m
[ 50%] [32mBuilding CXX object CMakeFiles/husky_tf_broadcaster.dir/src/husky_tf_broadcaster.cpp.o[0m
[01m[K/home/akyatha/colcon_ws/src/husky_tf_broadcaster/src/husky_tf_broadcaster.cpp:[m[K In member function ‘[01m[Kvoid HuskyTransformBroadcaster::pose_callback(geometry_msgs::msg::PoseWithCovarianceStamped_<std::allocator<void> >::SharedPtr)[m[K’:
[01m[K/home/akyatha/colcon_ws/src/husky_tf_broadcaster/src/husky_tf_broadcaster.cpp:66:55:[m[K [01;31m[Kerror: [m[K‘[01m[Kusing element_type = struct geometry_msgs::msg::PoseWithCovarianceStamped_<std::allocator<void> >[m[K’ {aka ‘[01m[Kstruct geometry_msgs::msg::PoseWithCovarianceStamped_<std::allocator<void> >[m[K’} has no member named ‘[01m[Kposition[m[K’
   66 |         odom_transform.transform.translation.x = msg->[01;31m[Kposition[m[K.x;
      |                                                       [01;31m[K^~~~~~~~[m[K
[01m[K/home/akyatha/colcon_ws/src/husky_tf_broadcaster/src/husky_tf_broadcaster.cpp:67:55:[m[K [01;31m[Kerror: [m[K‘[01m[Kusing element_type = struct geometry_msgs::msg::PoseWithCovarianceStamped_<std::allocator<void> >[m[K’ {aka ‘[01m[Kstruct geometry_msgs::msg::PoseWithCovarianceStamped_<std::allocator<void> >[m[K’} has no member named ‘[01m[Kposition[m[K’
   67 |         odom_transform.transform.translation.y = msg->[01;31m[Kposition[m[K.y;
      |                                                       [01;31m[K^~~~~~~~[m[K
[01m[K/home/akyatha/colcon_ws/src/husky_tf_broadcaster/src/husky_tf_broadcaster.cpp:68:55:[m[K [01;31m[Kerror: [m[K‘[01m[Kusing element_type = struct geometry_msgs::msg::PoseWithCovarianceStamped_<std::allocator<void> >[m[K’ {aka ‘[01m[Kstruct geometry_msgs::msg::PoseWithCovarianceStamped_<std::allocator<void> >[m[K’} has no member named ‘[01m[Kposition[m[K’
   68 |         odom_transform.transform.translation.z = msg->[01;31m[Kposition[m[K.z;
      |                                                       [01;31m[K^~~~~~~~[m[K
[01m[K/home/akyatha/colcon_ws/src/husky_tf_broadcaster/src/husky_tf_broadcaster.cpp:69:50:[m[K [01;31m[Kerror: [m[K‘[01m[Kusing element_type = struct geometry_msgs::msg::PoseWithCovarianceStamped_<std::allocator<void> >[m[K’ {aka ‘[01m[Kstruct geometry_msgs::msg::PoseWithCovarianceStamped_<std::allocator<void> >[m[K’} has no member named ‘[01m[Korientation[m[K’
   69 |         odom_transform.transform.rotation = msg->[01;31m[Korientation[m[K;
      |                                                  [01;31m[K^~~~~~~~~~~[m[K
[01m[K/home/akyatha/colcon_ws/src/husky_tf_broadcaster/src/husky_tf_broadcaster.cpp:76:50:[m[K [01;31m[Kerror: [m[K‘[01m[Kusing element_type = struct geometry_msgs::msg::PoseWithCovarianceStamped_<std::allocator<void> >[m[K’ {aka ‘[01m[Kstruct geometry_msgs::msg::PoseWithCovarianceStamped_<std::allocator<void> >[m[K’} has no member named ‘[01m[Kposition[m[K’
   76 |         transform.transform.translation.x = msg->[01;31m[Kposition[m[K.x;
      |                                                  [01;31m[K^~~~~~~~[m[K
[01m[K/home/akyatha/colcon_ws/src/husky_tf_broadcaster/src/husky_tf_broadcaster.cpp:77:50:[m[K [01;31m[Kerror: [m[K‘[01m[Kusing element_type = struct geometry_msgs::msg::PoseWithCovarianceStamped_<std::allocator<void> >[m[K’ {aka ‘[01m[Kstruct geometry_msgs::msg::PoseWithCovarianceStamped_<std::allocator<void> >[m[K’} has no member named ‘[01m[Kposition[m[K’
   77 |         transform.transform.translation.y = msg->[01;31m[Kposition[m[K.y;
      |                                                  [01;31m[K^~~~~~~~[m[K
[01m[K/home/akyatha/colcon_ws/src/husky_tf_broadcaster/src/husky_tf_broadcaster.cpp:78:50:[m[K [01;31m[Kerror: [m[K‘[01m[Kusing element_type = struct geometry_msgs::msg::PoseWithCovarianceStamped_<std::allocator<void> >[m[K’ {aka ‘[01m[Kstruct geometry_msgs::msg::PoseWithCovarianceStamped_<std::allocator<void> >[m[K’} has no member named ‘[01m[Kposition[m[K’
   78 |         transform.transform.translation.z = msg->[01;31m[Kposition[m[K.z;
      |                                                  [01;31m[K^~~~~~~~[m[K
[01m[K/home/akyatha/colcon_ws/src/husky_tf_broadcaster/src/husky_tf_broadcaster.cpp:79:45:[m[K [01;31m[Kerror: [m[K‘[01m[Kusing element_type = struct geometry_msgs::msg::PoseWithCovarianceStamped_<std::allocator<void> >[m[K’ {aka ‘[01m[Kstruct geometry_msgs::msg::PoseWithCovarianceStamped_<std::allocator<void> >[m[K’} has no member named ‘[01m[Korientation[m[K’
   79 |         transform.transform.rotation = msg->[01;31m[Korientation[m[K;
      |                                             [01;31m[K^~~~~~~~~~~[m[K
make[2]: *** [CMakeFiles/husky_tf_broadcaster.dir/build.make:63: CMakeFiles/husky_tf_broadcaster.dir/src/husky_tf_broadcaster.cpp.o] Error 1
make[1]: *** [CMakeFiles/Makefile2:78: CMakeFiles/husky_tf_broadcaster.dir/all] Error 2
make: *** [Makefile:141: all] Error 2
