[1.398s] Invoking command in '/home/akyatha/colcon_ws/build/husky_tf_broadcaster': CMAKE_PREFIX_PATH=${CMAKE_PREFIX_PATH}:/home/akyatha/colcon_ws/install/ros_tcp_endpoint:/opt/ros/foxy /usr/bin/cmake --build /home/akyatha/colcon_ws/build/husky_tf_broadcaster -- -j8 -l8
[1.702s] [35m[1mScanning dependencies of target husky_tf_broadcaster[0m
[1.752s] [ 50%] [32mBuilding CXX object CMakeFiles/husky_tf_broadcaster.dir/src/husky_tf_broadcaster.cpp.o[0m
[4.438s] [01m[K/home/akyatha/colcon_ws/src/husky_tf_broadcaster/src/husky_tf_broadcaster.cpp:[m[K In member function ‘[01m[Kvoid HuskyTransformBroadcaster::pose_callback(geometry_msgs::msg::PoseWithCovarianceStamped_<std::allocator<void> >::SharedPtr)[m[K’:
[4.439s] [01m[K/home/akyatha/colcon_ws/src/husky_tf_broadcaster/src/husky_tf_broadcaster.cpp:66:55:[m[K [01;31m[Kerror: [m[K‘[01m[Kusing element_type = struct geometry_msgs::msg::PoseWithCovarianceStamped_<std::allocator<void> >[m[K’ {aka ‘[01m[Kstruct geometry_msgs::msg::PoseWithCovarianceStamped_<std::allocator<void> >[m[K’} has no member named ‘[01m[Kposition[m[K’
[4.439s]    66 |         odom_transform.transform.translation.x = msg->[01;31m[Kposition[m[K.x;
[4.440s]       |                                                       [01;31m[K^~~~~~~~[m[K
[4.440s] [01m[K/home/akyatha/colcon_ws/src/husky_tf_broadcaster/src/husky_tf_broadcaster.cpp:67:55:[m[K [01;31m[Kerror: [m[K‘[01m[Kusing element_type = struct geometry_msgs::msg::PoseWithCovarianceStamped_<std::allocator<void> >[m[K’ {aka ‘[01m[Kstruct geometry_msgs::msg::PoseWithCovarianceStamped_<std::allocator<void> >[m[K’} has no member named ‘[01m[Kposition[m[K’
[4.440s]    67 |         odom_transform.transform.translation.y = msg->[01;31m[Kposition[m[K.y;
[4.441s]       |                                                       [01;31m[K^~~~~~~~[m[K
[4.441s] [01m[K/home/akyatha/colcon_ws/src/husky_tf_broadcaster/src/husky_tf_broadcaster.cpp:68:55:[m[K [01;31m[Kerror: [m[K‘[01m[Kusing element_type = struct geometry_msgs::msg::PoseWithCovarianceStamped_<std::allocator<void> >[m[K’ {aka ‘[01m[Kstruct geometry_msgs::msg::PoseWithCovarianceStamped_<std::allocator<void> >[m[K’} has no member named ‘[01m[Kposition[m[K’
[4.442s]    68 |         odom_transform.transform.translation.z = msg->[01;31m[Kposition[m[K.z;
[4.442s]       |                                                       [01;31m[K^~~~~~~~[m[K
[4.442s] [01m[K/home/akyatha/colcon_ws/src/husky_tf_broadcaster/src/husky_tf_broadcaster.cpp:69:50:[m[K [01;31m[Kerror: [m[K‘[01m[Kusing element_type = struct geometry_msgs::msg::PoseWithCovarianceStamped_<std::allocator<void> >[m[K’ {aka ‘[01m[Kstruct geometry_msgs::msg::PoseWithCovarianceStamped_<std::allocator<void> >[m[K’} has no member named ‘[01m[Korientation[m[K’
[4.442s]    69 |         odom_transform.transform.rotation = msg->[01;31m[Korientation[m[K;
[4.442s]       |                                                  [01;31m[K^~~~~~~~~~~[m[K
[4.442s] [01m[K/home/akyatha/colcon_ws/src/husky_tf_broadcaster/src/husky_tf_broadcaster.cpp:76:50:[m[K [01;31m[Kerror: [m[K‘[01m[Kusing element_type = struct geometry_msgs::msg::PoseWithCovarianceStamped_<std::allocator<void> >[m[K’ {aka ‘[01m[Kstruct geometry_msgs::msg::PoseWithCovarianceStamped_<std::allocator<void> >[m[K’} has no member named ‘[01m[Kposition[m[K’
[4.443s]    76 |         transform.transform.translation.x = msg->[01;31m[Kposition[m[K.x;
[4.443s]       |                                                  [01;31m[K^~~~~~~~[m[K
[4.443s] [01m[K/home/akyatha/colcon_ws/src/husky_tf_broadcaster/src/husky_tf_broadcaster.cpp:77:50:[m[K [01;31m[Kerror: [m[K‘[01m[Kusing element_type = struct geometry_msgs::msg::PoseWithCovarianceStamped_<std::allocator<void> >[m[K’ {aka ‘[01m[Kstruct geometry_msgs::msg::PoseWithCovarianceStamped_<std::allocator<void> >[m[K’} has no member named ‘[01m[Kposition[m[K’
[4.443s]    77 |         transform.transform.translation.y = msg->[01;31m[Kposition[m[K.y;
[4.443s]       |                                                  [01;31m[K^~~~~~~~[m[K
[4.443s] [01m[K/home/akyatha/colcon_ws/src/husky_tf_broadcaster/src/husky_tf_broadcaster.cpp:78:50:[m[K [01;31m[Kerror: [m[K‘[01m[Kusing element_type = struct geometry_msgs::msg::PoseWithCovarianceStamped_<std::allocator<void> >[m[K’ {aka ‘[01m[Kstruct geometry_msgs::msg::PoseWithCovarianceStamped_<std::allocator<void> >[m[K’} has no member named ‘[01m[Kposition[m[K’
[4.443s]    78 |         transform.transform.translation.z = msg->[01;31m[Kposition[m[K.z;
[4.443s]       |                                                  [01;31m[K^~~~~~~~[m[K
[4.444s] [01m[K/home/akyatha/colcon_ws/src/husky_tf_broadcaster/src/husky_tf_broadcaster.cpp:79:45:[m[K [01;31m[Kerror: [m[K‘[01m[Kusing element_type = struct geometry_msgs::msg::PoseWithCovarianceStamped_<std::allocator<void> >[m[K’ {aka ‘[01m[Kstruct geometry_msgs::msg::PoseWithCovarianceStamped_<std::allocator<void> >[m[K’} has no member named ‘[01m[Korientation[m[K’
[4.444s]    79 |         transform.transform.rotation = msg->[01;31m[Korientation[m[K;
[4.444s]       |                                             [01;31m[K^~~~~~~~~~~[m[K
[6.550s] make[2]: *** [CMakeFiles/husky_tf_broadcaster.dir/build.make:63: CMakeFiles/husky_tf_broadcaster.dir/src/husky_tf_broadcaster.cpp.o] Error 1
[6.551s] make[1]: *** [CMakeFiles/Makefile2:78: CMakeFiles/husky_tf_broadcaster.dir/all] Error 2
[6.551s] make: *** [Makefile:141: all] Error 2
[6.553s] Invoked command in '/home/akyatha/colcon_ws/build/husky_tf_broadcaster' returned '2': CMAKE_PREFIX_PATH=${CMAKE_PREFIX_PATH}:/home/akyatha/colcon_ws/install/ros_tcp_endpoint:/opt/ros/foxy /usr/bin/cmake --build /home/akyatha/colcon_ws/build/husky_tf_broadcaster -- -j8 -l8
