[3.111s] Invoking command in '/home/akyatha/colcon_ws/build/husky_rycsv': CMAKE_PREFIX_PATH=/home/akyatha/colcon_ws/install/husky_tf_broadcaster:/home/akyatha/colcon_ws/install/ros_tcp_endpoint:/opt/ros/foxy:/home/akyatha/colcon_ws/install/husky_rycsv /usr/bin/cmake --build /home/akyatha/colcon_ws/build/husky_rycsv -- -j8 -l8
[4.688s] [100%] Built target urdf_publisher
[4.691s] Invoked command in '/home/akyatha/colcon_ws/build/husky_rycsv' returned '0': CMAKE_PREFIX_PATH=/home/akyatha/colcon_ws/install/husky_tf_broadcaster:/home/akyatha/colcon_ws/install/ros_tcp_endpoint:/opt/ros/foxy:/home/akyatha/colcon_ws/install/husky_rycsv /usr/bin/cmake --build /home/akyatha/colcon_ws/build/husky_rycsv -- -j8 -l8
[4.750s] Invoking command in '/home/akyatha/colcon_ws/build/husky_rycsv': CMAKE_PREFIX_PATH=/home/akyatha/colcon_ws/install/husky_tf_broadcaster:/home/akyatha/colcon_ws/install/ros_tcp_endpoint:/opt/ros/foxy:/home/akyatha/colcon_ws/install/husky_rycsv /usr/bin/cmake --install /home/akyatha/colcon_ws/build/husky_rycsv
[4.794s] -- Install configuration: ""
[4.795s] -- Up-to-date: /home/akyatha/colcon_ws/install/husky_rycsv/share/husky_rycsv/launch
[4.795s] -- Up-to-date: /home/akyatha/colcon_ws/install/husky_rycsv/share/husky_rycsv/launch/husky_simulation.launch.xml
[4.796s] -- Up-to-date: /home/akyatha/colcon_ws/install/husky_rycsv/share/husky_rycsv/config
[4.796s] -- Up-to-date: /home/akyatha/colcon_ws/install/husky_rycsv/share/husky_rycsv/rviz
[4.797s] -- Up-to-date: /home/akyatha/colcon_ws/install/husky_rycsv/share/husky_rycsv/urdf
[4.797s] -- Up-to-date: /home/akyatha/colcon_ws/install/husky_rycsv/share/husky_rycsv/urdf/sick_lms1xx.urdf.xacro
[4.797s] -- Up-to-date: /home/akyatha/colcon_ws/install/husky_rycsv/share/husky_rycsv/urdf/husky.urdf
[4.798s] -- Up-to-date: /home/akyatha/colcon_ws/install/husky_rycsv/share/husky_rycsv/urdf/accessories
[4.798s] -- Up-to-date: /home/akyatha/colcon_ws/install/husky_rycsv/share/husky_rycsv/urdf/accessories/sensor_arch.urdf.xacro
[4.798s] -- Up-to-date: /home/akyatha/colcon_ws/install/husky_rycsv/share/husky_rycsv/urdf/accessories/sick_lms1xx_mount.urdf.xacro
[4.798s] -- Up-to-date: /home/akyatha/colcon_ws/install/husky_rycsv/share/husky_rycsv/urdf/decorations.urdf.xacro
[4.798s] -- Up-to-date: /home/akyatha/colcon_ws/install/husky_rycsv/share/husky_rycsv/urdf/wheel.urdf.xacro
[4.798s] -- Up-to-date: /home/akyatha/colcon_ws/install/husky_rycsv/share/husky_rycsv/urdf/husky.urdf.xacro
[4.798s] -- Up-to-date: /home/akyatha/colcon_ws/install/husky_rycsv/share/husky_rycsv/meshes
[4.799s] -- Up-to-date: /home/akyatha/colcon_ws/install/husky_rycsv/share/husky_rycsv/meshes/base_link.stl
[4.800s] -- Up-to-date: /home/akyatha/colcon_ws/install/husky_rycsv/share/husky_rycsv/meshes/top_plate.dae
[4.800s] -- Up-to-date: /home/akyatha/colcon_ws/install/husky_rycsv/share/husky_rycsv/meshes/top_chassis.stl
[4.800s] -- Up-to-date: /home/akyatha/colcon_ws/install/husky_rycsv/share/husky_rycsv/meshes/wheel.stl
[4.800s] -- Up-to-date: /home/akyatha/colcon_ws/install/husky_rycsv/share/husky_rycsv/meshes/user_rail.stl
[4.800s] -- Up-to-date: /home/akyatha/colcon_ws/install/husky_rycsv/share/husky_rycsv/meshes/wheel.dae
[4.801s] -- Up-to-date: /home/akyatha/colcon_ws/install/husky_rycsv/share/husky_rycsv/meshes/sick-lms1xx.dae
[4.801s] -- Up-to-date: /home/akyatha/colcon_ws/install/husky_rycsv/share/husky_rycsv/meshes/bumper.dae
[4.801s] -- Up-to-date: /home/akyatha/colcon_ws/install/husky_rycsv/share/husky_rycsv/meshes/accessories
[4.802s] -- Up-to-date: /home/akyatha/colcon_ws/install/husky_rycsv/share/husky_rycsv/meshes/accessories/300_mm_sensor_arch.stl
[4.802s] -- Up-to-date: /home/akyatha/colcon_ws/install/husky_rycsv/share/husky_rycsv/meshes/accessories/510_mm_sensor_arch.dae
[4.802s] -- Up-to-date: /home/akyatha/colcon_ws/install/husky_rycsv/share/husky_rycsv/meshes/accessories/510_mm_sensor_arch.stl
[4.802s] -- Up-to-date: /home/akyatha/colcon_ws/install/husky_rycsv/share/husky_rycsv/meshes/accessories/300_mm_sensor_arch.dae
[4.802s] -- Up-to-date: /home/akyatha/colcon_ws/install/husky_rycsv/share/husky_rycsv/meshes/accessories/lidar_mount.stl
[4.802s] -- Up-to-date: /home/akyatha/colcon_ws/install/husky_rycsv/share/husky_rycsv/meshes/accessories/lms1xx_mount.dae
[4.802s] -- Up-to-date: /home/akyatha/colcon_ws/install/husky_rycsv/share/husky_rycsv/meshes/accessories/lms1xx_mount.stl
[4.803s] -- Up-to-date: /home/akyatha/colcon_ws/install/husky_rycsv/share/husky_rycsv/meshes/sick-lms1xx.stl
[4.803s] -- Up-to-date: /home/akyatha/colcon_ws/install/husky_rycsv/share/husky_rycsv/meshes/base_link.dae
[4.803s] -- Up-to-date: /home/akyatha/colcon_ws/install/husky_rycsv/share/husky_rycsv/meshes/top_chassis.dae
[4.803s] -- Up-to-date: /home/akyatha/colcon_ws/install/husky_rycsv/share/husky_rycsv/meshes/large_top_plate.dae
[4.803s] -- Up-to-date: /home/akyatha/colcon_ws/install/husky_rycsv/share/husky_rycsv/meshes/top_plate.stl
[4.803s] -- Up-to-date: /home/akyatha/colcon_ws/install/husky_rycsv/share/husky_rycsv/meshes/user_rail.dae
[4.804s] -- Up-to-date: /home/akyatha/colcon_ws/install/husky_rycsv/share/husky_rycsv/meshes/large_top_plate_collision.stl
[4.804s] -- Up-to-date: /home/akyatha/colcon_ws/install/husky_rycsv/share/husky_rycsv/meshes/bumper_extension.dae
[4.804s] -- Up-to-date: /home/akyatha/colcon_ws/install/husky_rycsv/lib/husky_rycsv/urdf_publisher
[4.804s] -- Up-to-date: /home/akyatha/colcon_ws/install/husky_rycsv/share/ament_index/resource_index/package_run_dependencies/husky_rycsv
[4.804s] -- Up-to-date: /home/akyatha/colcon_ws/install/husky_rycsv/share/ament_index/resource_index/parent_prefix_path/husky_rycsv
[4.804s] -- Up-to-date: /home/akyatha/colcon_ws/install/husky_rycsv/share/husky_rycsv/environment/ament_prefix_path.sh
[4.804s] -- Up-to-date: /home/akyatha/colcon_ws/install/husky_rycsv/share/husky_rycsv/environment/ament_prefix_path.dsv
[4.805s] -- Up-to-date: /home/akyatha/colcon_ws/install/husky_rycsv/share/husky_rycsv/environment/path.sh
[4.805s] -- Up-to-date: /home/akyatha/colcon_ws/install/husky_rycsv/share/husky_rycsv/environment/path.dsv
[4.805s] -- Up-to-date: /home/akyatha/colcon_ws/install/husky_rycsv/share/husky_rycsv/local_setup.bash
[4.805s] -- Up-to-date: /home/akyatha/colcon_ws/install/husky_rycsv/share/husky_rycsv/local_setup.sh
[4.805s] -- Up-to-date: /home/akyatha/colcon_ws/install/husky_rycsv/share/husky_rycsv/local_setup.zsh
[4.805s] -- Up-to-date: /home/akyatha/colcon_ws/install/husky_rycsv/share/husky_rycsv/local_setup.dsv
[4.806s] -- Installing: /home/akyatha/colcon_ws/install/husky_rycsv/share/husky_rycsv/package.dsv
[4.806s] -- Up-to-date: /home/akyatha/colcon_ws/install/husky_rycsv/share/ament_index/resource_index/packages/husky_rycsv
[4.806s] -- Up-to-date: /home/akyatha/colcon_ws/install/husky_rycsv/share/husky_rycsv/cmake/husky_rycsvConfig.cmake
[4.806s] -- Up-to-date: /home/akyatha/colcon_ws/install/husky_rycsv/share/husky_rycsv/cmake/husky_rycsvConfig-version.cmake
[4.806s] -- Up-to-date: /home/akyatha/colcon_ws/install/husky_rycsv/share/husky_rycsv/package.xml
[4.819s] Invoked command in '/home/akyatha/colcon_ws/build/husky_rycsv' returned '0': CMAKE_PREFIX_PATH=/home/akyatha/colcon_ws/install/husky_tf_broadcaster:/home/akyatha/colcon_ws/install/ros_tcp_endpoint:/opt/ros/foxy:/home/akyatha/colcon_ws/install/husky_rycsv /usr/bin/cmake --install /home/akyatha/colcon_ws/build/husky_rycsv
