Performing C SOURCE FILE Test CMAKE_HAVE_LIBC_PTHREAD failed with the following output:
Change Dir: /home/akyatha/colcon_ws/build/slam_toolbox/CMakeFiles/CMakeTmp

Run Build Command(s):/usr/bin/make cmTC_905d3/fast && /usr/bin/make -f CMakeFiles/cmTC_905d3.dir/build.make CMakeFiles/cmTC_905d3.dir/build
make[1]: Entering directory '/home/akyatha/colcon_ws/build/slam_toolbox/CMakeFiles/CMakeTmp'
Building C object CMakeFiles/cmTC_905d3.dir/src.c.o
/usr/bin/cc   -DCMAKE_HAVE_LIBC_PTHREAD   -o CMakeFiles/cmTC_905d3.dir/src.c.o   -c /home/akyatha/colcon_ws/build/slam_toolbox/CMakeFiles/CMakeTmp/src.c
Linking C executable cmTC_905d3
/usr/bin/cmake -E cmake_link_script CMakeFiles/cmTC_905d3.dir/link.txt --verbose=1
/usr/bin/cc  -DCMAKE_HAVE_LIBC_PTHREAD    CMakeFiles/cmTC_905d3.dir/src.c.o  -o cmTC_905d3 
/usr/bin/ld: CMakeFiles/cmTC_905d3.dir/src.c.o: in function `main':
src.c:(.text+0x46): undefined reference to `pthread_create'
/usr/bin/ld: src.c:(.text+0x52): undefined reference to `pthread_detach'
/usr/bin/ld: src.c:(.text+0x63): undefined reference to `pthread_join'
collect2: error: ld returned 1 exit status
make[1]: *** [CMakeFiles/cmTC_905d3.dir/build.make:87: cmTC_905d3] Error 1
make[1]: Leaving directory '/home/akyatha/colcon_ws/build/slam_toolbox/CMakeFiles/CMakeTmp'
make: *** [Makefile:121: cmTC_905d3/fast] Error 2


Source file was:
#include <pthread.h>

void* test_func(void* data)
{
  return data;
}

int main(void)
{
  pthread_t thread;
  pthread_create(&thread, NULL, test_func, NULL);
  pthread_detach(thread);
  pthread_join(thread, NULL);
  pthread_atfork(NULL, NULL, NULL);
  pthread_exit(NULL);

  return 0;
}

Determining if the function pthread_create exists in the pthreads failed with the following output:
Change Dir: /home/akyatha/colcon_ws/build/slam_toolbox/CMakeFiles/CMakeTmp

Run Build Command(s):/usr/bin/make cmTC_de68e/fast && /usr/bin/make -f CMakeFiles/cmTC_de68e.dir/build.make CMakeFiles/cmTC_de68e.dir/build
make[1]: Entering directory '/home/akyatha/colcon_ws/build/slam_toolbox/CMakeFiles/CMakeTmp'
Building C object CMakeFiles/cmTC_de68e.dir/CheckFunctionExists.c.o
/usr/bin/cc   -DCHECK_FUNCTION_EXISTS=pthread_create   -o CMakeFiles/cmTC_de68e.dir/CheckFunctionExists.c.o   -c /usr/share/cmake-3.16/Modules/CheckFunctionExists.c
Linking C executable cmTC_de68e
/usr/bin/cmake -E cmake_link_script CMakeFiles/cmTC_de68e.dir/link.txt --verbose=1
/usr/bin/cc  -DCHECK_FUNCTION_EXISTS=pthread_create    CMakeFiles/cmTC_de68e.dir/CheckFunctionExists.c.o  -o cmTC_de68e  -lpthreads 
/usr/bin/ld: cannot find -lpthreads
collect2: error: ld returned 1 exit status
make[1]: *** [CMakeFiles/cmTC_de68e.dir/build.make:87: cmTC_de68e] Error 1
make[1]: Leaving directory '/home/akyatha/colcon_ws/build/slam_toolbox/CMakeFiles/CMakeTmp'
make: *** [Makefile:121: cmTC_de68e/fast] Error 2



Determining if the function sgemm_ exists failed with the following output:
Change Dir: /home/akyatha/colcon_ws/build/slam_toolbox/CMakeFiles/CMakeTmp

Run Build Command(s):/usr/bin/make cmTC_7ccb4/fast && /usr/bin/make -f CMakeFiles/cmTC_7ccb4.dir/build.make CMakeFiles/cmTC_7ccb4.dir/build
make[1]: Entering directory '/home/akyatha/colcon_ws/build/slam_toolbox/CMakeFiles/CMakeTmp'
Building C object CMakeFiles/cmTC_7ccb4.dir/CheckFunctionExists.c.o
/usr/bin/cc   -DCHECK_FUNCTION_EXISTS=sgemm_   -o CMakeFiles/cmTC_7ccb4.dir/CheckFunctionExists.c.o   -c /usr/share/cmake-3.16/Modules/CheckFunctionExists.c
Linking C executable cmTC_7ccb4
/usr/bin/cmake -E cmake_link_script CMakeFiles/cmTC_7ccb4.dir/link.txt --verbose=1
/usr/bin/cc  -DCHECK_FUNCTION_EXISTS=sgemm_    CMakeFiles/cmTC_7ccb4.dir/CheckFunctionExists.c.o  -o cmTC_7ccb4 
/usr/bin/ld: CMakeFiles/cmTC_7ccb4.dir/CheckFunctionExists.c.o: in function `main':
CheckFunctionExists.c:(.text+0x14): undefined reference to `sgemm_'
collect2: error: ld returned 1 exit status
make[1]: *** [CMakeFiles/cmTC_7ccb4.dir/build.make:87: cmTC_7ccb4] Error 1
make[1]: Leaving directory '/home/akyatha/colcon_ws/build/slam_toolbox/CMakeFiles/CMakeTmp'
make: *** [Makefile:121: cmTC_7ccb4/fast] Error 2



Determining if the function cheev_ exists failed with the following output:
Change Dir: /home/akyatha/colcon_ws/build/slam_toolbox/CMakeFiles/CMakeTmp

Run Build Command(s):/usr/bin/make cmTC_7f26c/fast && /usr/bin/make -f CMakeFiles/cmTC_7f26c.dir/build.make CMakeFiles/cmTC_7f26c.dir/build
make[1]: Entering directory '/home/akyatha/colcon_ws/build/slam_toolbox/CMakeFiles/CMakeTmp'
Building C object CMakeFiles/cmTC_7f26c.dir/CheckFunctionExists.c.o
/usr/bin/cc   -DCHECK_FUNCTION_EXISTS=cheev_   -o CMakeFiles/cmTC_7f26c.dir/CheckFunctionExists.c.o   -c /usr/share/cmake-3.16/Modules/CheckFunctionExists.c
Linking C executable cmTC_7f26c
/usr/bin/cmake -E cmake_link_script CMakeFiles/cmTC_7f26c.dir/link.txt --verbose=1
/usr/bin/cc  -DCHECK_FUNCTION_EXISTS=cheev_    CMakeFiles/cmTC_7f26c.dir/CheckFunctionExists.c.o  -o cmTC_7f26c  /usr/lib/x86_64-linux-gnu/libblas.so 
/usr/bin/ld: CMakeFiles/cmTC_7f26c.dir/CheckFunctionExists.c.o: in function `main':
CheckFunctionExists.c:(.text+0x14): undefined reference to `cheev_'
collect2: error: ld returned 1 exit status
make[1]: *** [CMakeFiles/cmTC_7f26c.dir/build.make:88: cmTC_7f26c] Error 1
make[1]: Leaving directory '/home/akyatha/colcon_ws/build/slam_toolbox/CMakeFiles/CMakeTmp'
make: *** [Makefile:121: cmTC_7f26c/fast] Error 2



