[8.710s] DEBUG:colcon:Command line arguments: ['/usr/bin/colcon', 'build']
[8.710s] DEBUG:colcon:Parsed command line arguments: Namespace(allow_overriding=[], ament_cmake_args=None, base_paths=['.'], build_base='build', catkin_cmake_args=None, catkin_skip_building_tests=False, cmake_args=None, cmake_clean_cache=False, cmake_clean_first=False, cmake_force_configure=False, cmake_target=None, cmake_target_skip_unavailable=False, continue_on_error=False, event_handlers=None, executor='parallel', ignore_user_meta=False, install_base='install', log_base=None, log_level=None, main=<bound method BuildVerb.main of <colcon_core.verb.build.BuildVerb object at 0x7fa028aba2b0>>, merge_install=False, metas=['./colcon.meta'], packages_above=None, packages_above_and_dependencies=None, packages_above_depth=None, packages_end=None, packages_ignore=None, packages_ignore_regex=None, packages_select=None, packages_select_build_failed=False, packages_select_by_dep=None, packages_select_regex=None, packages_select_test_failures=False, packages_skip=None, packages_skip_build_finished=False, packages_skip_by_dep=None, packages_skip_regex=None, packages_skip_test_passed=False, packages_skip_up_to=None, packages_start=None, packages_up_to=None, packages_up_to_regex=None, parallel_workers=8, paths=None, symlink_install=False, test_result_base=None, verb_extension=<colcon_core.verb.build.BuildVerb object at 0x7fa028aba2b0>, verb_name='build', verb_parser=<colcon_defaults.argument_parser.defaults.DefaultArgumentsDecorator object at 0x7fa0287b9af0>)
[9.063s] Level 1:colcon.colcon_core.package_discovery:discover_packages(colcon_meta) check parameters
[9.063s] Level 1:colcon.colcon_core.package_discovery:discover_packages(recursive) check parameters
[9.063s] Level 1:colcon.colcon_core.package_discovery:discover_packages(ignore) check parameters
[9.063s] Level 1:colcon.colcon_core.package_discovery:discover_packages(path) check parameters
[9.063s] Level 1:colcon.colcon_core.package_discovery:discover_packages(colcon_meta) discover
[9.063s] Level 1:colcon.colcon_core.package_discovery:discover_packages(recursive) discover
[9.063s] INFO:colcon.colcon_core.package_discovery:Crawling recursively for packages in '/home/akyatha/colcon_ws'
[9.063s] Level 1:colcon.colcon_core.package_identification:_identify(.) by extensions ['ignore', 'ignore_ament_install']
[9.063s] Level 1:colcon.colcon_core.package_identification:_identify(.) by extension 'ignore'
[9.063s] Level 1:colcon.colcon_core.package_identification:_identify(.) by extension 'ignore_ament_install'
[9.063s] Level 1:colcon.colcon_core.package_identification:_identify(.) by extensions ['colcon_pkg']
[9.063s] Level 1:colcon.colcon_core.package_identification:_identify(.) by extension 'colcon_pkg'
[9.063s] Level 1:colcon.colcon_core.package_identification:_identify(.) by extensions ['colcon_meta']
[9.063s] Level 1:colcon.colcon_core.package_identification:_identify(.) by extension 'colcon_meta'
[9.063s] Level 1:colcon.colcon_core.package_identification:_identify(.) by extensions ['ros']
[9.063s] Level 1:colcon.colcon_core.package_identification:_identify(.) by extension 'ros'
[9.082s] Level 1:colcon.colcon_core.package_identification:_identify(.) by extensions ['cmake', 'python']
[9.082s] Level 1:colcon.colcon_core.package_identification:_identify(.) by extension 'cmake'
[9.082s] Level 1:colcon.colcon_core.package_identification:_identify(.) by extension 'python'
[9.082s] Level 1:colcon.colcon_core.package_identification:_identify(.) by extensions ['python_setup_py']
[9.082s] Level 1:colcon.colcon_core.package_identification:_identify(.) by extension 'python_setup_py'
[9.082s] Level 1:colcon.colcon_core.package_identification:_identify(build) by extensions ['ignore', 'ignore_ament_install']
[9.082s] Level 1:colcon.colcon_core.package_identification:_identify(build) by extension 'ignore'
[9.082s] Level 1:colcon.colcon_core.package_identification:_identify(build) ignored
[9.082s] Level 1:colcon.colcon_core.package_identification:_identify(install) by extensions ['ignore', 'ignore_ament_install']
[9.083s] Level 1:colcon.colcon_core.package_identification:_identify(install) by extension 'ignore'
[9.083s] Level 1:colcon.colcon_core.package_identification:_identify(install) ignored
[9.083s] Level 1:colcon.colcon_core.package_identification:_identify(log) by extensions ['ignore', 'ignore_ament_install']
[9.083s] Level 1:colcon.colcon_core.package_identification:_identify(log) by extension 'ignore'
[9.083s] Level 1:colcon.colcon_core.package_identification:_identify(log) ignored
[9.083s] Level 1:colcon.colcon_core.package_identification:_identify(src) by extensions ['ignore', 'ignore_ament_install']
[9.083s] Level 1:colcon.colcon_core.package_identification:_identify(src) by extension 'ignore'
[9.083s] Level 1:colcon.colcon_core.package_identification:_identify(src) by extension 'ignore_ament_install'
[9.083s] Level 1:colcon.colcon_core.package_identification:_identify(src) by extensions ['colcon_pkg']
[9.083s] Level 1:colcon.colcon_core.package_identification:_identify(src) by extension 'colcon_pkg'
[9.083s] Level 1:colcon.colcon_core.package_identification:_identify(src) by extensions ['colcon_meta']
[9.083s] Level 1:colcon.colcon_core.package_identification:_identify(src) by extension 'colcon_meta'
[9.083s] Level 1:colcon.colcon_core.package_identification:_identify(src) by extensions ['ros']
[9.083s] Level 1:colcon.colcon_core.package_identification:_identify(src) by extension 'ros'
[9.083s] Level 1:colcon.colcon_core.package_identification:_identify(src) by extensions ['cmake', 'python']
[9.083s] Level 1:colcon.colcon_core.package_identification:_identify(src) by extension 'cmake'
[9.084s] Level 1:colcon.colcon_core.package_identification:_identify(src) by extension 'python'
[9.084s] Level 1:colcon.colcon_core.package_identification:_identify(src) by extensions ['python_setup_py']
[9.084s] Level 1:colcon.colcon_core.package_identification:_identify(src) by extension 'python_setup_py'
[9.084s] Level 1:colcon.colcon_core.package_identification:_identify(src/ROS-TCP-Endpoint) by extensions ['ignore', 'ignore_ament_install']
[9.084s] Level 1:colcon.colcon_core.package_identification:_identify(src/ROS-TCP-Endpoint) by extension 'ignore'
[9.084s] Level 1:colcon.colcon_core.package_identification:_identify(src/ROS-TCP-Endpoint) by extension 'ignore_ament_install'
[9.084s] Level 1:colcon.colcon_core.package_identification:_identify(src/ROS-TCP-Endpoint) by extensions ['colcon_pkg']
[9.084s] Level 1:colcon.colcon_core.package_identification:_identify(src/ROS-TCP-Endpoint) by extension 'colcon_pkg'
[9.084s] Level 1:colcon.colcon_core.package_identification:_identify(src/ROS-TCP-Endpoint) by extensions ['colcon_meta']
[9.084s] Level 1:colcon.colcon_core.package_identification:_identify(src/ROS-TCP-Endpoint) by extension 'colcon_meta'
[9.084s] Level 1:colcon.colcon_core.package_identification:_identify(src/ROS-TCP-Endpoint) by extensions ['ros']
[9.084s] Level 1:colcon.colcon_core.package_identification:_identify(src/ROS-TCP-Endpoint) by extension 'ros'
[9.087s] DEBUG:colcon.colcon_core.package_identification:Package 'src/ROS-TCP-Endpoint' with type 'ros.ament_python' and name 'ros_tcp_endpoint'
[9.087s] Level 1:colcon.colcon_core.package_identification:_identify(src/husky_rycsv) by extensions ['ignore', 'ignore_ament_install']
[9.087s] Level 1:colcon.colcon_core.package_identification:_identify(src/husky_rycsv) by extension 'ignore'
[9.087s] Level 1:colcon.colcon_core.package_identification:_identify(src/husky_rycsv) by extension 'ignore_ament_install'
[9.087s] Level 1:colcon.colcon_core.package_identification:_identify(src/husky_rycsv) by extensions ['colcon_pkg']
[9.087s] Level 1:colcon.colcon_core.package_identification:_identify(src/husky_rycsv) by extension 'colcon_pkg'
[9.087s] Level 1:colcon.colcon_core.package_identification:_identify(src/husky_rycsv) by extensions ['colcon_meta']
[9.087s] Level 1:colcon.colcon_core.package_identification:_identify(src/husky_rycsv) by extension 'colcon_meta'
[9.088s] Level 1:colcon.colcon_core.package_identification:_identify(src/husky_rycsv) by extensions ['ros']
[9.088s] Level 1:colcon.colcon_core.package_identification:_identify(src/husky_rycsv) by extension 'ros'
[9.088s] DEBUG:colcon.colcon_core.package_identification:Package 'src/husky_rycsv' with type 'ros.ament_cmake' and name 'husky_rycsv'
[9.088s] Level 1:colcon.colcon_core.package_identification:_identify(src/husky_tf_broadcaster) by extensions ['ignore', 'ignore_ament_install']
[9.088s] Level 1:colcon.colcon_core.package_identification:_identify(src/husky_tf_broadcaster) by extension 'ignore'
[9.088s] Level 1:colcon.colcon_core.package_identification:_identify(src/husky_tf_broadcaster) by extension 'ignore_ament_install'
[9.089s] Level 1:colcon.colcon_core.package_identification:_identify(src/husky_tf_broadcaster) by extensions ['colcon_pkg']
[9.089s] Level 1:colcon.colcon_core.package_identification:_identify(src/husky_tf_broadcaster) by extension 'colcon_pkg'
[9.089s] Level 1:colcon.colcon_core.package_identification:_identify(src/husky_tf_broadcaster) by extensions ['colcon_meta']
[9.089s] Level 1:colcon.colcon_core.package_identification:_identify(src/husky_tf_broadcaster) by extension 'colcon_meta'
[9.089s] Level 1:colcon.colcon_core.package_identification:_identify(src/husky_tf_broadcaster) by extensions ['ros']
[9.089s] Level 1:colcon.colcon_core.package_identification:_identify(src/husky_tf_broadcaster) by extension 'ros'
[9.089s] DEBUG:colcon.colcon_core.package_identification:Package 'src/husky_tf_broadcaster' with type 'ros.ament_cmake' and name 'husky_tf_broadcaster'
[9.089s] Level 1:colcon.colcon_core.package_discovery:discover_packages(recursive) using defaults
[9.089s] Level 1:colcon.colcon_core.package_discovery:discover_packages(ignore) discover
[9.089s] Level 1:colcon.colcon_core.package_discovery:discover_packages(ignore) using defaults
[9.089s] Level 1:colcon.colcon_core.package_discovery:discover_packages(path) discover
[9.089s] Level 1:colcon.colcon_core.package_discovery:discover_packages(path) using defaults
[9.831s] Level 1:colcon.colcon_core.package_discovery:discover_packages(prefix_path) check parameters
[9.831s] Level 1:colcon.colcon_core.package_discovery:discover_packages(prefix_path) discover
[10.131s] DEBUG:colcon.colcon_installed_package_information.package_discovery:Found 4 installed packages in /home/akyatha/colcon_ws/install
[10.269s] DEBUG:colcon.colcon_installed_package_information.package_discovery:Found 327 installed packages in /opt/ros/foxy
[10.271s] Level 1:colcon.colcon_core.package_discovery:discover_packages(prefix_path) using defaults
[10.671s] Level 5:colcon.colcon_core.verb:set package 'husky_rycsv' build argument 'cmake_args' from command line to 'None'
[10.671s] Level 5:colcon.colcon_core.verb:set package 'husky_rycsv' build argument 'cmake_target' from command line to 'None'
[10.671s] Level 5:colcon.colcon_core.verb:set package 'husky_rycsv' build argument 'cmake_target_skip_unavailable' from command line to 'False'
[10.671s] Level 5:colcon.colcon_core.verb:set package 'husky_rycsv' build argument 'cmake_clean_cache' from command line to 'False'
[10.671s] Level 5:colcon.colcon_core.verb:set package 'husky_rycsv' build argument 'cmake_clean_first' from command line to 'False'
[10.671s] Level 5:colcon.colcon_core.verb:set package 'husky_rycsv' build argument 'cmake_force_configure' from command line to 'False'
[10.671s] Level 5:colcon.colcon_core.verb:set package 'husky_rycsv' build argument 'ament_cmake_args' from command line to 'None'
[10.671s] Level 5:colcon.colcon_core.verb:set package 'husky_rycsv' build argument 'catkin_cmake_args' from command line to 'None'
[10.671s] Level 5:colcon.colcon_core.verb:set package 'husky_rycsv' build argument 'catkin_skip_building_tests' from command line to 'False'
[10.671s] DEBUG:colcon.colcon_core.verb:Building package 'husky_rycsv' with the following arguments: {'ament_cmake_args': None, 'build_base': '/home/akyatha/colcon_ws/build/husky_rycsv', 'catkin_cmake_args': None, 'catkin_skip_building_tests': False, 'cmake_args': None, 'cmake_clean_cache': False, 'cmake_clean_first': False, 'cmake_force_configure': False, 'cmake_target': None, 'cmake_target_skip_unavailable': False, 'install_base': '/home/akyatha/colcon_ws/install/husky_rycsv', 'merge_install': False, 'path': '/home/akyatha/colcon_ws/src/husky_rycsv', 'symlink_install': False, 'test_result_base': None}
[10.822s] Level 5:colcon.colcon_core.verb:set package 'husky_tf_broadcaster' build argument 'cmake_args' from command line to 'None'
[10.822s] Level 5:colcon.colcon_core.verb:set package 'husky_tf_broadcaster' build argument 'cmake_target' from command line to 'None'
[10.822s] Level 5:colcon.colcon_core.verb:set package 'husky_tf_broadcaster' build argument 'cmake_target_skip_unavailable' from command line to 'False'
[10.822s] Level 5:colcon.colcon_core.verb:set package 'husky_tf_broadcaster' build argument 'cmake_clean_cache' from command line to 'False'
[10.822s] Level 5:colcon.colcon_core.verb:set package 'husky_tf_broadcaster' build argument 'cmake_clean_first' from command line to 'False'
[10.822s] Level 5:colcon.colcon_core.verb:set package 'husky_tf_broadcaster' build argument 'cmake_force_configure' from command line to 'False'
[10.822s] Level 5:colcon.colcon_core.verb:set package 'husky_tf_broadcaster' build argument 'ament_cmake_args' from command line to 'None'
[10.822s] Level 5:colcon.colcon_core.verb:set package 'husky_tf_broadcaster' build argument 'catkin_cmake_args' from command line to 'None'
[10.822s] Level 5:colcon.colcon_core.verb:set package 'husky_tf_broadcaster' build argument 'catkin_skip_building_tests' from command line to 'False'
[10.822s] DEBUG:colcon.colcon_core.verb:Building package 'husky_tf_broadcaster' with the following arguments: {'ament_cmake_args': None, 'build_base': '/home/akyatha/colcon_ws/build/husky_tf_broadcaster', 'catkin_cmake_args': None, 'catkin_skip_building_tests': False, 'cmake_args': None, 'cmake_clean_cache': False, 'cmake_clean_first': False, 'cmake_force_configure': False, 'cmake_target': None, 'cmake_target_skip_unavailable': False, 'install_base': '/home/akyatha/colcon_ws/install/husky_tf_broadcaster', 'merge_install': False, 'path': '/home/akyatha/colcon_ws/src/husky_tf_broadcaster', 'symlink_install': False, 'test_result_base': None}
[10.963s] Level 5:colcon.colcon_core.verb:set package 'ros_tcp_endpoint' build argument 'cmake_args' from command line to 'None'
[10.963s] Level 5:colcon.colcon_core.verb:set package 'ros_tcp_endpoint' build argument 'cmake_target' from command line to 'None'
[10.963s] Level 5:colcon.colcon_core.verb:set package 'ros_tcp_endpoint' build argument 'cmake_target_skip_unavailable' from command line to 'False'
[10.963s] Level 5:colcon.colcon_core.verb:set package 'ros_tcp_endpoint' build argument 'cmake_clean_cache' from command line to 'False'
[10.963s] Level 5:colcon.colcon_core.verb:set package 'ros_tcp_endpoint' build argument 'cmake_clean_first' from command line to 'False'
[10.963s] Level 5:colcon.colcon_core.verb:set package 'ros_tcp_endpoint' build argument 'cmake_force_configure' from command line to 'False'
[10.963s] Level 5:colcon.colcon_core.verb:set package 'ros_tcp_endpoint' build argument 'ament_cmake_args' from command line to 'None'
[10.963s] Level 5:colcon.colcon_core.verb:set package 'ros_tcp_endpoint' build argument 'catkin_cmake_args' from command line to 'None'
[10.963s] Level 5:colcon.colcon_core.verb:set package 'ros_tcp_endpoint' build argument 'catkin_skip_building_tests' from command line to 'False'
[10.963s] DEBUG:colcon.colcon_core.verb:Building package 'ros_tcp_endpoint' with the following arguments: {'ament_cmake_args': None, 'build_base': '/home/akyatha/colcon_ws/build/ros_tcp_endpoint', 'catkin_cmake_args': None, 'catkin_skip_building_tests': False, 'cmake_args': None, 'cmake_clean_cache': False, 'cmake_clean_first': False, 'cmake_force_configure': False, 'cmake_target': None, 'cmake_target_skip_unavailable': False, 'install_base': '/home/akyatha/colcon_ws/install/ros_tcp_endpoint', 'merge_install': False, 'path': '/home/akyatha/colcon_ws/src/ROS-TCP-Endpoint', 'symlink_install': False, 'test_result_base': None}
[11.098s] INFO:colcon.colcon_core.executor:Executing jobs using 'parallel' executor
[11.238s] DEBUG:colcon.colcon_parallel_executor.executor.parallel:run_until_complete
[11.238s] INFO:colcon.colcon_ros.task.ament_cmake.build:Building ROS package in '/home/akyatha/colcon_ws/src/husky_rycsv' with build type 'ament_cmake'
[11.238s] INFO:colcon.colcon_cmake.task.cmake.build:Building CMake package in '/home/akyatha/colcon_ws/src/husky_rycsv'
[11.381s] INFO:colcon.colcon_core.plugin_system:Skipping extension 'colcon_core.shell.bat': Not used on non-Windows systems
[11.382s] INFO:colcon.colcon_core.shell:Skip shell extension 'powershell' for command environment: Not usable outside of PowerShell
[11.382s] DEBUG:colcon.colcon_core.shell:Skip shell extension 'dsv' for command environment
[11.874s] INFO:colcon.colcon_ros.task.ament_cmake.build:Building ROS package in '/home/akyatha/colcon_ws/src/husky_tf_broadcaster' with build type 'ament_cmake'
[11.874s] INFO:colcon.colcon_cmake.task.cmake.build:Building CMake package in '/home/akyatha/colcon_ws/src/husky_tf_broadcaster'
[12.022s] INFO:colcon.colcon_core.shell:Skip shell extension 'powershell' for command environment: Not usable outside of PowerShell
[12.022s] DEBUG:colcon.colcon_core.shell:Skip shell extension 'dsv' for command environment
[12.450s] INFO:colcon.colcon_ros.task.ament_python.build:Building ROS package in '/home/akyatha/colcon_ws/src/ROS-TCP-Endpoint' with build type 'ament_python'
[12.451s] Level 1:colcon.colcon_core.shell:create_environment_hook('ros_tcp_endpoint', 'ament_prefix_path')
[12.590s] INFO:colcon.colcon_core.shell:Creating environment hook '/home/akyatha/colcon_ws/install/ros_tcp_endpoint/share/ros_tcp_endpoint/hook/ament_prefix_path.ps1'
[12.591s] INFO:colcon.colcon_core.shell:Creating environment descriptor '/home/akyatha/colcon_ws/install/ros_tcp_endpoint/share/ros_tcp_endpoint/hook/ament_prefix_path.dsv'
[12.591s] INFO:colcon.colcon_core.shell:Creating environment hook '/home/akyatha/colcon_ws/install/ros_tcp_endpoint/share/ros_tcp_endpoint/hook/ament_prefix_path.sh'
[12.747s] INFO:colcon.colcon_core.shell:Skip shell extension 'powershell' for command environment: Not usable outside of PowerShell
[12.747s] DEBUG:colcon.colcon_core.shell:Skip shell extension 'dsv' for command environment
[13.216s] DEBUG:colcon.colcon_core.event_handler.log_command:Invoking command in '/home/akyatha/colcon_ws/build/husky_rycsv': CMAKE_PREFIX_PATH=/home/akyatha/colcon_ws/install/husky_tf_broadcaster:/home/akyatha/colcon_ws/install/ros_tcp_endpoint:/opt/ros/foxy:/home/akyatha/colcon_ws/install/husky_rycsv /usr/bin/cmake --build /home/akyatha/colcon_ws/build/husky_rycsv -- -j8 -l8
[13.223s] DEBUG:colcon.colcon_core.event_handler.log_command:Invoking command in '/home/akyatha/colcon_ws/build/husky_tf_broadcaster': CMAKE_PREFIX_PATH=/home/akyatha/colcon_ws/install/husky_tf_broadcaster:/home/akyatha/colcon_ws/install/ros_tcp_endpoint:/opt/ros/foxy:/home/akyatha/colcon_ws/install/husky_rycsv /usr/bin/cmake --build /home/akyatha/colcon_ws/build/husky_tf_broadcaster -- -j8 -l8
[13.540s] INFO:colcon.colcon_core.task.python.build:Building Python package in '/home/akyatha/colcon_ws/src/ROS-TCP-Endpoint'
[13.694s] INFO:colcon.colcon_core.shell:Skip shell extension 'powershell' for command environment: Not usable outside of PowerShell
[13.694s] DEBUG:colcon.colcon_core.shell:Skip shell extension 'dsv' for command environment
[14.139s] DEBUG:colcon.colcon_core.event_handler.log_command:Invoked command in '/home/akyatha/colcon_ws/build/husky_rycsv' returned '0': CMAKE_PREFIX_PATH=/home/akyatha/colcon_ws/install/husky_tf_broadcaster:/home/akyatha/colcon_ws/install/ros_tcp_endpoint:/opt/ros/foxy:/home/akyatha/colcon_ws/install/husky_rycsv /usr/bin/cmake --build /home/akyatha/colcon_ws/build/husky_rycsv -- -j8 -l8
[14.190s] DEBUG:colcon.colcon_core.event_handler.log_command:Invoking command in '/home/akyatha/colcon_ws/build/husky_rycsv': CMAKE_PREFIX_PATH=/home/akyatha/colcon_ws/install/husky_tf_broadcaster:/home/akyatha/colcon_ws/install/ros_tcp_endpoint:/opt/ros/foxy:/home/akyatha/colcon_ws/install/husky_rycsv /usr/bin/cmake --install /home/akyatha/colcon_ws/build/husky_rycsv
[14.207s] Level 1:colcon.colcon_core.environment:create_environment_scripts_only(husky_rycsv)
[14.214s] DEBUG:colcon.colcon_core.event_handler.log_command:Invoked command in '/home/akyatha/colcon_ws/build/husky_rycsv' returned '0': CMAKE_PREFIX_PATH=/home/akyatha/colcon_ws/install/husky_tf_broadcaster:/home/akyatha/colcon_ws/install/ros_tcp_endpoint:/opt/ros/foxy:/home/akyatha/colcon_ws/install/husky_rycsv /usr/bin/cmake --install /home/akyatha/colcon_ws/build/husky_rycsv
[14.381s] Level 1:colcon.colcon_core.environment:checking '/home/akyatha/colcon_ws/install/husky_rycsv' for CMake module files
[14.381s] Level 1:colcon.colcon_core.environment:checking '/home/akyatha/colcon_ws/install/husky_rycsv' for CMake config files
[14.381s] Level 1:colcon.colcon_core.shell:create_environment_hook('husky_rycsv', 'cmake_prefix_path')
[14.534s] INFO:colcon.colcon_core.shell:Creating environment hook '/home/akyatha/colcon_ws/install/husky_rycsv/share/husky_rycsv/hook/cmake_prefix_path.ps1'
[14.535s] INFO:colcon.colcon_core.shell:Creating environment descriptor '/home/akyatha/colcon_ws/install/husky_rycsv/share/husky_rycsv/hook/cmake_prefix_path.dsv'
[14.535s] INFO:colcon.colcon_core.shell:Creating environment hook '/home/akyatha/colcon_ws/install/husky_rycsv/share/husky_rycsv/hook/cmake_prefix_path.sh'
[14.536s] Level 1:colcon.colcon_core.environment:checking '/home/akyatha/colcon_ws/install/husky_rycsv/lib'
[14.536s] Level 1:colcon.colcon_core.environment:checking '/home/akyatha/colcon_ws/install/husky_rycsv/bin'
[14.536s] Level 1:colcon.colcon_core.environment:checking '/home/akyatha/colcon_ws/install/husky_rycsv/lib/pkgconfig/husky_rycsv.pc'
[14.536s] Level 1:colcon.colcon_core.environment:checking '/home/akyatha/colcon_ws/install/husky_rycsv/lib/python3.8/site-packages'
[14.537s] Level 1:colcon.colcon_core.environment:checking '/home/akyatha/colcon_ws/install/husky_rycsv/bin'
[14.731s] INFO:colcon.colcon_core.shell:Creating package script '/home/akyatha/colcon_ws/install/husky_rycsv/share/husky_rycsv/package.ps1'
[14.732s] INFO:colcon.colcon_core.shell:Creating package descriptor '/home/akyatha/colcon_ws/install/husky_rycsv/share/husky_rycsv/package.dsv'
[14.733s] INFO:colcon.colcon_core.shell:Creating package script '/home/akyatha/colcon_ws/install/husky_rycsv/share/husky_rycsv/package.sh'
[14.734s] INFO:colcon.colcon_core.shell:Creating package script '/home/akyatha/colcon_ws/install/husky_rycsv/share/husky_rycsv/package.bash'
[14.737s] INFO:colcon.colcon_core.shell:Creating package script '/home/akyatha/colcon_ws/install/husky_rycsv/share/husky_rycsv/package.zsh'
[14.738s] Level 1:colcon.colcon_core.environment:create_file_with_runtime_dependencies(/home/akyatha/colcon_ws/install/husky_rycsv/share/colcon-core/packages/husky_rycsv)
[14.968s] Level 1:colcon.colcon_core.environment:create_environment_scripts_only(husky_rycsv)
[15.157s] Level 1:colcon.colcon_core.environment:checking '/home/akyatha/colcon_ws/install/husky_rycsv' for CMake module files
[15.157s] Level 1:colcon.colcon_core.environment:checking '/home/akyatha/colcon_ws/install/husky_rycsv' for CMake config files
[15.158s] Level 1:colcon.colcon_core.shell:create_environment_hook('husky_rycsv', 'cmake_prefix_path')
[15.317s] INFO:colcon.colcon_core.shell:Creating environment hook '/home/akyatha/colcon_ws/install/husky_rycsv/share/husky_rycsv/hook/cmake_prefix_path.ps1'
[15.318s] INFO:colcon.colcon_core.shell:Creating environment descriptor '/home/akyatha/colcon_ws/install/husky_rycsv/share/husky_rycsv/hook/cmake_prefix_path.dsv'
[15.319s] INFO:colcon.colcon_core.shell:Creating environment hook '/home/akyatha/colcon_ws/install/husky_rycsv/share/husky_rycsv/hook/cmake_prefix_path.sh'
[15.319s] Level 1:colcon.colcon_core.environment:checking '/home/akyatha/colcon_ws/install/husky_rycsv/lib'
[15.319s] Level 1:colcon.colcon_core.environment:checking '/home/akyatha/colcon_ws/install/husky_rycsv/bin'
[15.320s] Level 1:colcon.colcon_core.environment:checking '/home/akyatha/colcon_ws/install/husky_rycsv/lib/pkgconfig/husky_rycsv.pc'
[15.320s] Level 1:colcon.colcon_core.environment:checking '/home/akyatha/colcon_ws/install/husky_rycsv/lib/python3.8/site-packages'
[15.320s] Level 1:colcon.colcon_core.environment:checking '/home/akyatha/colcon_ws/install/husky_rycsv/bin'
[15.515s] INFO:colcon.colcon_core.shell:Creating package script '/home/akyatha/colcon_ws/install/husky_rycsv/share/husky_rycsv/package.ps1'
[15.516s] INFO:colcon.colcon_core.shell:Creating package descriptor '/home/akyatha/colcon_ws/install/husky_rycsv/share/husky_rycsv/package.dsv'
[15.516s] INFO:colcon.colcon_core.shell:Creating package script '/home/akyatha/colcon_ws/install/husky_rycsv/share/husky_rycsv/package.sh'
[15.516s] INFO:colcon.colcon_core.shell:Creating package script '/home/akyatha/colcon_ws/install/husky_rycsv/share/husky_rycsv/package.bash'
[15.517s] INFO:colcon.colcon_core.shell:Creating package script '/home/akyatha/colcon_ws/install/husky_rycsv/share/husky_rycsv/package.zsh'
[15.517s] Level 1:colcon.colcon_core.environment:create_file_with_runtime_dependencies(/home/akyatha/colcon_ws/install/husky_rycsv/share/colcon-core/packages/husky_rycsv)
[15.525s] DEBUG:colcon.colcon_core.event_handler.log_command:Invoking command in '/home/akyatha/colcon_ws/src/ROS-TCP-Endpoint': PYTHONPATH=/home/akyatha/colcon_ws/build/ros_tcp_endpoint/prefix_override:/home/akyatha/colcon_ws/install/ros_tcp_endpoint/lib/python3.8/site-packages:${PYTHONPATH} /usr/bin/python3 setup.py egg_info --egg-base ../../build/ros_tcp_endpoint build --build-base /home/akyatha/colcon_ws/build/ros_tcp_endpoint/build install --record /home/akyatha/colcon_ws/build/ros_tcp_endpoint/install.log --install-scripts $base/lib/ros_tcp_endpoint --single-version-externally-managed
[16.273s] DEBUG:colcon.colcon_core.event_handler.log_command:Invoked command in '/home/akyatha/colcon_ws/src/ROS-TCP-Endpoint' returned '0': PYTHONPATH=/home/akyatha/colcon_ws/build/ros_tcp_endpoint/prefix_override:/home/akyatha/colcon_ws/install/ros_tcp_endpoint/lib/python3.8/site-packages:${PYTHONPATH} /usr/bin/python3 setup.py egg_info --egg-base ../../build/ros_tcp_endpoint build --build-base /home/akyatha/colcon_ws/build/ros_tcp_endpoint/build install --record /home/akyatha/colcon_ws/build/ros_tcp_endpoint/install.log --install-scripts $base/lib/ros_tcp_endpoint --single-version-externally-managed
[16.436s] Level 1:colcon.colcon_core.environment:checking '/home/akyatha/colcon_ws/install/ros_tcp_endpoint' for CMake module files
[16.436s] Level 1:colcon.colcon_core.environment:checking '/home/akyatha/colcon_ws/install/ros_tcp_endpoint' for CMake config files
[16.437s] Level 1:colcon.colcon_core.environment:checking '/home/akyatha/colcon_ws/install/ros_tcp_endpoint/lib'
[16.437s] Level 1:colcon.colcon_core.environment:checking '/home/akyatha/colcon_ws/install/ros_tcp_endpoint/bin'
[16.437s] Level 1:colcon.colcon_core.environment:checking '/home/akyatha/colcon_ws/install/ros_tcp_endpoint/lib/pkgconfig/ros_tcp_endpoint.pc'
[16.437s] Level 1:colcon.colcon_core.environment:checking '/home/akyatha/colcon_ws/install/ros_tcp_endpoint/lib/python3.8/site-packages'
[16.437s] Level 1:colcon.colcon_core.shell:create_environment_hook('ros_tcp_endpoint', 'pythonpath')
[16.585s] INFO:colcon.colcon_core.shell:Creating environment hook '/home/akyatha/colcon_ws/install/ros_tcp_endpoint/share/ros_tcp_endpoint/hook/pythonpath.ps1'
[16.586s] INFO:colcon.colcon_core.shell:Creating environment descriptor '/home/akyatha/colcon_ws/install/ros_tcp_endpoint/share/ros_tcp_endpoint/hook/pythonpath.dsv'
[16.587s] INFO:colcon.colcon_core.shell:Creating environment hook '/home/akyatha/colcon_ws/install/ros_tcp_endpoint/share/ros_tcp_endpoint/hook/pythonpath.sh'
[16.588s] Level 1:colcon.colcon_core.environment:checking '/home/akyatha/colcon_ws/install/ros_tcp_endpoint/bin'
[16.588s] Level 1:colcon.colcon_core.environment:create_environment_scripts_only(ros_tcp_endpoint)
[16.741s] INFO:colcon.colcon_core.shell:Creating package script '/home/akyatha/colcon_ws/install/ros_tcp_endpoint/share/ros_tcp_endpoint/package.ps1'
[16.742s] INFO:colcon.colcon_core.shell:Creating package descriptor '/home/akyatha/colcon_ws/install/ros_tcp_endpoint/share/ros_tcp_endpoint/package.dsv'
[16.742s] INFO:colcon.colcon_core.shell:Creating package script '/home/akyatha/colcon_ws/install/ros_tcp_endpoint/share/ros_tcp_endpoint/package.sh'
[16.743s] INFO:colcon.colcon_core.shell:Creating package script '/home/akyatha/colcon_ws/install/ros_tcp_endpoint/share/ros_tcp_endpoint/package.bash'
[16.743s] INFO:colcon.colcon_core.shell:Creating package script '/home/akyatha/colcon_ws/install/ros_tcp_endpoint/share/ros_tcp_endpoint/package.zsh'
[16.744s] Level 1:colcon.colcon_core.environment:create_file_with_runtime_dependencies(/home/akyatha/colcon_ws/install/ros_tcp_endpoint/share/colcon-core/packages/ros_tcp_endpoint)
[22.759s] DEBUG:colcon.colcon_core.event_handler.log_command:Invoked command in '/home/akyatha/colcon_ws/build/husky_tf_broadcaster' returned '0': CMAKE_PREFIX_PATH=/home/akyatha/colcon_ws/install/husky_tf_broadcaster:/home/akyatha/colcon_ws/install/ros_tcp_endpoint:/opt/ros/foxy:/home/akyatha/colcon_ws/install/husky_rycsv /usr/bin/cmake --build /home/akyatha/colcon_ws/build/husky_tf_broadcaster -- -j8 -l8
[22.790s] DEBUG:colcon.colcon_core.event_handler.log_command:Invoking command in '/home/akyatha/colcon_ws/build/husky_tf_broadcaster': CMAKE_PREFIX_PATH=/home/akyatha/colcon_ws/install/husky_tf_broadcaster:/home/akyatha/colcon_ws/install/ros_tcp_endpoint:/opt/ros/foxy:/home/akyatha/colcon_ws/install/husky_rycsv /usr/bin/cmake --install /home/akyatha/colcon_ws/build/husky_tf_broadcaster
[22.809s] Level 1:colcon.colcon_core.environment:create_environment_scripts_only(husky_tf_broadcaster)
[22.810s] DEBUG:colcon.colcon_core.event_handler.log_command:Invoked command in '/home/akyatha/colcon_ws/build/husky_tf_broadcaster' returned '0': CMAKE_PREFIX_PATH=/home/akyatha/colcon_ws/install/husky_tf_broadcaster:/home/akyatha/colcon_ws/install/ros_tcp_endpoint:/opt/ros/foxy:/home/akyatha/colcon_ws/install/husky_rycsv /usr/bin/cmake --install /home/akyatha/colcon_ws/build/husky_tf_broadcaster
[22.960s] Level 1:colcon.colcon_core.environment:checking '/home/akyatha/colcon_ws/install/husky_tf_broadcaster' for CMake module files
[22.960s] Level 1:colcon.colcon_core.environment:checking '/home/akyatha/colcon_ws/install/husky_tf_broadcaster' for CMake config files
[22.961s] Level 1:colcon.colcon_core.shell:create_environment_hook('husky_tf_broadcaster', 'cmake_prefix_path')
[23.121s] INFO:colcon.colcon_core.shell:Creating environment hook '/home/akyatha/colcon_ws/install/husky_tf_broadcaster/share/husky_tf_broadcaster/hook/cmake_prefix_path.ps1'
[23.122s] INFO:colcon.colcon_core.shell:Creating environment descriptor '/home/akyatha/colcon_ws/install/husky_tf_broadcaster/share/husky_tf_broadcaster/hook/cmake_prefix_path.dsv'
[23.122s] INFO:colcon.colcon_core.shell:Creating environment hook '/home/akyatha/colcon_ws/install/husky_tf_broadcaster/share/husky_tf_broadcaster/hook/cmake_prefix_path.sh'
[23.123s] Level 1:colcon.colcon_core.environment:checking '/home/akyatha/colcon_ws/install/husky_tf_broadcaster/lib'
[23.123s] Level 1:colcon.colcon_core.environment:checking '/home/akyatha/colcon_ws/install/husky_tf_broadcaster/bin'
[23.123s] Level 1:colcon.colcon_core.environment:checking '/home/akyatha/colcon_ws/install/husky_tf_broadcaster/lib/pkgconfig/husky_tf_broadcaster.pc'
[23.124s] Level 1:colcon.colcon_core.environment:checking '/home/akyatha/colcon_ws/install/husky_tf_broadcaster/lib/python3.8/site-packages'
[23.124s] Level 1:colcon.colcon_core.environment:checking '/home/akyatha/colcon_ws/install/husky_tf_broadcaster/bin'
[23.269s] INFO:colcon.colcon_core.shell:Creating package script '/home/akyatha/colcon_ws/install/husky_tf_broadcaster/share/husky_tf_broadcaster/package.ps1'
[23.270s] INFO:colcon.colcon_core.shell:Creating package descriptor '/home/akyatha/colcon_ws/install/husky_tf_broadcaster/share/husky_tf_broadcaster/package.dsv'
[23.271s] INFO:colcon.colcon_core.shell:Creating package script '/home/akyatha/colcon_ws/install/husky_tf_broadcaster/share/husky_tf_broadcaster/package.sh'
[23.271s] INFO:colcon.colcon_core.shell:Creating package script '/home/akyatha/colcon_ws/install/husky_tf_broadcaster/share/husky_tf_broadcaster/package.bash'
[23.271s] INFO:colcon.colcon_core.shell:Creating package script '/home/akyatha/colcon_ws/install/husky_tf_broadcaster/share/husky_tf_broadcaster/package.zsh'
[23.272s] Level 1:colcon.colcon_core.environment:create_file_with_runtime_dependencies(/home/akyatha/colcon_ws/install/husky_tf_broadcaster/share/colcon-core/packages/husky_tf_broadcaster)
[23.457s] Level 1:colcon.colcon_core.environment:create_environment_scripts_only(husky_tf_broadcaster)
[23.616s] Level 1:colcon.colcon_core.environment:checking '/home/akyatha/colcon_ws/install/husky_tf_broadcaster' for CMake module files
[23.616s] Level 1:colcon.colcon_core.environment:checking '/home/akyatha/colcon_ws/install/husky_tf_broadcaster' for CMake config files
[23.616s] Level 1:colcon.colcon_core.shell:create_environment_hook('husky_tf_broadcaster', 'cmake_prefix_path')
[23.772s] INFO:colcon.colcon_core.shell:Creating environment hook '/home/akyatha/colcon_ws/install/husky_tf_broadcaster/share/husky_tf_broadcaster/hook/cmake_prefix_path.ps1'
[23.774s] INFO:colcon.colcon_core.shell:Creating environment descriptor '/home/akyatha/colcon_ws/install/husky_tf_broadcaster/share/husky_tf_broadcaster/hook/cmake_prefix_path.dsv'
[23.774s] INFO:colcon.colcon_core.shell:Creating environment hook '/home/akyatha/colcon_ws/install/husky_tf_broadcaster/share/husky_tf_broadcaster/hook/cmake_prefix_path.sh'
[23.775s] Level 1:colcon.colcon_core.environment:checking '/home/akyatha/colcon_ws/install/husky_tf_broadcaster/lib'
[23.775s] Level 1:colcon.colcon_core.environment:checking '/home/akyatha/colcon_ws/install/husky_tf_broadcaster/bin'
[23.775s] Level 1:colcon.colcon_core.environment:checking '/home/akyatha/colcon_ws/install/husky_tf_broadcaster/lib/pkgconfig/husky_tf_broadcaster.pc'
[23.775s] Level 1:colcon.colcon_core.environment:checking '/home/akyatha/colcon_ws/install/husky_tf_broadcaster/lib/python3.8/site-packages'
[23.775s] Level 1:colcon.colcon_core.environment:checking '/home/akyatha/colcon_ws/install/husky_tf_broadcaster/bin'
[23.953s] INFO:colcon.colcon_core.shell:Creating package script '/home/akyatha/colcon_ws/install/husky_tf_broadcaster/share/husky_tf_broadcaster/package.ps1'
[23.953s] INFO:colcon.colcon_core.shell:Creating package descriptor '/home/akyatha/colcon_ws/install/husky_tf_broadcaster/share/husky_tf_broadcaster/package.dsv'
[23.954s] INFO:colcon.colcon_core.shell:Creating package script '/home/akyatha/colcon_ws/install/husky_tf_broadcaster/share/husky_tf_broadcaster/package.sh'
[23.955s] INFO:colcon.colcon_core.shell:Creating package script '/home/akyatha/colcon_ws/install/husky_tf_broadcaster/share/husky_tf_broadcaster/package.bash'
[23.956s] INFO:colcon.colcon_core.shell:Creating package script '/home/akyatha/colcon_ws/install/husky_tf_broadcaster/share/husky_tf_broadcaster/package.zsh'
[23.956s] Level 1:colcon.colcon_core.environment:create_file_with_runtime_dependencies(/home/akyatha/colcon_ws/install/husky_tf_broadcaster/share/colcon-core/packages/husky_tf_broadcaster)
[23.957s] DEBUG:colcon.colcon_parallel_executor.executor.parallel:closing loop
[23.957s] DEBUG:colcon.colcon_parallel_executor.executor.parallel:loop closed
[23.958s] DEBUG:colcon.colcon_parallel_executor.executor.parallel:run_until_complete finished with '0'
[23.958s] DEBUG:colcon.colcon_core.event_reactor:joining thread
[24.109s] INFO:colcon.colcon_core.plugin_system:Skipping extension 'colcon_notification.desktop_notification.terminal_notifier': Not used on non-Darwin systems
[24.110s] INFO:colcon.colcon_core.plugin_system:Skipping extension 'colcon_notification.desktop_notification.win32': Not used on non-Windows systems
[24.110s] INFO:colcon.colcon_notification.desktop_notification:Sending desktop notification using 'notify2'
[24.140s] DEBUG:colcon.colcon_core.event_reactor:joined thread
[24.286s] INFO:colcon.colcon_core.shell:Creating prefix script '/home/akyatha/colcon_ws/install/local_setup.ps1'
[24.287s] INFO:colcon.colcon_core.shell:Creating prefix util module '/home/akyatha/colcon_ws/install/_local_setup_util_ps1.py'
[24.289s] INFO:colcon.colcon_core.shell:Creating prefix chain script '/home/akyatha/colcon_ws/install/setup.ps1'
[24.428s] INFO:colcon.colcon_core.shell:Creating prefix script '/home/akyatha/colcon_ws/install/local_setup.sh'
[24.429s] INFO:colcon.colcon_core.shell:Creating prefix util module '/home/akyatha/colcon_ws/install/_local_setup_util_sh.py'
[24.429s] INFO:colcon.colcon_core.shell:Creating prefix chain script '/home/akyatha/colcon_ws/install/setup.sh'
[24.562s] INFO:colcon.colcon_core.shell:Creating prefix script '/home/akyatha/colcon_ws/install/local_setup.bash'
[24.563s] INFO:colcon.colcon_core.shell:Creating prefix chain script '/home/akyatha/colcon_ws/install/setup.bash'
[24.702s] INFO:colcon.colcon_core.shell:Creating prefix script '/home/akyatha/colcon_ws/install/local_setup.zsh'
[24.703s] INFO:colcon.colcon_core.shell:Creating prefix chain script '/home/akyatha/colcon_ws/install/setup.zsh'
