[1.032s] Invoking command in '/home/akyatha/colcon_ws/build/husky_tf_broadcaster': CMAKE_PREFIX_PATH=/home/akyatha/colcon_ws/install/husky_tf_broadcaster:/home/akyatha/colcon_ws/install/ros_tcp_endpoint:/opt/ros/foxy:/home/akyatha/colcon_ws/install/husky_rycsv /usr/bin/cmake /home/akyatha/colcon_ws/src/husky_tf_broadcaster -DCMAKE_INSTALL_PREFIX=/home/akyatha/colcon_ws/install/husky_tf_broadcaster
[1.429s] -- The C compiler identification is GNU 9.4.0
[1.677s] -- The CXX compiler identification is GNU 9.4.0
[1.692s] -- Check for working C compiler: /usr/bin/cc
[1.780s] -- Check for working C compiler: /usr/bin/cc -- works
[1.781s] -- Detecting C compiler ABI info
[1.855s] -- Detecting C compiler ABI info - done
[1.870s] -- Detecting C compile features
[1.871s] -- Detecting C compile features - done
[1.875s] -- Check for working CXX compiler: /usr/bin/c++
[1.957s] -- Check for working CXX compiler: /usr/bin/c++ -- works
[1.957s] -- Detecting CXX compiler ABI info
[2.042s] -- Detecting CXX compiler ABI info - done
[2.058s] -- Detecting CXX compile features
[2.059s] -- Detecting CXX compile features - done
[2.070s] -- Found ament_cmake: 0.9.12 (/opt/ros/foxy/share/ament_cmake/cmake)
[2.114s] -- Found PythonInterp: /usr/bin/python3 (found suitable version "3.8.10", minimum required is "3") 
[2.115s] -- Using PYTHON_EXECUTABLE: /usr/bin/python3
[2.425s] -- Found rclcpp: 2.4.3 (/opt/ros/foxy/share/rclcpp/cmake)
[2.673s] -- Using all available rosidl_typesupport_c: rosidl_typesupport_fastrtps_c;rosidl_typesupport_introspection_c
[2.684s] -- Found rosidl_adapter: 1.3.1 (/opt/ros/foxy/share/rosidl_adapter/cmake)
[2.856s] -- Found OpenSSL: /usr/lib/x86_64-linux-gnu/libcrypto.so (found version "1.1.1f")  
[2.892s] -- Found FastRTPS: /opt/ros/foxy/include  
[3.030s] -- Using all available rosidl_typesupport_cpp: rosidl_typesupport_fastrtps_cpp;rosidl_typesupport_introspection_cpp
[3.250s] -- Found rmw_implementation_cmake: 1.0.4 (/opt/ros/foxy/share/rmw_implementation_cmake/cmake)
[3.266s] -- Using RMW implementation 'rmw_fastrtps_cpp' as default
[3.279s] -- Looking for pthread.h
[3.384s] -- Looking for pthread.h - found
[3.385s] -- Performing Test CMAKE_HAVE_LIBC_PTHREAD
[3.465s] -- Performing Test CMAKE_HAVE_LIBC_PTHREAD - Failed
[3.466s] -- Looking for pthread_create in pthreads
[3.533s] -- Looking for pthread_create in pthreads - not found
[3.533s] -- Looking for pthread_create in pthread
[3.612s] -- Looking for pthread_create in pthread - found
[3.614s] -- Found Threads: TRUE  
[3.818s] -- Found geometry_msgs: 2.0.5 (/opt/ros/foxy/share/geometry_msgs/cmake)
[3.857s] -- Found tf2_ros: 0.13.14 (/opt/ros/foxy/share/tf2_ros/cmake)
[4.465s] -- Found tf2_geometry_msgs: 0.13.14 (/opt/ros/foxy/share/tf2_geometry_msgs/cmake)
[4.488s] -- Found eigen3_cmake_module: 0.1.1 (/opt/ros/foxy/share/eigen3_cmake_module/cmake)
[4.503s] -- Found Eigen3: TRUE (found version "3.3.7") 
[4.535s] -- Found ament_lint_auto: 0.9.8 (/opt/ros/foxy/share/ament_lint_auto/cmake)
[4.626s] -- Added test 'copyright' to check source files copyright and LICENSE
[4.627s] -- Added test 'cppcheck' to perform static code analysis on C / C++ code
[4.629s] -- Configured cppcheck include dirs: 
[4.629s] -- Configured cppcheck exclude dirs and/or files: 
[4.629s] -- Added test 'cpplint' to check C / C++ code against the Google style
[4.631s] -- Configured cpplint exclude dirs and/or files: 
[4.632s] -- Added test 'lint_cmake' to check CMake code style
[4.632s] -- Added test 'uncrustify' to check C / C++ code style
[4.632s] -- Configured uncrustify additional arguments: 
[4.633s] -- Added test 'xmllint' to check XML markup files
[4.637s] -- Configuring done
[4.646s] -- Generating done
[4.649s] -- Build files have been written to: /home/akyatha/colcon_ws/build/husky_tf_broadcaster
[4.829s] Invoked command in '/home/akyatha/colcon_ws/build/husky_tf_broadcaster' returned '0': CMAKE_PREFIX_PATH=/home/akyatha/colcon_ws/install/husky_tf_broadcaster:/home/akyatha/colcon_ws/install/ros_tcp_endpoint:/opt/ros/foxy:/home/akyatha/colcon_ws/install/husky_rycsv /usr/bin/cmake /home/akyatha/colcon_ws/src/husky_tf_broadcaster -DCMAKE_INSTALL_PREFIX=/home/akyatha/colcon_ws/install/husky_tf_broadcaster
[4.831s] Invoking command in '/home/akyatha/colcon_ws/build/husky_tf_broadcaster': CMAKE_PREFIX_PATH=/home/akyatha/colcon_ws/install/husky_tf_broadcaster:/home/akyatha/colcon_ws/install/ros_tcp_endpoint:/opt/ros/foxy:/home/akyatha/colcon_ws/install/husky_rycsv /usr/bin/cmake --build /home/akyatha/colcon_ws/build/husky_tf_broadcaster -- -j8 -l8
[4.879s] [35m[1mScanning dependencies of target husky_tf_broadcaster[0m
[4.929s] [100%] Built target husky_tf_broadcaster
[5.350s] Invoked command in '/home/akyatha/colcon_ws/build/husky_tf_broadcaster' returned '0': CMAKE_PREFIX_PATH=/home/akyatha/colcon_ws/install/husky_tf_broadcaster:/home/akyatha/colcon_ws/install/ros_tcp_endpoint:/opt/ros/foxy:/home/akyatha/colcon_ws/install/husky_rycsv /usr/bin/cmake --build /home/akyatha/colcon_ws/build/husky_tf_broadcaster -- -j8 -l8
[5.373s] Invoking command in '/home/akyatha/colcon_ws/build/husky_tf_broadcaster': CMAKE_PREFIX_PATH=/home/akyatha/colcon_ws/install/husky_tf_broadcaster:/home/akyatha/colcon_ws/install/ros_tcp_endpoint:/opt/ros/foxy:/home/akyatha/colcon_ws/install/husky_rycsv /usr/bin/cmake --install /home/akyatha/colcon_ws/build/husky_tf_broadcaster
[5.382s] -- Install configuration: ""
[5.382s] -- Up-to-date: /home/akyatha/colcon_ws/install/husky_tf_broadcaster/lib/husky_tf_broadcaster/husky_tf_broadcaster
[5.382s] -- Up-to-date: /home/akyatha/colcon_ws/install/husky_tf_broadcaster/share/husky_tf_broadcaster/launch
[5.382s] -- Up-to-date: /home/akyatha/colcon_ws/install/husky_tf_broadcaster/share/husky_tf_broadcaster/launch/tf2_tranforms.launch.xml
[5.382s] -- Up-to-date: /home/akyatha/colcon_ws/install/husky_tf_broadcaster/share/ament_index/resource_index/package_run_dependencies/husky_tf_broadcaster
[5.382s] -- Installing: /home/akyatha/colcon_ws/install/husky_tf_broadcaster/share/ament_index/resource_index/parent_prefix_path/husky_tf_broadcaster
[5.383s] -- Up-to-date: /home/akyatha/colcon_ws/install/husky_tf_broadcaster/share/husky_tf_broadcaster/environment/ament_prefix_path.sh
[5.383s] -- Installing: /home/akyatha/colcon_ws/install/husky_tf_broadcaster/share/husky_tf_broadcaster/environment/ament_prefix_path.dsv
[5.383s] -- Up-to-date: /home/akyatha/colcon_ws/install/husky_tf_broadcaster/share/husky_tf_broadcaster/environment/path.sh
[5.383s] -- Installing: /home/akyatha/colcon_ws/install/husky_tf_broadcaster/share/husky_tf_broadcaster/environment/path.dsv
[5.383s] -- Up-to-date: /home/akyatha/colcon_ws/install/husky_tf_broadcaster/share/husky_tf_broadcaster/local_setup.bash
[5.383s] -- Up-to-date: /home/akyatha/colcon_ws/install/husky_tf_broadcaster/share/husky_tf_broadcaster/local_setup.sh
[5.383s] -- Up-to-date: /home/akyatha/colcon_ws/install/husky_tf_broadcaster/share/husky_tf_broadcaster/local_setup.zsh
[5.383s] -- Installing: /home/akyatha/colcon_ws/install/husky_tf_broadcaster/share/husky_tf_broadcaster/local_setup.dsv
[5.383s] -- Installing: /home/akyatha/colcon_ws/install/husky_tf_broadcaster/share/husky_tf_broadcaster/package.dsv
[5.384s] -- Up-to-date: /home/akyatha/colcon_ws/install/husky_tf_broadcaster/share/ament_index/resource_index/packages/husky_tf_broadcaster
[5.384s] -- Up-to-date: /home/akyatha/colcon_ws/install/husky_tf_broadcaster/share/husky_tf_broadcaster/cmake/husky_tf_broadcasterConfig.cmake
[5.384s] -- Up-to-date: /home/akyatha/colcon_ws/install/husky_tf_broadcaster/share/husky_tf_broadcaster/cmake/husky_tf_broadcasterConfig-version.cmake
[5.384s] -- Up-to-date: /home/akyatha/colcon_ws/install/husky_tf_broadcaster/share/husky_tf_broadcaster/package.xml
[5.386s] Invoked command in '/home/akyatha/colcon_ws/build/husky_tf_broadcaster' returned '0': CMAKE_PREFIX_PATH=/home/akyatha/colcon_ws/install/husky_tf_broadcaster:/home/akyatha/colcon_ws/install/ros_tcp_endpoint:/opt/ros/foxy:/home/akyatha/colcon_ws/install/husky_rycsv /usr/bin/cmake --install /home/akyatha/colcon_ws/build/husky_tf_broadcaster
