[1.399s] Invoking command in '/home/akyatha/colcon_ws/build/husky_rycsv': CMAKE_PREFIX_PATH=/home/akyatha/colcon_ws/install/husky_tf_broadcaster:/home/akyatha/colcon_ws/install/ros_tcp_endpoint:/opt/ros/foxy:/home/akyatha/colcon_ws/install/husky_rycsv /usr/bin/cmake --build /home/akyatha/colcon_ws/build/husky_rycsv -- -j8 -l8
[1.426s] -- Found ament_cmake: 0.9.12 (/opt/ros/foxy/share/ament_cmake/cmake)
[1.453s] -- Using PYTHON_EXECUTABLE: /usr/bin/python3
[1.644s] -- Found rclpy: 1.0.13 (/opt/ros/foxy/share/rclpy/cmake)
[1.644s] -- Found geometry_msgs: 2.0.5 (/opt/ros/foxy/share/geometry_msgs/cmake)
[1.674s] -- Using all available rosidl_typesupport_c: rosidl_typesupport_fastrtps_c;rosidl_typesupport_introspection_c
[1.676s] -- Found rosidl_adapter: 1.3.1 (/opt/ros/foxy/share/rosidl_adapter/cmake)
[1.797s] -- Using all available rosidl_typesupport_cpp: rosidl_typesupport_fastrtps_cpp;rosidl_typesupport_introspection_cpp
[1.895s] -- Found nav_msgs: 2.0.5 (/opt/ros/foxy/share/nav_msgs/cmake)
[1.969s] -- Found ament_lint_auto: 0.9.8 (/opt/ros/foxy/share/ament_lint_auto/cmake)
[2.031s] CMake Error at /opt/ros/foxy/share/ament_cmake_target_dependencies/cmake/ament_target_dependencies.cmake:77 (message):
[2.032s]   ament_target_dependencies() the passed package name 'rclcpp' was not found
[2.032s]   before
[2.032s] Call Stack (most recent call first):
[2.033s]   CMakeLists.txt:40 (ament_target_dependencies)
[2.033s] 
[2.033s] 
[2.033s] -- Configuring incomplete, errors occurred!
[2.034s] See also "/home/akyatha/colcon_ws/build/husky_rycsv/CMakeFiles/CMakeOutput.log".
[2.034s] See also "/home/akyatha/colcon_ws/build/husky_rycsv/CMakeFiles/CMakeError.log".
[2.039s] make: *** [Makefile:222: cmake_check_build_system] Error 1
[2.071s] Invoked command in '/home/akyatha/colcon_ws/build/husky_rycsv' returned '2': CMAKE_PREFIX_PATH=/home/akyatha/colcon_ws/install/husky_tf_broadcaster:/home/akyatha/colcon_ws/install/ros_tcp_endpoint:/opt/ros/foxy:/home/akyatha/colcon_ws/install/husky_rycsv /usr/bin/cmake --build /home/akyatha/colcon_ws/build/husky_rycsv -- -j8 -l8
