[1.863s] Invoking command in '/home/akyatha/colcon_ws/build/husky_tf_broadcaster': CMAKE_PREFIX_PATH=${CMAKE_PREFIX_PATH}:/home/akyatha/colcon_ws/install/ros_tcp_endpoint:/opt/ros/foxy /usr/bin/cmake --build /home/akyatha/colcon_ws/build/husky_tf_broadcaster -- -j8 -l8
[1.939s] [35m[1mScanning dependencies of target husky_tf_broadcaster[0m
[1.991s] [ 50%] [32mBuilding CXX object CMakeFiles/husky_tf_broadcaster.dir/src/husky_tf_broadcaster.cpp.o[0m
[10.783s] [100%] [32m[1mLinking CXX executable husky_tf_broadcaster[0m
[11.336s] [100%] Built target husky_tf_broadcaster
[11.355s] Invoked command in '/home/akyatha/colcon_ws/build/husky_tf_broadcaster' returned '0': CMAKE_PREFIX_PATH=${CMAKE_PREFIX_PATH}:/home/akyatha/colcon_ws/install/ros_tcp_endpoint:/opt/ros/foxy /usr/bin/cmake --build /home/akyatha/colcon_ws/build/husky_tf_broadcaster -- -j8 -l8
[11.424s] Invoking command in '/home/akyatha/colcon_ws/build/husky_tf_broadcaster': CMAKE_PREFIX_PATH=${CMAKE_PREFIX_PATH}:/home/akyatha/colcon_ws/install/ros_tcp_endpoint:/opt/ros/foxy /usr/bin/cmake --install /home/akyatha/colcon_ws/build/husky_tf_broadcaster
[11.436s] -- Install configuration: ""
[11.437s] -- Installing: /home/akyatha/colcon_ws/install/husky_tf_broadcaster/lib/husky_tf_broadcaster/husky_tf_broadcaster
[11.441s] -- Set runtime path of "/home/akyatha/colcon_ws/install/husky_tf_broadcaster/lib/husky_tf_broadcaster/husky_tf_broadcaster" to ""
[11.441s] -- Up-to-date: /home/akyatha/colcon_ws/install/husky_tf_broadcaster/share/husky_tf_broadcaster/launch
[11.441s] -- Up-to-date: /home/akyatha/colcon_ws/install/husky_tf_broadcaster/share/husky_tf_broadcaster/launch/tf2_tranforms.launch.xml
[11.442s] -- Up-to-date: /home/akyatha/colcon_ws/install/husky_tf_broadcaster/share/ament_index/resource_index/package_run_dependencies/husky_tf_broadcaster
[11.442s] -- Up-to-date: /home/akyatha/colcon_ws/install/husky_tf_broadcaster/share/ament_index/resource_index/parent_prefix_path/husky_tf_broadcaster
[11.442s] -- Up-to-date: /home/akyatha/colcon_ws/install/husky_tf_broadcaster/share/husky_tf_broadcaster/environment/ament_prefix_path.sh
[11.442s] -- Up-to-date: /home/akyatha/colcon_ws/install/husky_tf_broadcaster/share/husky_tf_broadcaster/environment/ament_prefix_path.dsv
[11.442s] -- Up-to-date: /home/akyatha/colcon_ws/install/husky_tf_broadcaster/share/husky_tf_broadcaster/environment/path.sh
[11.442s] -- Up-to-date: /home/akyatha/colcon_ws/install/husky_tf_broadcaster/share/husky_tf_broadcaster/environment/path.dsv
[11.442s] -- Up-to-date: /home/akyatha/colcon_ws/install/husky_tf_broadcaster/share/husky_tf_broadcaster/local_setup.bash
[11.442s] -- Up-to-date: /home/akyatha/colcon_ws/install/husky_tf_broadcaster/share/husky_tf_broadcaster/local_setup.sh
[11.443s] -- Up-to-date: /home/akyatha/colcon_ws/install/husky_tf_broadcaster/share/husky_tf_broadcaster/local_setup.zsh
[11.443s] -- Up-to-date: /home/akyatha/colcon_ws/install/husky_tf_broadcaster/share/husky_tf_broadcaster/local_setup.dsv
[11.443s] -- Installing: /home/akyatha/colcon_ws/install/husky_tf_broadcaster/share/husky_tf_broadcaster/package.dsv
[11.443s] -- Up-to-date: /home/akyatha/colcon_ws/install/husky_tf_broadcaster/share/ament_index/resource_index/packages/husky_tf_broadcaster
[11.443s] -- Up-to-date: /home/akyatha/colcon_ws/install/husky_tf_broadcaster/share/husky_tf_broadcaster/cmake/husky_tf_broadcasterConfig.cmake
[11.443s] -- Up-to-date: /home/akyatha/colcon_ws/install/husky_tf_broadcaster/share/husky_tf_broadcaster/cmake/husky_tf_broadcasterConfig-version.cmake
[11.443s] -- Up-to-date: /home/akyatha/colcon_ws/install/husky_tf_broadcaster/share/husky_tf_broadcaster/package.xml
[11.446s] Invoked command in '/home/akyatha/colcon_ws/build/husky_tf_broadcaster' returned '0': CMAKE_PREFIX_PATH=${CMAKE_PREFIX_PATH}:/home/akyatha/colcon_ws/install/ros_tcp_endpoint:/opt/ros/foxy /usr/bin/cmake --install /home/akyatha/colcon_ws/build/husky_tf_broadcaster
