[1.308s] Invoking command in '/home/akyatha/colcon_ws/build/husky_rycsv': /usr/bin/cmake /home/akyatha/colcon_ws/src/husky_rycsv -DCATKIN_INSTALL_INTO_PREFIX_ROOT=0 -DCMAKE_INSTALL_PREFIX=/home/akyatha/colcon_ws/install/husky_rycsv
[1.775s] -- The C compiler identification is GNU 9.4.0
[2.004s] -- The CXX compiler identification is GNU 9.4.0
[2.018s] -- Check for working C compiler: /usr/bin/cc
[2.087s] -- Check for working C compiler: /usr/bin/cc -- works
[2.089s] -- Detecting C compiler ABI info
[2.155s] -- Detecting C compiler ABI info - done
[2.167s] -- Detecting C compile features
[2.168s] -- Detecting C compile features - done
[2.174s] -- Check for working CXX compiler: /usr/bin/c++
[2.247s] -- Check for working CXX compiler: /usr/bin/c++ -- works
[2.249s] -- Detecting CXX compiler ABI info
[2.325s] -- Detecting CXX compiler ABI info - done
[2.340s] -- Detecting CXX compile features
[2.340s] -- Detecting CXX compile features - done
[2.351s] CMake Error at CMakeLists.txt:10 (find_package):
[2.352s]   By not providing "Findcatkin.cmake" in CMAKE_MODULE_PATH this project has
[2.353s]   asked CMake to find a package configuration file provided by "catkin", but
[2.353s]   CMake did not find one.
[2.354s] 
[2.355s]   Could not find a package configuration file provided by "catkin" with any
[2.355s]   of the following names:
[2.356s] 
[2.356s]     catkinConfig.cmake
[2.356s]     catkin-config.cmake
[2.356s] 
[2.357s]   Add the installation prefix of "catkin" to CMAKE_PREFIX_PATH or set
[2.358s]   "catkin_DIR" to a directory containing one of the above files.  If "catkin"
[2.358s]   provides a separate development package or SDK, be sure it has been
[2.358s]   installed.
[2.358s] 
[2.361s] 
[2.363s] -- Configuring incomplete, errors occurred!
[2.363s] See also "/home/akyatha/colcon_ws/build/husky_rycsv/CMakeFiles/CMakeOutput.log".
[2.412s] Invoked command in '/home/akyatha/colcon_ws/build/husky_rycsv' returned '1': /usr/bin/cmake /home/akyatha/colcon_ws/src/husky_rycsv -DCATKIN_INSTALL_INTO_PREFIX_ROOT=0 -DCMAKE_INSTALL_PREFIX=/home/akyatha/colcon_ws/install/husky_rycsv
