[3.536s] Invoking command in '/home/akyatha/colcon_ws/build/husky_rycsv': CMAKE_PREFIX_PATH=/home/akyatha/colcon_ws/install/husky_tf_broadcaster:/home/akyatha/colcon_ws/install/ros_tcp_endpoint:/opt/ros/foxy:/home/akyatha/colcon_ws/install/husky_rycsv /usr/bin/cmake --build /home/akyatha/colcon_ws/build/husky_rycsv -- -j8 -l8
[5.303s] [100%] Built target urdf_publisher
[5.319s] Invoked command in '/home/akyatha/colcon_ws/build/husky_rycsv' returned '0': CMAKE_PREFIX_PATH=/home/akyatha/colcon_ws/install/husky_tf_broadcaster:/home/akyatha/colcon_ws/install/ros_tcp_endpoint:/opt/ros/foxy:/home/akyatha/colcon_ws/install/husky_rycsv /usr/bin/cmake --build /home/akyatha/colcon_ws/build/husky_rycsv -- -j8 -l8
[5.424s] Invoking command in '/home/akyatha/colcon_ws/build/husky_rycsv': CMAKE_PREFIX_PATH=/home/akyatha/colcon_ws/install/husky_tf_broadcaster:/home/akyatha/colcon_ws/install/ros_tcp_endpoint:/opt/ros/foxy:/home/akyatha/colcon_ws/install/husky_rycsv /usr/bin/cmake --install /home/akyatha/colcon_ws/build/husky_rycsv
[5.441s] -- Install configuration: ""
[5.441s] -- Up-to-date: /home/akyatha/colcon_ws/install/husky_rycsv/share/husky_rycsv/launch
[5.442s] -- Up-to-date: /home/akyatha/colcon_ws/install/husky_rycsv/share/husky_rycsv/launch/husky_simulation.launch.xml
[5.442s] -- Up-to-date: /home/akyatha/colcon_ws/install/husky_rycsv/share/husky_rycsv/config
[5.442s] -- Up-to-date: /home/akyatha/colcon_ws/install/husky_rycsv/share/husky_rycsv/rviz
[5.442s] -- Up-to-date: /home/akyatha/colcon_ws/install/husky_rycsv/share/husky_rycsv/urdf
[5.443s] -- Up-to-date: /home/akyatha/colcon_ws/install/husky_rycsv/share/husky_rycsv/urdf/sick_lms1xx.urdf.xacro
[5.443s] -- Up-to-date: /home/akyatha/colcon_ws/install/husky_rycsv/share/husky_rycsv/urdf/husky.urdf
[5.443s] -- Up-to-date: /home/akyatha/colcon_ws/install/husky_rycsv/share/husky_rycsv/urdf/accessories
[5.443s] -- Up-to-date: /home/akyatha/colcon_ws/install/husky_rycsv/share/husky_rycsv/urdf/accessories/sensor_arch.urdf.xacro
[5.444s] -- Up-to-date: /home/akyatha/colcon_ws/install/husky_rycsv/share/husky_rycsv/urdf/accessories/sick_lms1xx_mount.urdf.xacro
[5.444s] -- Up-to-date: /home/akyatha/colcon_ws/install/husky_rycsv/share/husky_rycsv/urdf/decorations.urdf.xacro
[5.444s] -- Up-to-date: /home/akyatha/colcon_ws/install/husky_rycsv/share/husky_rycsv/urdf/wheel.urdf.xacro
[5.444s] -- Up-to-date: /home/akyatha/colcon_ws/install/husky_rycsv/share/husky_rycsv/urdf/husky.urdf.xacro
[5.444s] -- Up-to-date: /home/akyatha/colcon_ws/install/husky_rycsv/share/husky_rycsv/meshes
[5.445s] -- Up-to-date: /home/akyatha/colcon_ws/install/husky_rycsv/share/husky_rycsv/meshes/base_link.stl
[5.445s] -- Up-to-date: /home/akyatha/colcon_ws/install/husky_rycsv/share/husky_rycsv/meshes/top_plate.dae
[5.445s] -- Up-to-date: /home/akyatha/colcon_ws/install/husky_rycsv/share/husky_rycsv/meshes/top_chassis.stl
[5.445s] -- Up-to-date: /home/akyatha/colcon_ws/install/husky_rycsv/share/husky_rycsv/meshes/wheel.stl
[5.445s] -- Up-to-date: /home/akyatha/colcon_ws/install/husky_rycsv/share/husky_rycsv/meshes/user_rail.stl
[5.446s] -- Up-to-date: /home/akyatha/colcon_ws/install/husky_rycsv/share/husky_rycsv/meshes/wheel.dae
[5.446s] -- Up-to-date: /home/akyatha/colcon_ws/install/husky_rycsv/share/husky_rycsv/meshes/sick-lms1xx.dae
[5.446s] -- Up-to-date: /home/akyatha/colcon_ws/install/husky_rycsv/share/husky_rycsv/meshes/bumper.dae
[5.446s] -- Up-to-date: /home/akyatha/colcon_ws/install/husky_rycsv/share/husky_rycsv/meshes/accessories
[5.447s] -- Up-to-date: /home/akyatha/colcon_ws/install/husky_rycsv/share/husky_rycsv/meshes/accessories/300_mm_sensor_arch.stl
[5.448s] -- Up-to-date: /home/akyatha/colcon_ws/install/husky_rycsv/share/husky_rycsv/meshes/accessories/510_mm_sensor_arch.dae
[5.448s] -- Up-to-date: /home/akyatha/colcon_ws/install/husky_rycsv/share/husky_rycsv/meshes/accessories/510_mm_sensor_arch.stl
[5.449s] -- Up-to-date: /home/akyatha/colcon_ws/install/husky_rycsv/share/husky_rycsv/meshes/accessories/300_mm_sensor_arch.dae
[5.449s] -- Up-to-date: /home/akyatha/colcon_ws/install/husky_rycsv/share/husky_rycsv/meshes/accessories/lidar_mount.stl
[5.449s] -- Up-to-date: /home/akyatha/colcon_ws/install/husky_rycsv/share/husky_rycsv/meshes/accessories/lms1xx_mount.dae
[5.449s] -- Up-to-date: /home/akyatha/colcon_ws/install/husky_rycsv/share/husky_rycsv/meshes/accessories/lms1xx_mount.stl
[5.449s] -- Up-to-date: /home/akyatha/colcon_ws/install/husky_rycsv/share/husky_rycsv/meshes/sick-lms1xx.stl
[5.449s] -- Up-to-date: /home/akyatha/colcon_ws/install/husky_rycsv/share/husky_rycsv/meshes/base_link.dae
[5.450s] -- Up-to-date: /home/akyatha/colcon_ws/install/husky_rycsv/share/husky_rycsv/meshes/top_chassis.dae
[5.451s] -- Up-to-date: /home/akyatha/colcon_ws/install/husky_rycsv/share/husky_rycsv/meshes/large_top_plate.dae
[5.452s] -- Up-to-date: /home/akyatha/colcon_ws/install/husky_rycsv/share/husky_rycsv/meshes/top_plate.stl
[5.453s] -- Up-to-date: /home/akyatha/colcon_ws/install/husky_rycsv/share/husky_rycsv/meshes/user_rail.dae
[5.453s] -- Up-to-date: /home/akyatha/colcon_ws/install/husky_rycsv/share/husky_rycsv/meshes/large_top_plate_collision.stl
[5.453s] -- Up-to-date: /home/akyatha/colcon_ws/install/husky_rycsv/share/husky_rycsv/meshes/bumper_extension.dae
[5.454s] -- Up-to-date: /home/akyatha/colcon_ws/install/husky_rycsv/lib/husky_rycsv/urdf_publisher
[5.454s] -- Up-to-date: /home/akyatha/colcon_ws/install/husky_rycsv/share/ament_index/resource_index/package_run_dependencies/husky_rycsv
[5.454s] -- Up-to-date: /home/akyatha/colcon_ws/install/husky_rycsv/share/ament_index/resource_index/parent_prefix_path/husky_rycsv
[5.454s] -- Up-to-date: /home/akyatha/colcon_ws/install/husky_rycsv/share/husky_rycsv/environment/ament_prefix_path.sh
[5.455s] -- Up-to-date: /home/akyatha/colcon_ws/install/husky_rycsv/share/husky_rycsv/environment/ament_prefix_path.dsv
[5.456s] -- Up-to-date: /home/akyatha/colcon_ws/install/husky_rycsv/share/husky_rycsv/environment/path.sh
[5.457s] -- Up-to-date: /home/akyatha/colcon_ws/install/husky_rycsv/share/husky_rycsv/environment/path.dsv
[5.457s] -- Up-to-date: /home/akyatha/colcon_ws/install/husky_rycsv/share/husky_rycsv/local_setup.bash
[5.470s] -- Up-to-date: /home/akyatha/colcon_ws/install/husky_rycsv/share/husky_rycsv/local_setup.sh
[5.470s] -- Up-to-date: /home/akyatha/colcon_ws/install/husky_rycsv/share/husky_rycsv/local_setup.zsh
[5.471s] -- Up-to-date: /home/akyatha/colcon_ws/install/husky_rycsv/share/husky_rycsv/local_setup.dsv
[5.471s] -- Installing: /home/akyatha/colcon_ws/install/husky_rycsv/share/husky_rycsv/package.dsv
[5.472s] -- Up-to-date: /home/akyatha/colcon_ws/install/husky_rycsv/share/ament_index/resource_index/packages/husky_rycsv
[5.472s] -- Up-to-date: /home/akyatha/colcon_ws/install/husky_rycsv/share/husky_rycsv/cmake/husky_rycsvConfig.cmake
[5.473s] -- Up-to-date: /home/akyatha/colcon_ws/install/husky_rycsv/share/husky_rycsv/cmake/husky_rycsvConfig-version.cmake
[5.473s] -- Up-to-date: /home/akyatha/colcon_ws/install/husky_rycsv/share/husky_rycsv/package.xml
[5.475s] Invoked command in '/home/akyatha/colcon_ws/build/husky_rycsv' returned '0': CMAKE_PREFIX_PATH=/home/akyatha/colcon_ws/install/husky_tf_broadcaster:/home/akyatha/colcon_ws/install/ros_tcp_endpoint:/opt/ros/foxy:/home/akyatha/colcon_ws/install/husky_rycsv /usr/bin/cmake --install /home/akyatha/colcon_ws/build/husky_rycsv
