[2.094s] Invoking command in '/home/akyatha/colcon_ws/build/husky_tf_broadcaster': CMAKE_PREFIX_PATH=${CMAKE_PREFIX_PATH}:/home/akyatha/colcon_ws/install/ros_tcp_endpoint:/opt/ros/foxy /usr/bin/cmake --build /home/akyatha/colcon_ws/build/husky_tf_broadcaster -- -j8 -l8
[2.168s] [35m[1mScanning dependencies of target husky_tf_broadcaster[0m
[2.224s] [ 50%] [32mBuilding CXX object CMakeFiles/husky_tf_broadcaster.dir/src/husky_tf_broadcaster.cpp.o[0m
[13.538s] [100%] [32m[1mLinking CXX executable husky_tf_broadcaster[0m
[14.156s] [100%] Built target husky_tf_broadcaster
[14.180s] Invoked command in '/home/akyatha/colcon_ws/build/husky_tf_broadcaster' returned '0': CMAKE_PREFIX_PATH=${CMAKE_PREFIX_PATH}:/home/akyatha/colcon_ws/install/ros_tcp_endpoint:/opt/ros/foxy /usr/bin/cmake --build /home/akyatha/colcon_ws/build/husky_tf_broadcaster -- -j8 -l8
[14.250s] Invoking command in '/home/akyatha/colcon_ws/build/husky_tf_broadcaster': CMAKE_PREFIX_PATH=${CMAKE_PREFIX_PATH}:/home/akyatha/colcon_ws/install/ros_tcp_endpoint:/opt/ros/foxy /usr/bin/cmake --install /home/akyatha/colcon_ws/build/husky_tf_broadcaster
[14.270s] -- Install configuration: ""
[14.271s] -- Installing: /home/akyatha/colcon_ws/install/husky_tf_broadcaster/lib/husky_tf_broadcaster/husky_tf_broadcaster
[14.275s] -- Set runtime path of "/home/akyatha/colcon_ws/install/husky_tf_broadcaster/lib/husky_tf_broadcaster/husky_tf_broadcaster" to ""
[14.276s] -- Up-to-date: /home/akyatha/colcon_ws/install/husky_tf_broadcaster/share/husky_tf_broadcaster/launch
[14.277s] -- Up-to-date: /home/akyatha/colcon_ws/install/husky_tf_broadcaster/share/husky_tf_broadcaster/launch/tf2_tranforms.launch.xml
[14.277s] -- Up-to-date: /home/akyatha/colcon_ws/install/husky_tf_broadcaster/share/ament_index/resource_index/package_run_dependencies/husky_tf_broadcaster
[14.277s] -- Up-to-date: /home/akyatha/colcon_ws/install/husky_tf_broadcaster/share/ament_index/resource_index/parent_prefix_path/husky_tf_broadcaster
[14.278s] -- Up-to-date: /home/akyatha/colcon_ws/install/husky_tf_broadcaster/share/husky_tf_broadcaster/environment/ament_prefix_path.sh
[14.278s] -- Up-to-date: /home/akyatha/colcon_ws/install/husky_tf_broadcaster/share/husky_tf_broadcaster/environment/ament_prefix_path.dsv
[14.278s] -- Up-to-date: /home/akyatha/colcon_ws/install/husky_tf_broadcaster/share/husky_tf_broadcaster/environment/path.sh
[14.278s] -- Up-to-date: /home/akyatha/colcon_ws/install/husky_tf_broadcaster/share/husky_tf_broadcaster/environment/path.dsv
[14.278s] -- Up-to-date: /home/akyatha/colcon_ws/install/husky_tf_broadcaster/share/husky_tf_broadcaster/local_setup.bash
[14.278s] -- Up-to-date: /home/akyatha/colcon_ws/install/husky_tf_broadcaster/share/husky_tf_broadcaster/local_setup.sh
[14.279s] -- Up-to-date: /home/akyatha/colcon_ws/install/husky_tf_broadcaster/share/husky_tf_broadcaster/local_setup.zsh
[14.279s] -- Up-to-date: /home/akyatha/colcon_ws/install/husky_tf_broadcaster/share/husky_tf_broadcaster/local_setup.dsv
[14.279s] -- Installing: /home/akyatha/colcon_ws/install/husky_tf_broadcaster/share/husky_tf_broadcaster/package.dsv
[14.279s] -- Up-to-date: /home/akyatha/colcon_ws/install/husky_tf_broadcaster/share/ament_index/resource_index/packages/husky_tf_broadcaster
[14.279s] -- Up-to-date: /home/akyatha/colcon_ws/install/husky_tf_broadcaster/share/husky_tf_broadcaster/cmake/husky_tf_broadcasterConfig.cmake
[14.280s] -- Up-to-date: /home/akyatha/colcon_ws/install/husky_tf_broadcaster/share/husky_tf_broadcaster/cmake/husky_tf_broadcasterConfig-version.cmake
[14.281s] -- Up-to-date: /home/akyatha/colcon_ws/install/husky_tf_broadcaster/share/husky_tf_broadcaster/package.xml
[14.284s] Invoked command in '/home/akyatha/colcon_ws/build/husky_tf_broadcaster' returned '0': CMAKE_PREFIX_PATH=${CMAKE_PREFIX_PATH}:/home/akyatha/colcon_ws/install/ros_tcp_endpoint:/opt/ros/foxy /usr/bin/cmake --install /home/akyatha/colcon_ws/build/husky_tf_broadcaster
