[1.273s] Invoking command in '/home/akyatha/colcon_ws/build/husky_tf_broadcaster': CMAKE_PREFIX_PATH=${CMAKE_PREFIX_PATH}:/home/akyatha/colcon_ws/install/ros_tcp_endpoint:/opt/ros/foxy /usr/bin/cmake --build /home/akyatha/colcon_ws/build/husky_tf_broadcaster -- -j8 -l8
[1.330s] [35m[1mScanning dependencies of target husky_tf_broadcaster[0m
[1.379s] [ 50%] [32mBuilding CXX object CMakeFiles/husky_tf_broadcaster.dir/src/husky_tf_broadcaster.cpp.o[0m
[3.351s] [01m[K/home/akyatha/colcon_ws/src/husky_tf_broadcaster/src/husky_tf_broadcaster.cpp:[m[K In constructor ‘[01m[KHuskyTransformBroadcaster::HuskyTransformBroadcaster()[m[K’:
[3.351s] [01m[K/home/akyatha/colcon_ws/src/husky_tf_broadcaster/src/husky_tf_broadcaster.cpp:23:94:[m[K [01;31m[Kerror: [m[Kno match for ‘[01m[Koperator=[m[K’ (operand types are ‘[01m[Krclcpp::Subscription<geometry_msgs::msg::PoseWithCovarianceStamped_<std::allocator<void> > >::SharedPtr[m[K’ {aka ‘[01m[Kstd::shared_ptr<rclcpp::Subscription<geometry_msgs::msg::PoseWithCovarianceStamped_<std::allocator<void> > > >[m[K’} and ‘[01m[Kstd::shared_ptr<rclcpp::Subscription<geometry_msgs::msg::Pose_<std::allocator<void> >, std::allocator<void>, rclcpp::message_memory_strategy::MessageMemoryStrategy<geometry_msgs::msg::Pose_<std::allocator<void> >, std::allocator<void> > > >[m[K’)
[3.351s]    23 |             std::bind(&HuskyTransformBroadcaster::pose_callback, this, std::placeholders::_1)[01;31m[K)[m[K;
[3.351s]       |                                                                                              [01;31m[K^[m[K
[3.351s] In file included from [01m[K/usr/include/c++/9/memory:81[m[K,
[3.351s]                  from [01m[K/home/akyatha/colcon_ws/src/husky_tf_broadcaster/src/husky_tf_broadcaster.cpp:1[m[K:
[3.351s] [01m[K/usr/include/c++/9/bits/shared_ptr.h:309:19:[m[K [01;36m[Knote: [m[Kcandidate: ‘[01m[Kstd::shared_ptr<_Tp>& std::shared_ptr<_Tp>::operator=(const std::shared_ptr<_Tp>&) [with _Tp = rclcpp::Subscription<geometry_msgs::msg::PoseWithCovarianceStamped_<std::allocator<void> > >][m[K’
[3.351s]   309 |       shared_ptr& [01;36m[Koperator[m[K=(const shared_ptr&) noexcept = default;
[3.351s]       |                   [01;36m[K^~~~~~~~[m[K
[3.352s] [01m[K/usr/include/c++/9/bits/shared_ptr.h:309:29:[m[K [01;36m[Knote: [m[K  no known conversion for argument 1 from ‘[01m[Kstd::shared_ptr<rclcpp::Subscription<geometry_msgs::msg::Pose_<std::allocator<void> >, std::allocator<void>, rclcpp::message_memory_strategy::MessageMemoryStrategy<geometry_msgs::msg::Pose_<std::allocator<void> >, std::allocator<void> > > >[m[K’ to ‘[01m[Kconst std::shared_ptr<rclcpp::Subscription<geometry_msgs::msg::PoseWithCovarianceStamped_<std::allocator<void> > > >&[m[K’
[3.352s]   309 |       shared_ptr& operator=([01;36m[Kconst shared_ptr&[m[K) noexcept = default;
[3.352s]       |                             [01;36m[K^~~~~~~~~~~~~~~~~[m[K
[3.352s] [01m[K/usr/include/c++/9/bits/shared_ptr.h:313:2:[m[K [01;36m[Knote: [m[Kcandidate: ‘[01m[Ktemplate<class _Yp> std::shared_ptr<_Tp>::_Assignable<const std::shared_ptr<_Yp>&> std::shared_ptr<_Tp>::operator=(const std::shared_ptr<_Yp>&) [with _Yp = _Yp; _Tp = rclcpp::Subscription<geometry_msgs::msg::PoseWithCovarianceStamped_<std::allocator<void> > >][m[K’
[3.352s]   313 |  [01;36m[Koperator[m[K=(const shared_ptr<_Yp>& __r) noexcept
[3.352s]       |  [01;36m[K^~~~~~~~[m[K
[3.352s] [01m[K/usr/include/c++/9/bits/shared_ptr.h:313:2:[m[K [01;36m[Knote: [m[K  template argument deduction/substitution failed:
[3.352s] /usr/include/c++/9/bits/shared_ptr.h: In substitution of ‘[01m[Ktemplate<class _Tp> template<class _Arg> using _Assignable = typename std::enable_if<std::is_assignable<std::__shared_ptr<_Tp>&, _Arg>::value, std::shared_ptr<_Tp>&>::type [with _Arg = const std::shared_ptr<rclcpp::Subscription<geometry_msgs::msg::Pose_<std::allocator<void> >, std::allocator<void>, rclcpp::message_memory_strategy::MessageMemoryStrategy<geometry_msgs::msg::Pose_<std::allocator<void> >, std::allocator<void> > > >&; _Tp = rclcpp::Subscription<geometry_msgs::msg::PoseWithCovarianceStamped_<std::allocator<void> > >][m[K’:
[3.352s] [01m[K/usr/include/c++/9/bits/shared_ptr.h:313:2:[m[K   required by substitution of ‘[01m[Ktemplate<class _Yp> std::shared_ptr<rclcpp::Subscription<geometry_msgs::msg::PoseWithCovarianceStamped_<std::allocator<void> > > >::_Assignable<const std::shared_ptr<_Tp>&> std::shared_ptr<rclcpp::Subscription<geometry_msgs::msg::PoseWithCovarianceStamped_<std::allocator<void> > > >::operator=<_Yp>(const std::shared_ptr<_Tp>&) [with _Yp = rclcpp::Subscription<geometry_msgs::msg::Pose_<std::allocator<void> >, std::allocator<void>, rclcpp::message_memory_strategy::MessageMemoryStrategy<geometry_msgs::msg::Pose_<std::allocator<void> >, std::allocator<void> > >][m[K’
[3.352s] [01m[K/home/akyatha/colcon_ws/src/husky_tf_broadcaster/src/husky_tf_broadcaster.cpp:23:94:[m[K   required from here
[3.352s] [01m[K/usr/include/c++/9/bits/shared_ptr.h:111:8:[m[K [01;31m[Kerror: [m[Kno type named ‘[01m[Ktype[m[K’ in ‘[01m[Kstruct std::enable_if<false, std::shared_ptr<rclcpp::Subscription<geometry_msgs::msg::PoseWithCovarianceStamped_<std::allocator<void> > > >&>[m[K’
[3.352s]   111 |  using [01;31m[K_Assignable[m[K = typename enable_if<
[3.352s]       |        [01;31m[K^~~~~~~~~~~[m[K
[3.352s] [01m[K/usr/include/c++/9/bits/shared_ptr.h:324:2:[m[K [01;36m[Knote: [m[Kcandidate: ‘[01m[Ktemplate<class _Yp> std::shared_ptr<_Tp>::_Assignable<std::auto_ptr<_Up> > std::shared_ptr<_Tp>::operator=(std::auto_ptr<_Up>&&) [with _Yp = _Yp; _Tp = rclcpp::Subscription<geometry_msgs::msg::PoseWithCovarianceStamped_<std::allocator<void> > >][m[K’
[3.353s]   324 |  [01;36m[Koperator[m[K=(auto_ptr<_Yp>&& __r)
[3.353s]       |  [01;36m[K^~~~~~~~[m[K
[3.353s] [01m[K/usr/include/c++/9/bits/shared_ptr.h:324:2:[m[K [01;36m[Knote: [m[K  template argument deduction/substitution failed:
[3.353s] [01m[K/home/akyatha/colcon_ws/src/husky_tf_broadcaster/src/husky_tf_broadcaster.cpp:23:94:[m[K [01;36m[Knote: [m[K  ‘[01m[Kstd::shared_ptr<rclcpp::Subscription<geometry_msgs::msg::Pose_<std::allocator<void> >, std::allocator<void>, rclcpp::message_memory_strategy::MessageMemoryStrategy<geometry_msgs::msg::Pose_<std::allocator<void> >, std::allocator<void> > > >[m[K’ is not derived from ‘[01m[Kstd::auto_ptr<_Up>[m[K’
[3.353s]    23 |             std::bind(&HuskyTransformBroadcaster::pose_callback, this, std::placeholders::_1)[01;36m[K)[m[K;
[3.353s]       |                                                                                              [01;36m[K^[m[K
[3.353s] In file included from [01m[K/usr/include/c++/9/memory:81[m[K,
[3.353s]                  from [01m[K/home/akyatha/colcon_ws/src/husky_tf_broadcaster/src/husky_tf_broadcaster.cpp:1[m[K:
[3.353s] [01m[K/usr/include/c++/9/bits/shared_ptr.h:333:7:[m[K [01;36m[Knote: [m[Kcandidate: ‘[01m[Kstd::shared_ptr<_Tp>& std::shared_ptr<_Tp>::operator=(std::shared_ptr<_Tp>&&) [with _Tp = rclcpp::Subscription<geometry_msgs::msg::PoseWithCovarianceStamped_<std::allocator<void> > >][m[K’
[3.354s]   333 |       [01;36m[Koperator[m[K=(shared_ptr&& __r) noexcept
[3.354s]       |       [01;36m[K^~~~~~~~[m[K
[3.354s] [01m[K/usr/include/c++/9/bits/shared_ptr.h:333:30:[m[K [01;36m[Knote: [m[K  no known conversion for argument 1 from ‘[01m[Kstd::shared_ptr<rclcpp::Subscription<geometry_msgs::msg::Pose_<std::allocator<void> >, std::allocator<void>, rclcpp::message_memory_strategy::MessageMemoryStrategy<geometry_msgs::msg::Pose_<std::allocator<void> >, std::allocator<void> > > >[m[K’ to ‘[01m[Kstd::shared_ptr<rclcpp::Subscription<geometry_msgs::msg::PoseWithCovarianceStamped_<std::allocator<void> > > >&&[m[K’
[3.354s]   333 |       operator=([01;36m[Kshared_ptr&& __r[m[K) noexcept
[3.354s]       |                 [01;36m[K~~~~~~~~~~~~~^~~[m[K
[3.354s] [01m[K/usr/include/c++/9/bits/shared_ptr.h:341:2:[m[K [01;36m[Knote: [m[Kcandidate: ‘[01m[Ktemplate<class _Yp> std::shared_ptr<_Tp>::_Assignable<std::shared_ptr<_Yp> > std::shared_ptr<_Tp>::operator=(std::shared_ptr<_Yp>&&) [with _Yp = _Yp; _Tp = rclcpp::Subscription<geometry_msgs::msg::PoseWithCovarianceStamped_<std::allocator<void> > >][m[K’
[3.354s]   341 |  [01;36m[Koperator[m[K=(shared_ptr<_Yp>&& __r) noexcept
[3.354s]       |  [01;36m[K^~~~~~~~[m[K
[3.354s] [01m[K/usr/include/c++/9/bits/shared_ptr.h:341:2:[m[K [01;36m[Knote: [m[K  template argument deduction/substitution failed:
[3.354s] /usr/include/c++/9/bits/shared_ptr.h: In substitution of ‘[01m[Ktemplate<class _Tp> template<class _Arg> using _Assignable = typename std::enable_if<std::is_assignable<std::__shared_ptr<_Tp>&, _Arg>::value, std::shared_ptr<_Tp>&>::type [with _Arg = std::shared_ptr<rclcpp::Subscription<geometry_msgs::msg::Pose_<std::allocator<void> >, std::allocator<void>, rclcpp::message_memory_strategy::MessageMemoryStrategy<geometry_msgs::msg::Pose_<std::allocator<void> >, std::allocator<void> > > >; _Tp = rclcpp::Subscription<geometry_msgs::msg::PoseWithCovarianceStamped_<std::allocator<void> > >][m[K’:
[3.355s] [01m[K/usr/include/c++/9/bits/shared_ptr.h:341:2:[m[K   required by substitution of ‘[01m[Ktemplate<class _Yp> std::shared_ptr<rclcpp::Subscription<geometry_msgs::msg::PoseWithCovarianceStamped_<std::allocator<void> > > >::_Assignable<std::shared_ptr<_Tp> > std::shared_ptr<rclcpp::Subscription<geometry_msgs::msg::PoseWithCovarianceStamped_<std::allocator<void> > > >::operator=<_Yp>(std::shared_ptr<_Tp>&&) [with _Yp = rclcpp::Subscription<geometry_msgs::msg::Pose_<std::allocator<void> >, std::allocator<void>, rclcpp::message_memory_strategy::MessageMemoryStrategy<geometry_msgs::msg::Pose_<std::allocator<void> >, std::allocator<void> > >][m[K’
[3.355s] [01m[K/home/akyatha/colcon_ws/src/husky_tf_broadcaster/src/husky_tf_broadcaster.cpp:23:94:[m[K   required from here
[3.355s] [01m[K/usr/include/c++/9/bits/shared_ptr.h:111:8:[m[K [01;31m[Kerror: [m[Kno type named ‘[01m[Ktype[m[K’ in ‘[01m[Kstruct std::enable_if<false, std::shared_ptr<rclcpp::Subscription<geometry_msgs::msg::PoseWithCovarianceStamped_<std::allocator<void> > > >&>[m[K’
[3.355s]   111 |  using [01;31m[K_Assignable[m[K = typename enable_if<
[3.355s]       |        [01;31m[K^~~~~~~~~~~[m[K
[3.355s] [01m[K/usr/include/c++/9/bits/shared_ptr.h:349:2:[m[K [01;36m[Knote: [m[Kcandidate: ‘[01m[Ktemplate<class _Yp, class _Del> std::shared_ptr<_Tp>::_Assignable<std::unique_ptr<_Up, _Ep> > std::shared_ptr<_Tp>::operator=(std::unique_ptr<_Up, _Ep>&&) [with _Yp = _Yp; _Del = _Del; _Tp = rclcpp::Subscription<geometry_msgs::msg::PoseWithCovarianceStamped_<std::allocator<void> > >][m[K’
[3.355s]   349 |  [01;36m[Koperator[m[K=(unique_ptr<_Yp, _Del>&& __r)
[3.355s]       |  [01;36m[K^~~~~~~~[m[K
[3.355s] [01m[K/usr/include/c++/9/bits/shared_ptr.h:349:2:[m[K [01;36m[Knote: [m[K  template argument deduction/substitution failed:
[3.355s] [01m[K/home/akyatha/colcon_ws/src/husky_tf_broadcaster/src/husky_tf_broadcaster.cpp:23:94:[m[K [01;36m[Knote: [m[K  ‘[01m[Kstd::shared_ptr<rclcpp::Subscription<geometry_msgs::msg::Pose_<std::allocator<void> >, std::allocator<void>, rclcpp::message_memory_strategy::MessageMemoryStrategy<geometry_msgs::msg::Pose_<std::allocator<void> >, std::allocator<void> > > >[m[K’ is not derived from ‘[01m[Kstd::unique_ptr<_Tp, _Dp>[m[K’
[3.356s]    23 |             std::bind(&HuskyTransformBroadcaster::pose_callback, this, std::placeholders::_1)[01;36m[K)[m[K;
[3.356s]       |                                                                                              [01;36m[K^[m[K
[5.371s] make[2]: *** [CMakeFiles/husky_tf_broadcaster.dir/build.make:63: CMakeFiles/husky_tf_broadcaster.dir/src/husky_tf_broadcaster.cpp.o] Error 1
[5.371s] make[1]: *** [CMakeFiles/Makefile2:78: CMakeFiles/husky_tf_broadcaster.dir/all] Error 2
[5.372s] make: *** [Makefile:141: all] Error 2
[5.375s] Invoked command in '/home/akyatha/colcon_ws/build/husky_tf_broadcaster' returned '2': CMAKE_PREFIX_PATH=${CMAKE_PREFIX_PATH}:/home/akyatha/colcon_ws/install/ros_tcp_endpoint:/opt/ros/foxy /usr/bin/cmake --build /home/akyatha/colcon_ws/build/husky_tf_broadcaster -- -j8 -l8
