[1.974s] Invoking command in '/home/akyatha/colcon_ws/build/husky_tf_broadcaster': CMAKE_PREFIX_PATH=${CMAKE_PREFIX_PATH}:/home/akyatha/colcon_ws/install/ros_tcp_endpoint:/opt/ros/foxy /usr/bin/cmake --build /home/akyatha/colcon_ws/build/husky_tf_broadcaster -- -j8 -l8
[3.204s] [100%] Built target husky_tf_broadcaster
[3.205s] Invoked command in '/home/akyatha/colcon_ws/build/husky_tf_broadcaster' returned '0': CMAKE_PREFIX_PATH=${CMAKE_PREFIX_PATH}:/home/akyatha/colcon_ws/install/ros_tcp_endpoint:/opt/ros/foxy /usr/bin/cmake --build /home/akyatha/colcon_ws/build/husky_tf_broadcaster -- -j8 -l8
[3.258s] Invoking command in '/home/akyatha/colcon_ws/build/husky_tf_broadcaster': CMAKE_PREFIX_PATH=${CMAKE_PREFIX_PATH}:/home/akyatha/colcon_ws/install/ros_tcp_endpoint:/opt/ros/foxy /usr/bin/cmake --install /home/akyatha/colcon_ws/build/husky_tf_broadcaster
[3.270s] -- Install configuration: ""
[3.270s] -- Up-to-date: /home/akyatha/colcon_ws/install/husky_tf_broadcaster/lib/husky_tf_broadcaster/husky_tf_broadcaster
[3.270s] -- Up-to-date: /home/akyatha/colcon_ws/install/husky_tf_broadcaster/share/husky_tf_broadcaster/launch
[3.270s] -- Installing: /home/akyatha/colcon_ws/install/husky_tf_broadcaster/share/husky_tf_broadcaster/launch/tf2_tranforms.launch.xml
[3.270s] -- Up-to-date: /home/akyatha/colcon_ws/install/husky_tf_broadcaster/share/ament_index/resource_index/package_run_dependencies/husky_tf_broadcaster
[3.271s] -- Up-to-date: /home/akyatha/colcon_ws/install/husky_tf_broadcaster/share/ament_index/resource_index/parent_prefix_path/husky_tf_broadcaster
[3.271s] -- Up-to-date: /home/akyatha/colcon_ws/install/husky_tf_broadcaster/share/husky_tf_broadcaster/environment/ament_prefix_path.sh
[3.271s] -- Up-to-date: /home/akyatha/colcon_ws/install/husky_tf_broadcaster/share/husky_tf_broadcaster/environment/ament_prefix_path.dsv
[3.271s] -- Up-to-date: /home/akyatha/colcon_ws/install/husky_tf_broadcaster/share/husky_tf_broadcaster/environment/path.sh
[3.272s] -- Up-to-date: /home/akyatha/colcon_ws/install/husky_tf_broadcaster/share/husky_tf_broadcaster/environment/path.dsv
[3.273s] -- Up-to-date: /home/akyatha/colcon_ws/install/husky_tf_broadcaster/share/husky_tf_broadcaster/local_setup.bash
[3.273s] -- Up-to-date: /home/akyatha/colcon_ws/install/husky_tf_broadcaster/share/husky_tf_broadcaster/local_setup.sh
[3.273s] -- Up-to-date: /home/akyatha/colcon_ws/install/husky_tf_broadcaster/share/husky_tf_broadcaster/local_setup.zsh
[3.274s] -- Up-to-date: /home/akyatha/colcon_ws/install/husky_tf_broadcaster/share/husky_tf_broadcaster/local_setup.dsv
[3.274s] -- Installing: /home/akyatha/colcon_ws/install/husky_tf_broadcaster/share/husky_tf_broadcaster/package.dsv
[3.274s] -- Up-to-date: /home/akyatha/colcon_ws/install/husky_tf_broadcaster/share/ament_index/resource_index/packages/husky_tf_broadcaster
[3.274s] -- Up-to-date: /home/akyatha/colcon_ws/install/husky_tf_broadcaster/share/husky_tf_broadcaster/cmake/husky_tf_broadcasterConfig.cmake
[3.274s] -- Up-to-date: /home/akyatha/colcon_ws/install/husky_tf_broadcaster/share/husky_tf_broadcaster/cmake/husky_tf_broadcasterConfig-version.cmake
[3.274s] -- Up-to-date: /home/akyatha/colcon_ws/install/husky_tf_broadcaster/share/husky_tf_broadcaster/package.xml
[3.276s] Invoked command in '/home/akyatha/colcon_ws/build/husky_tf_broadcaster' returned '0': CMAKE_PREFIX_PATH=${CMAKE_PREFIX_PATH}:/home/akyatha/colcon_ws/install/ros_tcp_endpoint:/opt/ros/foxy /usr/bin/cmake --install /home/akyatha/colcon_ws/build/husky_tf_broadcaster
