[10.803s] DEBUG:colcon:Command line arguments: ['/usr/bin/colcon', 'build']
[10.803s] DEBUG:colcon:Parsed command line arguments: Namespace(allow_overriding=[], ament_cmake_args=None, base_paths=['.'], build_base='build', catkin_cmake_args=None, catkin_skip_building_tests=False, cmake_args=None, cmake_clean_cache=False, cmake_clean_first=False, cmake_force_configure=False, cmake_target=None, cmake_target_skip_unavailable=False, continue_on_error=False, event_handlers=None, executor='parallel', ignore_user_meta=False, install_base='install', log_base=None, log_level=None, main=<bound method BuildVerb.main of <colcon_core.verb.build.BuildVerb object at 0x7f2ab15efbb0>>, merge_install=False, metas=['./colcon.meta'], packages_above=None, packages_above_and_dependencies=None, packages_above_depth=None, packages_end=None, packages_ignore=None, packages_ignore_regex=None, packages_select=None, packages_select_build_failed=False, packages_select_by_dep=None, packages_select_regex=None, packages_select_test_failures=False, packages_skip=None, packages_skip_build_finished=False, packages_skip_by_dep=None, packages_skip_regex=None, packages_skip_test_passed=False, packages_skip_up_to=None, packages_start=None, packages_up_to=None, packages_up_to_regex=None, parallel_workers=8, paths=None, symlink_install=False, test_result_base=None, verb_extension=<colcon_core.verb.build.BuildVerb object at 0x7f2ab15efbb0>, verb_name='build', verb_parser=<colcon_defaults.argument_parser.defaults.DefaultArgumentsDecorator object at 0x7f2ab12efc40>)
[11.269s] Level 1:colcon.colcon_core.package_discovery:discover_packages(colcon_meta) check parameters
[11.270s] Level 1:colcon.colcon_core.package_discovery:discover_packages(recursive) check parameters
[11.270s] Level 1:colcon.colcon_core.package_discovery:discover_packages(ignore) check parameters
[11.270s] Level 1:colcon.colcon_core.package_discovery:discover_packages(path) check parameters
[11.270s] Level 1:colcon.colcon_core.package_discovery:discover_packages(colcon_meta) discover
[11.270s] Level 1:colcon.colcon_core.package_discovery:discover_packages(recursive) discover
[11.270s] INFO:colcon.colcon_core.package_discovery:Crawling recursively for packages in '/home/akyatha/colcon_ws'
[11.270s] Level 1:colcon.colcon_core.package_identification:_identify(.) by extensions ['ignore', 'ignore_ament_install']
[11.271s] Level 1:colcon.colcon_core.package_identification:_identify(.) by extension 'ignore'
[11.271s] Level 1:colcon.colcon_core.package_identification:_identify(.) by extension 'ignore_ament_install'
[11.271s] Level 1:colcon.colcon_core.package_identification:_identify(.) by extensions ['colcon_pkg']
[11.271s] Level 1:colcon.colcon_core.package_identification:_identify(.) by extension 'colcon_pkg'
[11.271s] Level 1:colcon.colcon_core.package_identification:_identify(.) by extensions ['colcon_meta']
[11.271s] Level 1:colcon.colcon_core.package_identification:_identify(.) by extension 'colcon_meta'
[11.271s] Level 1:colcon.colcon_core.package_identification:_identify(.) by extensions ['ros']
[11.271s] Level 1:colcon.colcon_core.package_identification:_identify(.) by extension 'ros'
[11.294s] Level 1:colcon.colcon_core.package_identification:_identify(.) by extensions ['cmake', 'python']
[11.294s] Level 1:colcon.colcon_core.package_identification:_identify(.) by extension 'cmake'
[11.294s] Level 1:colcon.colcon_core.package_identification:_identify(.) by extension 'python'
[11.294s] Level 1:colcon.colcon_core.package_identification:_identify(.) by extensions ['python_setup_py']
[11.295s] Level 1:colcon.colcon_core.package_identification:_identify(.) by extension 'python_setup_py'
[11.295s] Level 1:colcon.colcon_core.package_identification:_identify(build) by extensions ['ignore', 'ignore_ament_install']
[11.295s] Level 1:colcon.colcon_core.package_identification:_identify(build) by extension 'ignore'
[11.295s] Level 1:colcon.colcon_core.package_identification:_identify(build) ignored
[11.295s] Level 1:colcon.colcon_core.package_identification:_identify(install) by extensions ['ignore', 'ignore_ament_install']
[11.295s] Level 1:colcon.colcon_core.package_identification:_identify(install) by extension 'ignore'
[11.295s] Level 1:colcon.colcon_core.package_identification:_identify(install) ignored
[11.296s] Level 1:colcon.colcon_core.package_identification:_identify(log) by extensions ['ignore', 'ignore_ament_install']
[11.296s] Level 1:colcon.colcon_core.package_identification:_identify(log) by extension 'ignore'
[11.296s] Level 1:colcon.colcon_core.package_identification:_identify(log) ignored
[11.296s] Level 1:colcon.colcon_core.package_identification:_identify(src) by extensions ['ignore', 'ignore_ament_install']
[11.296s] Level 1:colcon.colcon_core.package_identification:_identify(src) by extension 'ignore'
[11.296s] Level 1:colcon.colcon_core.package_identification:_identify(src) by extension 'ignore_ament_install'
[11.296s] Level 1:colcon.colcon_core.package_identification:_identify(src) by extensions ['colcon_pkg']
[11.296s] Level 1:colcon.colcon_core.package_identification:_identify(src) by extension 'colcon_pkg'
[11.296s] Level 1:colcon.colcon_core.package_identification:_identify(src) by extensions ['colcon_meta']
[11.296s] Level 1:colcon.colcon_core.package_identification:_identify(src) by extension 'colcon_meta'
[11.296s] Level 1:colcon.colcon_core.package_identification:_identify(src) by extensions ['ros']
[11.296s] Level 1:colcon.colcon_core.package_identification:_identify(src) by extension 'ros'
[11.296s] Level 1:colcon.colcon_core.package_identification:_identify(src) by extensions ['cmake', 'python']
[11.297s] Level 1:colcon.colcon_core.package_identification:_identify(src) by extension 'cmake'
[11.297s] Level 1:colcon.colcon_core.package_identification:_identify(src) by extension 'python'
[11.297s] Level 1:colcon.colcon_core.package_identification:_identify(src) by extensions ['python_setup_py']
[11.297s] Level 1:colcon.colcon_core.package_identification:_identify(src) by extension 'python_setup_py'
[11.297s] Level 1:colcon.colcon_core.package_identification:_identify(src/ROS-TCP-Endpoint) by extensions ['ignore', 'ignore_ament_install']
[11.297s] Level 1:colcon.colcon_core.package_identification:_identify(src/ROS-TCP-Endpoint) by extension 'ignore'
[11.297s] Level 1:colcon.colcon_core.package_identification:_identify(src/ROS-TCP-Endpoint) by extension 'ignore_ament_install'
[11.297s] Level 1:colcon.colcon_core.package_identification:_identify(src/ROS-TCP-Endpoint) by extensions ['colcon_pkg']
[11.297s] Level 1:colcon.colcon_core.package_identification:_identify(src/ROS-TCP-Endpoint) by extension 'colcon_pkg'
[11.297s] Level 1:colcon.colcon_core.package_identification:_identify(src/ROS-TCP-Endpoint) by extensions ['colcon_meta']
[11.297s] Level 1:colcon.colcon_core.package_identification:_identify(src/ROS-TCP-Endpoint) by extension 'colcon_meta'
[11.297s] Level 1:colcon.colcon_core.package_identification:_identify(src/ROS-TCP-Endpoint) by extensions ['ros']
[11.297s] Level 1:colcon.colcon_core.package_identification:_identify(src/ROS-TCP-Endpoint) by extension 'ros'
[11.302s] DEBUG:colcon.colcon_core.package_identification:Package 'src/ROS-TCP-Endpoint' with type 'ros.ament_python' and name 'ros_tcp_endpoint'
[11.303s] Level 1:colcon.colcon_core.package_identification:_identify(src/husky_tf_broadcaster) by extensions ['ignore', 'ignore_ament_install']
[11.303s] Level 1:colcon.colcon_core.package_identification:_identify(src/husky_tf_broadcaster) by extension 'ignore'
[11.303s] Level 1:colcon.colcon_core.package_identification:_identify(src/husky_tf_broadcaster) by extension 'ignore_ament_install'
[11.303s] Level 1:colcon.colcon_core.package_identification:_identify(src/husky_tf_broadcaster) by extensions ['colcon_pkg']
[11.303s] Level 1:colcon.colcon_core.package_identification:_identify(src/husky_tf_broadcaster) by extension 'colcon_pkg'
[11.303s] Level 1:colcon.colcon_core.package_identification:_identify(src/husky_tf_broadcaster) by extensions ['colcon_meta']
[11.303s] Level 1:colcon.colcon_core.package_identification:_identify(src/husky_tf_broadcaster) by extension 'colcon_meta'
[11.303s] Level 1:colcon.colcon_core.package_identification:_identify(src/husky_tf_broadcaster) by extensions ['ros']
[11.303s] Level 1:colcon.colcon_core.package_identification:_identify(src/husky_tf_broadcaster) by extension 'ros'
[11.304s] DEBUG:colcon.colcon_core.package_identification:Package 'src/husky_tf_broadcaster' with type 'ros.ament_cmake' and name 'husky_tf_broadcaster'
[11.304s] Level 1:colcon.colcon_core.package_discovery:discover_packages(recursive) using defaults
[11.305s] Level 1:colcon.colcon_core.package_discovery:discover_packages(ignore) discover
[11.305s] Level 1:colcon.colcon_core.package_discovery:discover_packages(ignore) using defaults
[11.305s] Level 1:colcon.colcon_core.package_discovery:discover_packages(path) discover
[11.305s] Level 1:colcon.colcon_core.package_discovery:discover_packages(path) using defaults
[12.302s] Level 1:colcon.colcon_core.package_discovery:discover_packages(prefix_path) check parameters
[12.302s] Level 1:colcon.colcon_core.package_discovery:discover_packages(prefix_path) discover
[12.751s] DEBUG:colcon.colcon_installed_package_information.package_discovery:Found 3 installed packages in /home/akyatha/colcon_ws/install
[12.970s] DEBUG:colcon.colcon_installed_package_information.package_discovery:Found 327 installed packages in /opt/ros/foxy
[12.974s] Level 1:colcon.colcon_core.package_discovery:discover_packages(prefix_path) using defaults
[13.489s] Level 5:colcon.colcon_core.verb:set package 'husky_tf_broadcaster' build argument 'cmake_args' from command line to 'None'
[13.489s] Level 5:colcon.colcon_core.verb:set package 'husky_tf_broadcaster' build argument 'cmake_target' from command line to 'None'
[13.489s] Level 5:colcon.colcon_core.verb:set package 'husky_tf_broadcaster' build argument 'cmake_target_skip_unavailable' from command line to 'False'
[13.489s] Level 5:colcon.colcon_core.verb:set package 'husky_tf_broadcaster' build argument 'cmake_clean_cache' from command line to 'False'
[13.489s] Level 5:colcon.colcon_core.verb:set package 'husky_tf_broadcaster' build argument 'cmake_clean_first' from command line to 'False'
[13.489s] Level 5:colcon.colcon_core.verb:set package 'husky_tf_broadcaster' build argument 'cmake_force_configure' from command line to 'False'
[13.489s] Level 5:colcon.colcon_core.verb:set package 'husky_tf_broadcaster' build argument 'ament_cmake_args' from command line to 'None'
[13.489s] Level 5:colcon.colcon_core.verb:set package 'husky_tf_broadcaster' build argument 'catkin_cmake_args' from command line to 'None'
[13.489s] Level 5:colcon.colcon_core.verb:set package 'husky_tf_broadcaster' build argument 'catkin_skip_building_tests' from command line to 'False'
[13.490s] DEBUG:colcon.colcon_core.verb:Building package 'husky_tf_broadcaster' with the following arguments: {'ament_cmake_args': None, 'build_base': '/home/akyatha/colcon_ws/build/husky_tf_broadcaster', 'catkin_cmake_args': None, 'catkin_skip_building_tests': False, 'cmake_args': None, 'cmake_clean_cache': False, 'cmake_clean_first': False, 'cmake_force_configure': False, 'cmake_target': None, 'cmake_target_skip_unavailable': False, 'install_base': '/home/akyatha/colcon_ws/install/husky_tf_broadcaster', 'merge_install': False, 'path': '/home/akyatha/colcon_ws/src/husky_tf_broadcaster', 'symlink_install': False, 'test_result_base': None}
[13.666s] Level 5:colcon.colcon_core.verb:set package 'ros_tcp_endpoint' build argument 'cmake_args' from command line to 'None'
[13.666s] Level 5:colcon.colcon_core.verb:set package 'ros_tcp_endpoint' build argument 'cmake_target' from command line to 'None'
[13.666s] Level 5:colcon.colcon_core.verb:set package 'ros_tcp_endpoint' build argument 'cmake_target_skip_unavailable' from command line to 'False'
[13.666s] Level 5:colcon.colcon_core.verb:set package 'ros_tcp_endpoint' build argument 'cmake_clean_cache' from command line to 'False'
[13.666s] Level 5:colcon.colcon_core.verb:set package 'ros_tcp_endpoint' build argument 'cmake_clean_first' from command line to 'False'
[13.666s] Level 5:colcon.colcon_core.verb:set package 'ros_tcp_endpoint' build argument 'cmake_force_configure' from command line to 'False'
[13.666s] Level 5:colcon.colcon_core.verb:set package 'ros_tcp_endpoint' build argument 'ament_cmake_args' from command line to 'None'
[13.666s] Level 5:colcon.colcon_core.verb:set package 'ros_tcp_endpoint' build argument 'catkin_cmake_args' from command line to 'None'
[13.666s] Level 5:colcon.colcon_core.verb:set package 'ros_tcp_endpoint' build argument 'catkin_skip_building_tests' from command line to 'False'
[13.667s] DEBUG:colcon.colcon_core.verb:Building package 'ros_tcp_endpoint' with the following arguments: {'ament_cmake_args': None, 'build_base': '/home/akyatha/colcon_ws/build/ros_tcp_endpoint', 'catkin_cmake_args': None, 'catkin_skip_building_tests': False, 'cmake_args': None, 'cmake_clean_cache': False, 'cmake_clean_first': False, 'cmake_force_configure': False, 'cmake_target': None, 'cmake_target_skip_unavailable': False, 'install_base': '/home/akyatha/colcon_ws/install/ros_tcp_endpoint', 'merge_install': False, 'path': '/home/akyatha/colcon_ws/src/ROS-TCP-Endpoint', 'symlink_install': False, 'test_result_base': None}
[13.852s] INFO:colcon.colcon_core.executor:Executing jobs using 'parallel' executor
[14.041s] DEBUG:colcon.colcon_parallel_executor.executor.parallel:run_until_complete
[14.041s] INFO:colcon.colcon_ros.task.ament_cmake.build:Building ROS package in '/home/akyatha/colcon_ws/src/husky_tf_broadcaster' with build type 'ament_cmake'
[14.042s] INFO:colcon.colcon_cmake.task.cmake.build:Building CMake package in '/home/akyatha/colcon_ws/src/husky_tf_broadcaster'
[14.250s] INFO:colcon.colcon_core.plugin_system:Skipping extension 'colcon_core.shell.bat': Not used on non-Windows systems
[14.250s] INFO:colcon.colcon_core.shell:Skip shell extension 'powershell' for command environment: Not usable outside of PowerShell
[14.250s] DEBUG:colcon.colcon_core.shell:Skip shell extension 'dsv' for command environment
[14.835s] INFO:colcon.colcon_ros.task.ament_python.build:Building ROS package in '/home/akyatha/colcon_ws/src/ROS-TCP-Endpoint' with build type 'ament_python'
[14.836s] Level 1:colcon.colcon_core.shell:create_environment_hook('ros_tcp_endpoint', 'ament_prefix_path')
[15.027s] INFO:colcon.colcon_core.shell:Creating environment hook '/home/akyatha/colcon_ws/install/ros_tcp_endpoint/share/ros_tcp_endpoint/hook/ament_prefix_path.ps1'
[15.028s] INFO:colcon.colcon_core.shell:Creating environment descriptor '/home/akyatha/colcon_ws/install/ros_tcp_endpoint/share/ros_tcp_endpoint/hook/ament_prefix_path.dsv'
[15.029s] INFO:colcon.colcon_core.shell:Creating environment hook '/home/akyatha/colcon_ws/install/ros_tcp_endpoint/share/ros_tcp_endpoint/hook/ament_prefix_path.sh'
[15.232s] INFO:colcon.colcon_core.shell:Skip shell extension 'powershell' for command environment: Not usable outside of PowerShell
[15.232s] DEBUG:colcon.colcon_core.shell:Skip shell extension 'dsv' for command environment
[15.870s] DEBUG:colcon.colcon_core.event_handler.log_command:Invoking command in '/home/akyatha/colcon_ws/build/husky_tf_broadcaster': CMAKE_PREFIX_PATH=${CMAKE_PREFIX_PATH}:/home/akyatha/colcon_ws/install/ros_tcp_endpoint:/opt/ros/foxy /usr/bin/cmake --build /home/akyatha/colcon_ws/build/husky_tf_broadcaster -- -j8 -l8
[16.207s] INFO:colcon.colcon_core.task.python.build:Building Python package in '/home/akyatha/colcon_ws/src/ROS-TCP-Endpoint'
[16.399s] INFO:colcon.colcon_core.shell:Skip shell extension 'powershell' for command environment: Not usable outside of PowerShell
[16.399s] DEBUG:colcon.colcon_core.shell:Skip shell extension 'dsv' for command environment
[16.986s] DEBUG:colcon.colcon_core.event_handler.log_command:Invoked command in '/home/akyatha/colcon_ws/build/husky_tf_broadcaster' returned '0': CMAKE_PREFIX_PATH=${CMAKE_PREFIX_PATH}:/home/akyatha/colcon_ws/install/ros_tcp_endpoint:/opt/ros/foxy /usr/bin/cmake --build /home/akyatha/colcon_ws/build/husky_tf_broadcaster -- -j8 -l8
[17.043s] DEBUG:colcon.colcon_core.event_handler.log_command:Invoking command in '/home/akyatha/colcon_ws/build/husky_tf_broadcaster': CMAKE_PREFIX_PATH=${CMAKE_PREFIX_PATH}:/home/akyatha/colcon_ws/install/ros_tcp_endpoint:/opt/ros/foxy /usr/bin/cmake --install /home/akyatha/colcon_ws/build/husky_tf_broadcaster
[17.060s] Level 1:colcon.colcon_core.environment:create_environment_scripts_only(husky_tf_broadcaster)
[17.062s] DEBUG:colcon.colcon_core.event_handler.log_command:Invoked command in '/home/akyatha/colcon_ws/build/husky_tf_broadcaster' returned '0': CMAKE_PREFIX_PATH=${CMAKE_PREFIX_PATH}:/home/akyatha/colcon_ws/install/ros_tcp_endpoint:/opt/ros/foxy /usr/bin/cmake --install /home/akyatha/colcon_ws/build/husky_tf_broadcaster
[17.301s] Level 1:colcon.colcon_core.environment:checking '/home/akyatha/colcon_ws/install/husky_tf_broadcaster' for CMake module files
[17.301s] Level 1:colcon.colcon_core.environment:checking '/home/akyatha/colcon_ws/install/husky_tf_broadcaster' for CMake config files
[17.301s] Level 1:colcon.colcon_core.shell:create_environment_hook('husky_tf_broadcaster', 'cmake_prefix_path')
[17.518s] INFO:colcon.colcon_core.shell:Creating environment hook '/home/akyatha/colcon_ws/install/husky_tf_broadcaster/share/husky_tf_broadcaster/hook/cmake_prefix_path.ps1'
[17.519s] INFO:colcon.colcon_core.shell:Creating environment descriptor '/home/akyatha/colcon_ws/install/husky_tf_broadcaster/share/husky_tf_broadcaster/hook/cmake_prefix_path.dsv'
[17.519s] INFO:colcon.colcon_core.shell:Creating environment hook '/home/akyatha/colcon_ws/install/husky_tf_broadcaster/share/husky_tf_broadcaster/hook/cmake_prefix_path.sh'
[17.522s] Level 1:colcon.colcon_core.environment:checking '/home/akyatha/colcon_ws/install/husky_tf_broadcaster/lib'
[17.522s] Level 1:colcon.colcon_core.environment:checking '/home/akyatha/colcon_ws/install/husky_tf_broadcaster/bin'
[17.523s] Level 1:colcon.colcon_core.environment:checking '/home/akyatha/colcon_ws/install/husky_tf_broadcaster/lib/pkgconfig/husky_tf_broadcaster.pc'
[17.523s] Level 1:colcon.colcon_core.environment:checking '/home/akyatha/colcon_ws/install/husky_tf_broadcaster/lib/python3.8/site-packages'
[17.524s] Level 1:colcon.colcon_core.environment:checking '/home/akyatha/colcon_ws/install/husky_tf_broadcaster/bin'
[17.717s] INFO:colcon.colcon_core.shell:Creating package script '/home/akyatha/colcon_ws/install/husky_tf_broadcaster/share/husky_tf_broadcaster/package.ps1'
[17.718s] INFO:colcon.colcon_core.shell:Creating package descriptor '/home/akyatha/colcon_ws/install/husky_tf_broadcaster/share/husky_tf_broadcaster/package.dsv'
[17.719s] INFO:colcon.colcon_core.shell:Creating package script '/home/akyatha/colcon_ws/install/husky_tf_broadcaster/share/husky_tf_broadcaster/package.sh'
[17.720s] INFO:colcon.colcon_core.shell:Creating package script '/home/akyatha/colcon_ws/install/husky_tf_broadcaster/share/husky_tf_broadcaster/package.bash'
[17.721s] INFO:colcon.colcon_core.shell:Creating package script '/home/akyatha/colcon_ws/install/husky_tf_broadcaster/share/husky_tf_broadcaster/package.zsh'
[17.722s] Level 1:colcon.colcon_core.environment:create_file_with_runtime_dependencies(/home/akyatha/colcon_ws/install/husky_tf_broadcaster/share/colcon-core/packages/husky_tf_broadcaster)
[17.949s] Level 1:colcon.colcon_core.environment:create_environment_scripts_only(husky_tf_broadcaster)
[18.157s] Level 1:colcon.colcon_core.environment:checking '/home/akyatha/colcon_ws/install/husky_tf_broadcaster' for CMake module files
[18.158s] Level 1:colcon.colcon_core.environment:checking '/home/akyatha/colcon_ws/install/husky_tf_broadcaster' for CMake config files
[18.159s] Level 1:colcon.colcon_core.shell:create_environment_hook('husky_tf_broadcaster', 'cmake_prefix_path')
[18.348s] INFO:colcon.colcon_core.shell:Creating environment hook '/home/akyatha/colcon_ws/install/husky_tf_broadcaster/share/husky_tf_broadcaster/hook/cmake_prefix_path.ps1'
[18.349s] INFO:colcon.colcon_core.shell:Creating environment descriptor '/home/akyatha/colcon_ws/install/husky_tf_broadcaster/share/husky_tf_broadcaster/hook/cmake_prefix_path.dsv'
[18.349s] INFO:colcon.colcon_core.shell:Creating environment hook '/home/akyatha/colcon_ws/install/husky_tf_broadcaster/share/husky_tf_broadcaster/hook/cmake_prefix_path.sh'
[18.350s] Level 1:colcon.colcon_core.environment:checking '/home/akyatha/colcon_ws/install/husky_tf_broadcaster/lib'
[18.350s] Level 1:colcon.colcon_core.environment:checking '/home/akyatha/colcon_ws/install/husky_tf_broadcaster/bin'
[18.350s] Level 1:colcon.colcon_core.environment:checking '/home/akyatha/colcon_ws/install/husky_tf_broadcaster/lib/pkgconfig/husky_tf_broadcaster.pc'
[18.350s] Level 1:colcon.colcon_core.environment:checking '/home/akyatha/colcon_ws/install/husky_tf_broadcaster/lib/python3.8/site-packages'
[18.351s] Level 1:colcon.colcon_core.environment:checking '/home/akyatha/colcon_ws/install/husky_tf_broadcaster/bin'
[18.541s] INFO:colcon.colcon_core.shell:Creating package script '/home/akyatha/colcon_ws/install/husky_tf_broadcaster/share/husky_tf_broadcaster/package.ps1'
[18.542s] INFO:colcon.colcon_core.shell:Creating package descriptor '/home/akyatha/colcon_ws/install/husky_tf_broadcaster/share/husky_tf_broadcaster/package.dsv'
[18.543s] INFO:colcon.colcon_core.shell:Creating package script '/home/akyatha/colcon_ws/install/husky_tf_broadcaster/share/husky_tf_broadcaster/package.sh'
[18.544s] INFO:colcon.colcon_core.shell:Creating package script '/home/akyatha/colcon_ws/install/husky_tf_broadcaster/share/husky_tf_broadcaster/package.bash'
[18.544s] INFO:colcon.colcon_core.shell:Creating package script '/home/akyatha/colcon_ws/install/husky_tf_broadcaster/share/husky_tf_broadcaster/package.zsh'
[18.545s] Level 1:colcon.colcon_core.environment:create_file_with_runtime_dependencies(/home/akyatha/colcon_ws/install/husky_tf_broadcaster/share/colcon-core/packages/husky_tf_broadcaster)
[18.550s] DEBUG:colcon.colcon_core.event_handler.log_command:Invoking command in '/home/akyatha/colcon_ws/src/ROS-TCP-Endpoint': PYTHONPATH=/home/akyatha/colcon_ws/build/ros_tcp_endpoint/prefix_override:/home/akyatha/colcon_ws/install/ros_tcp_endpoint/lib/python3.8/site-packages:${PYTHONPATH} /usr/bin/python3 setup.py egg_info --egg-base ../../build/ros_tcp_endpoint build --build-base /home/akyatha/colcon_ws/build/ros_tcp_endpoint/build install --record /home/akyatha/colcon_ws/build/ros_tcp_endpoint/install.log --install-scripts $base/lib/ros_tcp_endpoint --single-version-externally-managed
[19.377s] DEBUG:colcon.colcon_core.event_handler.log_command:Invoked command in '/home/akyatha/colcon_ws/src/ROS-TCP-Endpoint' returned '0': PYTHONPATH=/home/akyatha/colcon_ws/build/ros_tcp_endpoint/prefix_override:/home/akyatha/colcon_ws/install/ros_tcp_endpoint/lib/python3.8/site-packages:${PYTHONPATH} /usr/bin/python3 setup.py egg_info --egg-base ../../build/ros_tcp_endpoint build --build-base /home/akyatha/colcon_ws/build/ros_tcp_endpoint/build install --record /home/akyatha/colcon_ws/build/ros_tcp_endpoint/install.log --install-scripts $base/lib/ros_tcp_endpoint --single-version-externally-managed
[19.591s] Level 1:colcon.colcon_core.environment:checking '/home/akyatha/colcon_ws/install/ros_tcp_endpoint' for CMake module files
[19.592s] Level 1:colcon.colcon_core.environment:checking '/home/akyatha/colcon_ws/install/ros_tcp_endpoint' for CMake config files
[19.593s] Level 1:colcon.colcon_core.environment:checking '/home/akyatha/colcon_ws/install/ros_tcp_endpoint/lib'
[19.593s] Level 1:colcon.colcon_core.environment:checking '/home/akyatha/colcon_ws/install/ros_tcp_endpoint/bin'
[19.594s] Level 1:colcon.colcon_core.environment:checking '/home/akyatha/colcon_ws/install/ros_tcp_endpoint/lib/pkgconfig/ros_tcp_endpoint.pc'
[19.595s] Level 1:colcon.colcon_core.environment:checking '/home/akyatha/colcon_ws/install/ros_tcp_endpoint/lib/python3.8/site-packages'
[19.595s] Level 1:colcon.colcon_core.shell:create_environment_hook('ros_tcp_endpoint', 'pythonpath')
[19.789s] INFO:colcon.colcon_core.shell:Creating environment hook '/home/akyatha/colcon_ws/install/ros_tcp_endpoint/share/ros_tcp_endpoint/hook/pythonpath.ps1'
[19.790s] INFO:colcon.colcon_core.shell:Creating environment descriptor '/home/akyatha/colcon_ws/install/ros_tcp_endpoint/share/ros_tcp_endpoint/hook/pythonpath.dsv'
[19.790s] INFO:colcon.colcon_core.shell:Creating environment hook '/home/akyatha/colcon_ws/install/ros_tcp_endpoint/share/ros_tcp_endpoint/hook/pythonpath.sh'
[19.791s] Level 1:colcon.colcon_core.environment:checking '/home/akyatha/colcon_ws/install/ros_tcp_endpoint/bin'
[19.791s] Level 1:colcon.colcon_core.environment:create_environment_scripts_only(ros_tcp_endpoint)
[19.982s] INFO:colcon.colcon_core.shell:Creating package script '/home/akyatha/colcon_ws/install/ros_tcp_endpoint/share/ros_tcp_endpoint/package.ps1'
[19.983s] INFO:colcon.colcon_core.shell:Creating package descriptor '/home/akyatha/colcon_ws/install/ros_tcp_endpoint/share/ros_tcp_endpoint/package.dsv'
[19.983s] INFO:colcon.colcon_core.shell:Creating package script '/home/akyatha/colcon_ws/install/ros_tcp_endpoint/share/ros_tcp_endpoint/package.sh'
[19.984s] INFO:colcon.colcon_core.shell:Creating package script '/home/akyatha/colcon_ws/install/ros_tcp_endpoint/share/ros_tcp_endpoint/package.bash'
[19.984s] INFO:colcon.colcon_core.shell:Creating package script '/home/akyatha/colcon_ws/install/ros_tcp_endpoint/share/ros_tcp_endpoint/package.zsh'
[19.985s] Level 1:colcon.colcon_core.environment:create_file_with_runtime_dependencies(/home/akyatha/colcon_ws/install/ros_tcp_endpoint/share/colcon-core/packages/ros_tcp_endpoint)
[19.985s] DEBUG:colcon.colcon_parallel_executor.executor.parallel:closing loop
[19.986s] DEBUG:colcon.colcon_parallel_executor.executor.parallel:loop closed
[19.986s] DEBUG:colcon.colcon_parallel_executor.executor.parallel:run_until_complete finished with '0'
[19.986s] DEBUG:colcon.colcon_core.event_reactor:joining thread
[20.189s] INFO:colcon.colcon_core.plugin_system:Skipping extension 'colcon_notification.desktop_notification.terminal_notifier': Not used on non-Darwin systems
[20.189s] INFO:colcon.colcon_core.plugin_system:Skipping extension 'colcon_notification.desktop_notification.win32': Not used on non-Windows systems
[20.190s] INFO:colcon.colcon_notification.desktop_notification:Sending desktop notification using 'notify2'
[20.225s] DEBUG:colcon.colcon_core.event_reactor:joined thread
[20.443s] INFO:colcon.colcon_core.shell:Creating prefix script '/home/akyatha/colcon_ws/install/local_setup.ps1'
[20.445s] INFO:colcon.colcon_core.shell:Creating prefix util module '/home/akyatha/colcon_ws/install/_local_setup_util_ps1.py'
[20.446s] INFO:colcon.colcon_core.shell:Creating prefix chain script '/home/akyatha/colcon_ws/install/setup.ps1'
[20.639s] INFO:colcon.colcon_core.shell:Creating prefix script '/home/akyatha/colcon_ws/install/local_setup.sh'
[20.640s] INFO:colcon.colcon_core.shell:Creating prefix util module '/home/akyatha/colcon_ws/install/_local_setup_util_sh.py'
[20.641s] INFO:colcon.colcon_core.shell:Creating prefix chain script '/home/akyatha/colcon_ws/install/setup.sh'
[20.824s] INFO:colcon.colcon_core.shell:Creating prefix script '/home/akyatha/colcon_ws/install/local_setup.bash'
[20.825s] INFO:colcon.colcon_core.shell:Creating prefix chain script '/home/akyatha/colcon_ws/install/setup.bash'
[21.013s] INFO:colcon.colcon_core.shell:Creating prefix script '/home/akyatha/colcon_ws/install/local_setup.zsh'
[21.014s] INFO:colcon.colcon_core.shell:Creating prefix chain script '/home/akyatha/colcon_ws/install/setup.zsh'
