[1.669s] Invoking command in '/home/akyatha/colcon_ws/build/husky_tf_broadcaster': CMAKE_PREFIX_PATH=/home/akyatha/colcon_ws/install/husky_tf_broadcaster:/home/akyatha/colcon_ws/install/ros_tcp_endpoint:/opt/ros/foxy:/home/akyatha/colcon_ws/install/husky_rycsv /usr/bin/cmake --build /home/akyatha/colcon_ws/build/husky_tf_broadcaster -- -j8 -l8
[2.709s] [100%] Built target husky_tf_broadcaster
[2.715s] Invoked command in '/home/akyatha/colcon_ws/build/husky_tf_broadcaster' returned '0': CMAKE_PREFIX_PATH=/home/akyatha/colcon_ws/install/husky_tf_broadcaster:/home/akyatha/colcon_ws/install/ros_tcp_endpoint:/opt/ros/foxy:/home/akyatha/colcon_ws/install/husky_rycsv /usr/bin/cmake --build /home/akyatha/colcon_ws/build/husky_tf_broadcaster -- -j8 -l8
[2.778s] Invoking command in '/home/akyatha/colcon_ws/build/husky_tf_broadcaster': CMAKE_PREFIX_PATH=/home/akyatha/colcon_ws/install/husky_tf_broadcaster:/home/akyatha/colcon_ws/install/ros_tcp_endpoint:/opt/ros/foxy:/home/akyatha/colcon_ws/install/husky_rycsv /usr/bin/cmake --install /home/akyatha/colcon_ws/build/husky_tf_broadcaster
[2.805s] -- Install configuration: ""
[2.805s] -- Up-to-date: /home/akyatha/colcon_ws/install/husky_tf_broadcaster/lib/husky_tf_broadcaster/husky_tf_broadcaster
[2.806s] -- Up-to-date: /home/akyatha/colcon_ws/install/husky_tf_broadcaster/share/husky_tf_broadcaster/launch
[2.806s] -- Installing: /home/akyatha/colcon_ws/install/husky_tf_broadcaster/share/husky_tf_broadcaster/launch/tf2_tranforms.launch.xml
[2.807s] -- Up-to-date: /home/akyatha/colcon_ws/install/husky_tf_broadcaster/share/ament_index/resource_index/package_run_dependencies/husky_tf_broadcaster
[2.808s] -- Up-to-date: /home/akyatha/colcon_ws/install/husky_tf_broadcaster/share/ament_index/resource_index/parent_prefix_path/husky_tf_broadcaster
[2.809s] -- Up-to-date: /home/akyatha/colcon_ws/install/husky_tf_broadcaster/share/husky_tf_broadcaster/environment/ament_prefix_path.sh
[2.809s] -- Up-to-date: /home/akyatha/colcon_ws/install/husky_tf_broadcaster/share/husky_tf_broadcaster/environment/ament_prefix_path.dsv
[2.809s] -- Up-to-date: /home/akyatha/colcon_ws/install/husky_tf_broadcaster/share/husky_tf_broadcaster/environment/path.sh
[2.810s] -- Up-to-date: /home/akyatha/colcon_ws/install/husky_tf_broadcaster/share/husky_tf_broadcaster/environment/path.dsv
[2.810s] -- Up-to-date: /home/akyatha/colcon_ws/install/husky_tf_broadcaster/share/husky_tf_broadcaster/local_setup.bash
[2.811s] -- Up-to-date: /home/akyatha/colcon_ws/install/husky_tf_broadcaster/share/husky_tf_broadcaster/local_setup.sh
[2.811s] -- Up-to-date: /home/akyatha/colcon_ws/install/husky_tf_broadcaster/share/husky_tf_broadcaster/local_setup.zsh
[2.811s] -- Up-to-date: /home/akyatha/colcon_ws/install/husky_tf_broadcaster/share/husky_tf_broadcaster/local_setup.dsv
[2.811s] -- Installing: /home/akyatha/colcon_ws/install/husky_tf_broadcaster/share/husky_tf_broadcaster/package.dsv
[2.811s] -- Up-to-date: /home/akyatha/colcon_ws/install/husky_tf_broadcaster/share/ament_index/resource_index/packages/husky_tf_broadcaster
[2.812s] -- Up-to-date: /home/akyatha/colcon_ws/install/husky_tf_broadcaster/share/husky_tf_broadcaster/cmake/husky_tf_broadcasterConfig.cmake
[2.812s] -- Up-to-date: /home/akyatha/colcon_ws/install/husky_tf_broadcaster/share/husky_tf_broadcaster/cmake/husky_tf_broadcasterConfig-version.cmake
[2.812s] -- Up-to-date: /home/akyatha/colcon_ws/install/husky_tf_broadcaster/share/husky_tf_broadcaster/package.xml
[3.410s] Invoked command in '/home/akyatha/colcon_ws/build/husky_tf_broadcaster' returned '0': CMAKE_PREFIX_PATH=/home/akyatha/colcon_ws/install/husky_tf_broadcaster:/home/akyatha/colcon_ws/install/ros_tcp_endpoint:/opt/ros/foxy:/home/akyatha/colcon_ws/install/husky_rycsv /usr/bin/cmake --install /home/akyatha/colcon_ws/build/husky_tf_broadcaster
