[1.661s] Invoking command in '/home/akyatha/colcon_ws/src/ROS-TCP-Endpoint': PYTHONPATH=/home/akyatha/colcon_ws/build/ros_tcp_endpoint/prefix_override:/home/akyatha/colcon_ws/install/ros_tcp_endpoint/lib/python3.8/site-packages:${PYTHONPATH} /usr/bin/python3 setup.py egg_info --egg-base ../../build/ros_tcp_endpoint build --build-base /home/akyatha/colcon_ws/build/ros_tcp_endpoint/build install --record /home/akyatha/colcon_ws/build/ros_tcp_endpoint/install.log --install-scripts $base/lib/ros_tcp_endpoint --single-version-externally-managed
[1.775s] /home/akyatha/.local/lib/python3.8/site-packages/setuptools/dist.py:472: SetuptoolsDeprecationWarning: Invalid dash-separated options
[1.775s] !!
[1.775s] 
[1.775s]         ********************************************************************************
[1.775s]         Usage of dash-separated 'script-dir' will not be supported in future
[1.775s]         versions. Please use the underscore name 'script_dir' instead.
[1.775s] 
[1.776s]         By 2024-Sep-26, you need to update your project and remove deprecated calls
[1.776s]         or your builds will no longer be supported.
[1.776s] 
[1.776s]         See https://setuptools.pypa.io/en/latest/userguide/declarative_config.html for details.
[1.776s]         ********************************************************************************
[1.776s] 
[1.776s] !!
[1.776s]   opt = self.warn_dash_deprecation(opt, section)
[1.867s] running egg_info
[1.880s] writing ../../build/ros_tcp_endpoint/ros_tcp_endpoint.egg-info/PKG-INFO
[1.881s] writing dependency_links to ../../build/ros_tcp_endpoint/ros_tcp_endpoint.egg-info/dependency_links.txt
[1.881s] writing entry points to ../../build/ros_tcp_endpoint/ros_tcp_endpoint.egg-info/entry_points.txt
[1.881s] writing requirements to ../../build/ros_tcp_endpoint/ros_tcp_endpoint.egg-info/requires.txt
[1.881s] writing top-level names to ../../build/ros_tcp_endpoint/ros_tcp_endpoint.egg-info/top_level.txt
[2.002s] reading manifest file '../../build/ros_tcp_endpoint/ros_tcp_endpoint.egg-info/SOURCES.txt'
[2.003s] adding license file 'LICENSE'
[2.003s] writing manifest file '../../build/ros_tcp_endpoint/ros_tcp_endpoint.egg-info/SOURCES.txt'
[2.004s] running build
[2.004s] running build_py
[2.004s] copying ros_tcp_endpoint/__init__.py -> /home/akyatha/colcon_ws/build/ros_tcp_endpoint/build/lib/ros_tcp_endpoint
[2.004s] copying ros_tcp_endpoint/tcp_sender.py -> /home/akyatha/colcon_ws/build/ros_tcp_endpoint/build/lib/ros_tcp_endpoint
[2.004s] copying ros_tcp_endpoint/service.py -> /home/akyatha/colcon_ws/build/ros_tcp_endpoint/build/lib/ros_tcp_endpoint
[2.004s] copying ros_tcp_endpoint/default_server_endpoint.py -> /home/akyatha/colcon_ws/build/ros_tcp_endpoint/build/lib/ros_tcp_endpoint
[2.004s] copying ros_tcp_endpoint/server.py -> /home/akyatha/colcon_ws/build/ros_tcp_endpoint/build/lib/ros_tcp_endpoint
[2.005s] copying ros_tcp_endpoint/client.py -> /home/akyatha/colcon_ws/build/ros_tcp_endpoint/build/lib/ros_tcp_endpoint
[2.005s] copying ros_tcp_endpoint/communication.py -> /home/akyatha/colcon_ws/build/ros_tcp_endpoint/build/lib/ros_tcp_endpoint
[2.005s] copying ros_tcp_endpoint/exceptions.py -> /home/akyatha/colcon_ws/build/ros_tcp_endpoint/build/lib/ros_tcp_endpoint
[2.005s] copying ros_tcp_endpoint/publisher.py -> /home/akyatha/colcon_ws/build/ros_tcp_endpoint/build/lib/ros_tcp_endpoint
[2.005s] copying ros_tcp_endpoint/subscriber.py -> /home/akyatha/colcon_ws/build/ros_tcp_endpoint/build/lib/ros_tcp_endpoint
[2.005s] copying ros_tcp_endpoint/unity_service.py -> /home/akyatha/colcon_ws/build/ros_tcp_endpoint/build/lib/ros_tcp_endpoint
[2.005s] copying ros_tcp_endpoint/thread_pauser.py -> /home/akyatha/colcon_ws/build/ros_tcp_endpoint/build/lib/ros_tcp_endpoint
[2.006s] running install
[2.006s] /home/akyatha/.local/lib/python3.8/site-packages/setuptools/_distutils/cmd.py:66: SetuptoolsDeprecationWarning: setup.py install is deprecated.
[2.006s] !!
[2.006s] 
[2.006s]         ********************************************************************************
[2.006s]         Please avoid running ``setup.py`` directly.
[2.006s]         Instead, use pypa/build, pypa/installer or other
[2.006s]         standards-based tools.
[2.006s] 
[2.006s]         See https://blog.ganssle.io/articles/2021/10/setup-py-deprecated.html for details.
[2.007s]         ********************************************************************************
[2.007s] 
[2.007s] !!
[2.007s]   self.initialize_options()
[2.011s] running install_lib
[2.026s] running install_data
[2.041s] copying resource/ros_tcp_endpoint -> /home/akyatha/colcon_ws/install/ros_tcp_endpoint/share/ament_index/resource_index/packages
[2.041s] copying package.xml -> /home/akyatha/colcon_ws/install/ros_tcp_endpoint/share/ros_tcp_endpoint
[2.041s] copying launch/endpoint.py -> /home/akyatha/colcon_ws/install/ros_tcp_endpoint/share/ros_tcp_endpoint/launch
[2.041s] running install_egg_info
[2.057s] removing '/home/akyatha/colcon_ws/install/ros_tcp_endpoint/lib/python3.8/site-packages/ros_tcp_endpoint-0.0.1-py3.8.egg-info' (and everything under it)
[2.058s] Copying ../../build/ros_tcp_endpoint/ros_tcp_endpoint.egg-info to /home/akyatha/colcon_ws/install/ros_tcp_endpoint/lib/python3.8/site-packages/ros_tcp_endpoint-0.0.1-py3.8.egg-info
[2.058s] running install_scripts
[2.101s] Installing default_server_endpoint script to /home/akyatha/colcon_ws/install/ros_tcp_endpoint/lib/ros_tcp_endpoint
[2.102s] writing list of installed files to '/home/akyatha/colcon_ws/build/ros_tcp_endpoint/install.log'
[2.122s] Invoked command in '/home/akyatha/colcon_ws/src/ROS-TCP-Endpoint' returned '0': PYTHONPATH=/home/akyatha/colcon_ws/build/ros_tcp_endpoint/prefix_override:/home/akyatha/colcon_ws/install/ros_tcp_endpoint/lib/python3.8/site-packages:${PYTHONPATH} /usr/bin/python3 setup.py egg_info --egg-base ../../build/ros_tcp_endpoint build --build-base /home/akyatha/colcon_ws/build/ros_tcp_endpoint/build install --record /home/akyatha/colcon_ws/build/ros_tcp_endpoint/install.log --install-scripts $base/lib/ros_tcp_endpoint --single-version-externally-managed
