[3.260s] Invoking command in '/home/akyatha/colcon_ws/build/husky_rycsv': CMAKE_PREFIX_PATH=/home/akyatha/colcon_ws/install/husky_tf_broadcaster:/home/akyatha/colcon_ws/install/ros_tcp_endpoint:/opt/ros/foxy:/home/akyatha/colcon_ws/install/husky_rycsv /usr/bin/cmake --build /home/akyatha/colcon_ws/build/husky_rycsv -- -j8 -l8
[4.851s] [100%] Built target urdf_publisher
[4.856s] Invoked command in '/home/akyatha/colcon_ws/build/husky_rycsv' returned '0': CMAKE_PREFIX_PATH=/home/akyatha/colcon_ws/install/husky_tf_broadcaster:/home/akyatha/colcon_ws/install/ros_tcp_endpoint:/opt/ros/foxy:/home/akyatha/colcon_ws/install/husky_rycsv /usr/bin/cmake --build /home/akyatha/colcon_ws/build/husky_rycsv -- -j8 -l8
[4.937s] Invoking command in '/home/akyatha/colcon_ws/build/husky_rycsv': CMAKE_PREFIX_PATH=/home/akyatha/colcon_ws/install/husky_tf_broadcaster:/home/akyatha/colcon_ws/install/ros_tcp_endpoint:/opt/ros/foxy:/home/akyatha/colcon_ws/install/husky_rycsv /usr/bin/cmake --install /home/akyatha/colcon_ws/build/husky_rycsv
[4.960s] -- Install configuration: ""
[4.961s] -- Up-to-date: /home/akyatha/colcon_ws/install/husky_rycsv/share/husky_rycsv/launch
[4.961s] -- Up-to-date: /home/akyatha/colcon_ws/install/husky_rycsv/share/husky_rycsv/launch/husky_simulation.launch.xml
[4.961s] -- Up-to-date: /home/akyatha/colcon_ws/install/husky_rycsv/share/husky_rycsv/config
[4.962s] -- Up-to-date: /home/akyatha/colcon_ws/install/husky_rycsv/share/husky_rycsv/rviz
[4.962s] -- Up-to-date: /home/akyatha/colcon_ws/install/husky_rycsv/share/husky_rycsv/urdf
[4.962s] -- Up-to-date: /home/akyatha/colcon_ws/install/husky_rycsv/share/husky_rycsv/urdf/sick_lms1xx.urdf.xacro
[4.962s] -- Up-to-date: /home/akyatha/colcon_ws/install/husky_rycsv/share/husky_rycsv/urdf/husky.urdf
[4.962s] -- Up-to-date: /home/akyatha/colcon_ws/install/husky_rycsv/share/husky_rycsv/urdf/accessories
[4.962s] -- Up-to-date: /home/akyatha/colcon_ws/install/husky_rycsv/share/husky_rycsv/urdf/accessories/sensor_arch.urdf.xacro
[4.963s] -- Up-to-date: /home/akyatha/colcon_ws/install/husky_rycsv/share/husky_rycsv/urdf/accessories/sick_lms1xx_mount.urdf.xacro
[4.963s] -- Up-to-date: /home/akyatha/colcon_ws/install/husky_rycsv/share/husky_rycsv/urdf/decorations.urdf.xacro
[4.963s] -- Up-to-date: /home/akyatha/colcon_ws/install/husky_rycsv/share/husky_rycsv/urdf/wheel.urdf.xacro
[4.963s] -- Up-to-date: /home/akyatha/colcon_ws/install/husky_rycsv/share/husky_rycsv/urdf/husky.urdf.xacro
[4.963s] -- Up-to-date: /home/akyatha/colcon_ws/install/husky_rycsv/share/husky_rycsv/meshes
[4.963s] -- Up-to-date: /home/akyatha/colcon_ws/install/husky_rycsv/share/husky_rycsv/meshes/base_link.stl
[4.964s] -- Up-to-date: /home/akyatha/colcon_ws/install/husky_rycsv/share/husky_rycsv/meshes/top_plate.dae
[4.964s] -- Up-to-date: /home/akyatha/colcon_ws/install/husky_rycsv/share/husky_rycsv/meshes/top_chassis.stl
[4.965s] -- Up-to-date: /home/akyatha/colcon_ws/install/husky_rycsv/share/husky_rycsv/meshes/wheel.stl
[4.965s] -- Up-to-date: /home/akyatha/colcon_ws/install/husky_rycsv/share/husky_rycsv/meshes/user_rail.stl
[4.966s] -- Up-to-date: /home/akyatha/colcon_ws/install/husky_rycsv/share/husky_rycsv/meshes/wheel.dae
[4.966s] -- Up-to-date: /home/akyatha/colcon_ws/install/husky_rycsv/share/husky_rycsv/meshes/sick-lms1xx.dae
[4.967s] -- Up-to-date: /home/akyatha/colcon_ws/install/husky_rycsv/share/husky_rycsv/meshes/bumper.dae
[4.967s] -- Up-to-date: /home/akyatha/colcon_ws/install/husky_rycsv/share/husky_rycsv/meshes/accessories
[4.967s] -- Up-to-date: /home/akyatha/colcon_ws/install/husky_rycsv/share/husky_rycsv/meshes/accessories/300_mm_sensor_arch.stl
[4.968s] -- Up-to-date: /home/akyatha/colcon_ws/install/husky_rycsv/share/husky_rycsv/meshes/accessories/510_mm_sensor_arch.dae
[4.968s] -- Up-to-date: /home/akyatha/colcon_ws/install/husky_rycsv/share/husky_rycsv/meshes/accessories/510_mm_sensor_arch.stl
[4.971s] -- Up-to-date: /home/akyatha/colcon_ws/install/husky_rycsv/share/husky_rycsv/meshes/accessories/300_mm_sensor_arch.dae
[4.976s] -- Up-to-date: /home/akyatha/colcon_ws/install/husky_rycsv/share/husky_rycsv/meshes/accessories/lidar_mount.stl
[4.977s] -- Up-to-date: /home/akyatha/colcon_ws/install/husky_rycsv/share/husky_rycsv/meshes/accessories/lms1xx_mount.dae
[4.977s] -- Up-to-date: /home/akyatha/colcon_ws/install/husky_rycsv/share/husky_rycsv/meshes/accessories/lms1xx_mount.stl
[4.978s] -- Up-to-date: /home/akyatha/colcon_ws/install/husky_rycsv/share/husky_rycsv/meshes/sick-lms1xx.stl
[4.978s] -- Up-to-date: /home/akyatha/colcon_ws/install/husky_rycsv/share/husky_rycsv/meshes/base_link.dae
[4.985s] -- Up-to-date: /home/akyatha/colcon_ws/install/husky_rycsv/share/husky_rycsv/meshes/top_chassis.dae
[4.986s] -- Up-to-date: /home/akyatha/colcon_ws/install/husky_rycsv/share/husky_rycsv/meshes/large_top_plate.dae
[4.986s] -- Up-to-date: /home/akyatha/colcon_ws/install/husky_rycsv/share/husky_rycsv/meshes/top_plate.stl
[4.986s] -- Up-to-date: /home/akyatha/colcon_ws/install/husky_rycsv/share/husky_rycsv/meshes/user_rail.dae
[4.986s] -- Up-to-date: /home/akyatha/colcon_ws/install/husky_rycsv/share/husky_rycsv/meshes/large_top_plate_collision.stl
[4.987s] -- Up-to-date: /home/akyatha/colcon_ws/install/husky_rycsv/share/husky_rycsv/meshes/bumper_extension.dae
[4.987s] -- Up-to-date: /home/akyatha/colcon_ws/install/husky_rycsv/lib/husky_rycsv/urdf_publisher
[4.987s] -- Up-to-date: /home/akyatha/colcon_ws/install/husky_rycsv/share/ament_index/resource_index/package_run_dependencies/husky_rycsv
[4.987s] -- Up-to-date: /home/akyatha/colcon_ws/install/husky_rycsv/share/ament_index/resource_index/parent_prefix_path/husky_rycsv
[4.987s] -- Up-to-date: /home/akyatha/colcon_ws/install/husky_rycsv/share/husky_rycsv/environment/ament_prefix_path.sh
[4.988s] -- Up-to-date: /home/akyatha/colcon_ws/install/husky_rycsv/share/husky_rycsv/environment/ament_prefix_path.dsv
[4.988s] -- Up-to-date: /home/akyatha/colcon_ws/install/husky_rycsv/share/husky_rycsv/environment/path.sh
[4.988s] -- Up-to-date: /home/akyatha/colcon_ws/install/husky_rycsv/share/husky_rycsv/environment/path.dsv
[4.989s] -- Up-to-date: /home/akyatha/colcon_ws/install/husky_rycsv/share/husky_rycsv/local_setup.bash
[4.989s] -- Up-to-date: /home/akyatha/colcon_ws/install/husky_rycsv/share/husky_rycsv/local_setup.sh
[4.989s] -- Up-to-date: /home/akyatha/colcon_ws/install/husky_rycsv/share/husky_rycsv/local_setup.zsh
[4.989s] -- Up-to-date: /home/akyatha/colcon_ws/install/husky_rycsv/share/husky_rycsv/local_setup.dsv
[4.989s] -- Installing: /home/akyatha/colcon_ws/install/husky_rycsv/share/husky_rycsv/package.dsv
[4.990s] -- Up-to-date: /home/akyatha/colcon_ws/install/husky_rycsv/share/ament_index/resource_index/packages/husky_rycsv
[4.990s] -- Up-to-date: /home/akyatha/colcon_ws/install/husky_rycsv/share/husky_rycsv/cmake/husky_rycsvConfig.cmake
[4.990s] -- Up-to-date: /home/akyatha/colcon_ws/install/husky_rycsv/share/husky_rycsv/cmake/husky_rycsvConfig-version.cmake
[4.990s] -- Up-to-date: /home/akyatha/colcon_ws/install/husky_rycsv/share/husky_rycsv/package.xml
[4.991s] Invoked command in '/home/akyatha/colcon_ws/build/husky_rycsv' returned '0': CMAKE_PREFIX_PATH=/home/akyatha/colcon_ws/install/husky_tf_broadcaster:/home/akyatha/colcon_ws/install/ros_tcp_endpoint:/opt/ros/foxy:/home/akyatha/colcon_ws/install/husky_rycsv /usr/bin/cmake --install /home/akyatha/colcon_ws/build/husky_rycsv
