[3.488s] Invoking command in '/home/akyatha/colcon_ws/src/ROS-TCP-Endpoint': PYTHONPATH=/home/akyatha/colcon_ws/build/ros_tcp_endpoint/prefix_override:/home/akyatha/colcon_ws/install/ros_tcp_endpoint/lib/python3.8/site-packages:${PYTHONPATH} /usr/bin/python3 setup.py egg_info --egg-base ../../build/ros_tcp_endpoint build --build-base /home/akyatha/colcon_ws/build/ros_tcp_endpoint/build install --record /home/akyatha/colcon_ws/build/ros_tcp_endpoint/install.log --install-scripts $base/lib/ros_tcp_endpoint --single-version-externally-managed
[3.694s] /home/akyatha/.local/lib/python3.8/site-packages/setuptools/dist.py:472: SetuptoolsDeprecationWarning: Invalid dash-separated options
[3.694s] !!
[3.694s] 
[3.694s]         ********************************************************************************
[3.694s]         Usage of dash-separated 'script-dir' will not be supported in future
[3.694s]         versions. Please use the underscore name 'script_dir' instead.
[3.694s] 
[3.695s]         By 2024-Sep-26, you need to update your project and remove deprecated calls
[3.695s]         or your builds will no longer be supported.
[3.695s] 
[3.695s]         See https://setuptools.pypa.io/en/latest/userguide/declarative_config.html for details.
[3.695s]         ********************************************************************************
[3.695s] 
[3.696s] !!
[3.696s]   opt = self.warn_dash_deprecation(opt, section)
[3.847s] running egg_info
[3.872s] writing ../../build/ros_tcp_endpoint/ros_tcp_endpoint.egg-info/PKG-INFO
[3.873s] writing dependency_links to ../../build/ros_tcp_endpoint/ros_tcp_endpoint.egg-info/dependency_links.txt
[3.874s] writing entry points to ../../build/ros_tcp_endpoint/ros_tcp_endpoint.egg-info/entry_points.txt
[3.874s] writing requirements to ../../build/ros_tcp_endpoint/ros_tcp_endpoint.egg-info/requires.txt
[3.875s] writing top-level names to ../../build/ros_tcp_endpoint/ros_tcp_endpoint.egg-info/top_level.txt
[4.068s] reading manifest file '../../build/ros_tcp_endpoint/ros_tcp_endpoint.egg-info/SOURCES.txt'
[4.068s] adding license file 'LICENSE'
[4.069s] writing manifest file '../../build/ros_tcp_endpoint/ros_tcp_endpoint.egg-info/SOURCES.txt'
[4.069s] running build
[4.069s] running build_py
[4.070s] copying ros_tcp_endpoint/__init__.py -> /home/akyatha/colcon_ws/build/ros_tcp_endpoint/build/lib/ros_tcp_endpoint
[4.070s] copying ros_tcp_endpoint/tcp_sender.py -> /home/akyatha/colcon_ws/build/ros_tcp_endpoint/build/lib/ros_tcp_endpoint
[4.070s] copying ros_tcp_endpoint/service.py -> /home/akyatha/colcon_ws/build/ros_tcp_endpoint/build/lib/ros_tcp_endpoint
[4.070s] copying ros_tcp_endpoint/default_server_endpoint.py -> /home/akyatha/colcon_ws/build/ros_tcp_endpoint/build/lib/ros_tcp_endpoint
[4.070s] copying ros_tcp_endpoint/server.py -> /home/akyatha/colcon_ws/build/ros_tcp_endpoint/build/lib/ros_tcp_endpoint
[4.070s] copying ros_tcp_endpoint/client.py -> /home/akyatha/colcon_ws/build/ros_tcp_endpoint/build/lib/ros_tcp_endpoint
[4.071s] copying ros_tcp_endpoint/communication.py -> /home/akyatha/colcon_ws/build/ros_tcp_endpoint/build/lib/ros_tcp_endpoint
[4.072s] copying ros_tcp_endpoint/exceptions.py -> /home/akyatha/colcon_ws/build/ros_tcp_endpoint/build/lib/ros_tcp_endpoint
[4.072s] copying ros_tcp_endpoint/publisher.py -> /home/akyatha/colcon_ws/build/ros_tcp_endpoint/build/lib/ros_tcp_endpoint
[4.073s] copying ros_tcp_endpoint/subscriber.py -> /home/akyatha/colcon_ws/build/ros_tcp_endpoint/build/lib/ros_tcp_endpoint
[4.073s] copying ros_tcp_endpoint/unity_service.py -> /home/akyatha/colcon_ws/build/ros_tcp_endpoint/build/lib/ros_tcp_endpoint
[4.073s] copying ros_tcp_endpoint/thread_pauser.py -> /home/akyatha/colcon_ws/build/ros_tcp_endpoint/build/lib/ros_tcp_endpoint
[4.074s] running install
[4.074s] /home/akyatha/.local/lib/python3.8/site-packages/setuptools/_distutils/cmd.py:66: SetuptoolsDeprecationWarning: setup.py install is deprecated.
[4.075s] !!
[4.075s] 
[4.075s]         ********************************************************************************
[4.075s]         Please avoid running ``setup.py`` directly.
[4.075s]         Instead, use pypa/build, pypa/installer or other
[4.075s]         standards-based tools.
[4.076s] 
[4.076s]         See https://blog.ganssle.io/articles/2021/10/setup-py-deprecated.html for details.
[4.076s]         ********************************************************************************
[4.076s] 
[4.076s] !!
[4.076s]   self.initialize_options()
[4.087s] running install_lib
[4.117s] running install_data
[4.140s] copying resource/ros_tcp_endpoint -> /home/akyatha/colcon_ws/install/ros_tcp_endpoint/share/ament_index/resource_index/packages
[4.140s] copying package.xml -> /home/akyatha/colcon_ws/install/ros_tcp_endpoint/share/ros_tcp_endpoint
[4.140s] copying launch/endpoint.py -> /home/akyatha/colcon_ws/install/ros_tcp_endpoint/share/ros_tcp_endpoint/launch
[4.140s] running install_egg_info
[4.166s] removing '/home/akyatha/colcon_ws/install/ros_tcp_endpoint/lib/python3.8/site-packages/ros_tcp_endpoint-0.0.1-py3.8.egg-info' (and everything under it)
[4.166s] Copying ../../build/ros_tcp_endpoint/ros_tcp_endpoint.egg-info to /home/akyatha/colcon_ws/install/ros_tcp_endpoint/lib/python3.8/site-packages/ros_tcp_endpoint-0.0.1-py3.8.egg-info
[4.167s] running install_scripts
[4.240s] Installing default_server_endpoint script to /home/akyatha/colcon_ws/install/ros_tcp_endpoint/lib/ros_tcp_endpoint
[4.242s] writing list of installed files to '/home/akyatha/colcon_ws/build/ros_tcp_endpoint/install.log'
[4.290s] Invoked command in '/home/akyatha/colcon_ws/src/ROS-TCP-Endpoint' returned '0': PYTHONPATH=/home/akyatha/colcon_ws/build/ros_tcp_endpoint/prefix_override:/home/akyatha/colcon_ws/install/ros_tcp_endpoint/lib/python3.8/site-packages:${PYTHONPATH} /usr/bin/python3 setup.py egg_info --egg-base ../../build/ros_tcp_endpoint build --build-base /home/akyatha/colcon_ws/build/ros_tcp_endpoint/build install --record /home/akyatha/colcon_ws/build/ros_tcp_endpoint/install.log --install-scripts $base/lib/ros_tcp_endpoint --single-version-externally-managed
