[0.850s] Invoking command in '/home/akyatha/colcon_ws/build/slam_toolbox': CMAKE_PREFIX_PATH=/opt/ros/foxy /usr/bin/cmake /home/akyatha/colcon_ws/src/slam_toolbox -DAMENT_CMAKE_SYMLINK_INSTALL=1 -DCMAKE_INSTALL_PREFIX=/home/akyatha/colcon_ws/install/slam_toolbox
[0.866s] -- Found ament_cmake: 0.9.12 (/opt/ros/foxy/share/ament_cmake/cmake)
[0.888s] -- Using PYTHON_EXECUTABLE: /usr/bin/python3
[1.078s] -- Override CMake install command with custom implementation using symlinks instead of copying resources
[1.086s] -- Found message_filters: 3.2.7 (/opt/ros/foxy/share/message_filters/cmake)
[1.088s] -- Found nav_msgs: 2.0.5 (/opt/ros/foxy/share/nav_msgs/cmake)
[1.108s] -- Using all available rosidl_typesupport_c: rosidl_typesupport_fastrtps_c;rosidl_typesupport_introspection_c
[1.111s] -- Found rosidl_adapter: 1.3.1 (/opt/ros/foxy/share/rosidl_adapter/cmake)
[1.226s] -- Using all available rosidl_typesupport_cpp: rosidl_typesupport_fastrtps_cpp;rosidl_typesupport_introspection_cpp
[1.384s] -- Found rclcpp: 2.4.3 (/opt/ros/foxy/share/rclcpp/cmake)
[1.419s] -- Found rmw_implementation_cmake: 1.0.4 (/opt/ros/foxy/share/rmw_implementation_cmake/cmake)
[1.420s] -- Using RMW implementation 'rmw_fastrtps_cpp' as default
[1.552s] -- Found sensor_msgs: 2.0.5 (/opt/ros/foxy/share/sensor_msgs/cmake)
[1.623s] -- Found tf2: 0.13.14 (/opt/ros/foxy/share/tf2/cmake)
[1.633s] -- Found tf2_ros: 0.13.14 (/opt/ros/foxy/share/tf2_ros/cmake)
[1.951s] -- Found visualization_msgs: 2.0.5 (/opt/ros/foxy/share/visualization_msgs/cmake)
[2.022s] -- Found pluginlib: 2.5.4 (/opt/ros/foxy/share/pluginlib/cmake)
[2.038s] -- Found tf2_geometry_msgs: 0.13.14 (/opt/ros/foxy/share/tf2_geometry_msgs/cmake)
[2.044s] -- Found eigen3_cmake_module: 0.1.1 (/opt/ros/foxy/share/eigen3_cmake_module/cmake)
[2.071s] -- Found tf2_sensor_msgs: 0.13.14 (/opt/ros/foxy/share/tf2_sensor_msgs/cmake)
[2.088s] -- Found std_srvs: 2.0.5 (/opt/ros/foxy/share/std_srvs/cmake)
[2.097s] -- Found rosidl_default_generators: 1.0.1 (/opt/ros/foxy/share/rosidl_default_generators/cmake)
[2.108s] -- Found lifecycle_msgs: 1.0.0 (/opt/ros/foxy/share/lifecycle_msgs/cmake)
[2.118s] -- Found bondcpp: 2.1.0 (/opt/ros/foxy/share/bondcpp/cmake)
[2.197s] -- Found rviz_common: 8.2.8 (/opt/ros/foxy/share/rviz_common/cmake)
[2.291s] -- Setting OGRE_DIR to: '/opt/ros/foxy/share/rviz_ogre_vendor/cmake/../../../opt/rviz_ogre_vendor/lib/OGRE/cmake'
[2.296s] -- Found OGRE
[2.296s] --   static     : OFF
[2.297s] --   components : HLMS;MeshLodGenerator;Overlay;Paging;Property;RTShaderSystem;Terrain;Volume
[2.297s] --   plugins    : Plugin_BSPSceneManager;Plugin_OctreeSceneManager;Plugin_PCZSceneManager;Plugin_ParticleFX;RenderSystem_GL;RenderSystem_GL3Plus;Codec_STBI
[2.298s] --   media      : /opt/ros/foxy/opt/rviz_ogre_vendor/share/OGRE/Media
[2.299s] -- OGRE_LIBRARIES: OgreHLMS;OgreMeshLodGenerator;OgreOverlay;OgrePaging;OgreProperty;OgreRTShaderSystem;OgreTerrain;OgreVolume;OgreMain
[2.299s] -- OGRE_LIBRARY_DIRS: /opt/ros/foxy/opt/rviz_ogre_vendor/lib
[2.300s] -- OGRE_PLUGINS: Plugin_BSPSceneManager;Plugin_OctreeSceneManager;Plugin_PCZSceneManager;Plugin_ParticleFX;RenderSystem_GL;RenderSystem_GL3Plus;Codec_STBI
[2.300s] -- OGRE_PLUGIN_DIR: /opt/ros/foxy/opt/rviz_ogre_vendor/lib/OGRE
[2.300s] -- rviz_ogre_vendor::OgreOverlay for IMPORTED_LOCATION_RELEASE: /opt/ros/foxy/opt/rviz_ogre_vendor/lib/libOgreOverlay.so
[2.301s] -- rviz_ogre_vendor::OgreOverlay for IMPORTED_LOCATION_DEBUG: /opt/ros/foxy/opt/rviz_ogre_vendor/lib/libOgreOverlay.so
[2.301s] -- rviz_ogre_vendor::OgreMain for IMPORTED_LOCATION_RELEASE: /opt/ros/foxy/opt/rviz_ogre_vendor/lib/libOgreMain.so
[2.301s] -- rviz_ogre_vendor::OgreMain for IMPORTED_LOCATION_DEBUG: /opt/ros/foxy/opt/rviz_ogre_vendor/lib/libOgreMain.so
[2.301s] -- Could not find freeimage library
[2.326s] -- Found ZLIB: /usr/lib/x86_64-linux-gnu/libz.so (found version "1.2.11") 
[2.335s] -- Found OpenGL: /usr/lib/x86_64-linux-gnu/libOpenGL.so   
[2.430s] -- Found X11: /usr/include   
[2.430s] -- Looking for XOpenDisplay in /usr/lib/x86_64-linux-gnu/libX11.so;/usr/lib/x86_64-linux-gnu/libXext.so
[2.510s] -- Looking for XOpenDisplay in /usr/lib/x86_64-linux-gnu/libX11.so;/usr/lib/x86_64-linux-gnu/libXext.so - found
[2.511s] -- Looking for gethostbyname
[2.574s] -- Looking for gethostbyname - found
[2.574s] -- Looking for connect
[2.638s] -- Looking for connect - found
[2.638s] -- Looking for remove
[2.702s] -- Looking for remove - found
[2.702s] -- Looking for shmat
[2.770s] -- Looking for shmat - found
[2.771s] -- Looking for IceConnectionNumber in ICE
[2.835s] -- Looking for IceConnectionNumber in ICE - found
[2.838s] -- rviz_ogre_vendor::RenderSystem_GL for IMPORTED_LOCATION_RELEASE: _render_system_gl_static_library_abs-NOTFOUND
[2.838s] -- rviz_ogre_vendor::RenderSystem_GL for IMPORTED_LOCATION_DEBUG: _render_system_gl_static_library_abs-NOTFOUND
[2.849s] -- library: libassimp.so.5
[3.010s] -- library: /usr/lib/x86_64-linux-gnu/libcurl.so
[3.111s] -- Setting yaml-cpp_DIR to: '/opt/ros/foxy/share/yaml_cpp_vendor/cmake/../../../opt/yaml_cpp_vendor/lib/cmake/yaml-cpp'
[3.121s] -- Found rviz_default_plugins: 8.2.8 (/opt/ros/foxy/share/rviz_default_plugins/cmake)
[3.577s] -- Found Boost: /usr/lib/x86_64-linux-gnu/cmake/Boost-1.71.0/BoostConfig.cmake (found version "1.71.0") found components: system serialization filesystem thread 
[3.589s] -- Found PkgConfig: /usr/bin/pkg-config (found version "0.29.1") 
[3.594s] CMake Error at /usr/share/cmake-3.16/Modules/FindPackageHandleStandardArgs.cmake:146 (message):
[3.594s]   Could NOT find CHOLMOD (missing: CHOLMOD_INCLUDE_DIR CHOLMOD_LIBRARIES)
[3.594s] Call Stack (most recent call first):
[3.594s]   /usr/share/cmake-3.16/Modules/FindPackageHandleStandardArgs.cmake:393 (_FPHSA_FAILURE_MESSAGE)
[3.594s]   CMake/FindCHOLMOD.cmake:86 (find_package_handle_standard_args)
[3.594s]   CMakeLists.txt:86 (find_package)
[3.594s] 
[3.594s] 
[3.597s] -- Configuring incomplete, errors occurred!
[3.598s] See also "/home/akyatha/colcon_ws/build/slam_toolbox/CMakeFiles/CMakeOutput.log".
[3.598s] See also "/home/akyatha/colcon_ws/build/slam_toolbox/CMakeFiles/CMakeError.log".
[3.608s] Invoked command in '/home/akyatha/colcon_ws/build/slam_toolbox' returned '1': CMAKE_PREFIX_PATH=/opt/ros/foxy /usr/bin/cmake /home/akyatha/colcon_ws/src/slam_toolbox -DAMENT_CMAKE_SYMLINK_INSTALL=1 -DCMAKE_INSTALL_PREFIX=/home/akyatha/colcon_ws/install/slam_toolbox
