[3.073s] Invoking command in '/home/akyatha/colcon_ws/src/ROS-TCP-Endpoint': PYTHONPATH=/home/akyatha/colcon_ws/build/ros_tcp_endpoint/prefix_override:/home/akyatha/colcon_ws/install/ros_tcp_endpoint/lib/python3.8/site-packages:${PYTHONPATH} /usr/bin/python3 setup.py egg_info --egg-base ../../build/ros_tcp_endpoint build --build-base /home/akyatha/colcon_ws/build/ros_tcp_endpoint/build install --record /home/akyatha/colcon_ws/build/ros_tcp_endpoint/install.log --install-scripts $base/lib/ros_tcp_endpoint --single-version-externally-managed
[3.217s] /home/akyatha/.local/lib/python3.8/site-packages/setuptools/dist.py:472: SetuptoolsDeprecationWarning: Invalid dash-separated options
[3.219s] !!
[3.219s] 
[3.222s]         ********************************************************************************
[3.222s]         Usage of dash-separated 'script-dir' will not be supported in future
[3.223s]         versions. Please use the underscore name 'script_dir' instead.
[3.224s] 
[3.224s]         By 2024-Sep-26, you need to update your project and remove deprecated calls
[3.224s]         or your builds will no longer be supported.
[3.224s] 
[3.225s]         See https://setuptools.pypa.io/en/latest/userguide/declarative_config.html for details.
[3.225s]         ********************************************************************************
[3.225s] 
[3.226s] !!
[3.226s]   opt = self.warn_dash_deprecation(opt, section)
[3.348s] running egg_info
[3.367s] writing ../../build/ros_tcp_endpoint/ros_tcp_endpoint.egg-info/PKG-INFO
[3.367s] writing dependency_links to ../../build/ros_tcp_endpoint/ros_tcp_endpoint.egg-info/dependency_links.txt
[3.368s] writing entry points to ../../build/ros_tcp_endpoint/ros_tcp_endpoint.egg-info/entry_points.txt
[3.368s] writing requirements to ../../build/ros_tcp_endpoint/ros_tcp_endpoint.egg-info/requires.txt
[3.370s] writing top-level names to ../../build/ros_tcp_endpoint/ros_tcp_endpoint.egg-info/top_level.txt
[3.519s] reading manifest file '../../build/ros_tcp_endpoint/ros_tcp_endpoint.egg-info/SOURCES.txt'
[3.520s] adding license file 'LICENSE'
[3.520s] writing manifest file '../../build/ros_tcp_endpoint/ros_tcp_endpoint.egg-info/SOURCES.txt'
[3.520s] running build
[3.521s] running build_py
[3.521s] copying ros_tcp_endpoint/__init__.py -> /home/akyatha/colcon_ws/build/ros_tcp_endpoint/build/lib/ros_tcp_endpoint
[3.521s] copying ros_tcp_endpoint/tcp_sender.py -> /home/akyatha/colcon_ws/build/ros_tcp_endpoint/build/lib/ros_tcp_endpoint
[3.521s] copying ros_tcp_endpoint/service.py -> /home/akyatha/colcon_ws/build/ros_tcp_endpoint/build/lib/ros_tcp_endpoint
[3.521s] copying ros_tcp_endpoint/default_server_endpoint.py -> /home/akyatha/colcon_ws/build/ros_tcp_endpoint/build/lib/ros_tcp_endpoint
[3.521s] copying ros_tcp_endpoint/server.py -> /home/akyatha/colcon_ws/build/ros_tcp_endpoint/build/lib/ros_tcp_endpoint
[3.521s] copying ros_tcp_endpoint/client.py -> /home/akyatha/colcon_ws/build/ros_tcp_endpoint/build/lib/ros_tcp_endpoint
[3.521s] copying ros_tcp_endpoint/communication.py -> /home/akyatha/colcon_ws/build/ros_tcp_endpoint/build/lib/ros_tcp_endpoint
[3.522s] copying ros_tcp_endpoint/exceptions.py -> /home/akyatha/colcon_ws/build/ros_tcp_endpoint/build/lib/ros_tcp_endpoint
[3.522s] copying ros_tcp_endpoint/publisher.py -> /home/akyatha/colcon_ws/build/ros_tcp_endpoint/build/lib/ros_tcp_endpoint
[3.522s] copying ros_tcp_endpoint/subscriber.py -> /home/akyatha/colcon_ws/build/ros_tcp_endpoint/build/lib/ros_tcp_endpoint
[3.522s] copying ros_tcp_endpoint/unity_service.py -> /home/akyatha/colcon_ws/build/ros_tcp_endpoint/build/lib/ros_tcp_endpoint
[3.522s] copying ros_tcp_endpoint/thread_pauser.py -> /home/akyatha/colcon_ws/build/ros_tcp_endpoint/build/lib/ros_tcp_endpoint
[3.524s] running install
[3.526s] /home/akyatha/.local/lib/python3.8/site-packages/setuptools/_distutils/cmd.py:66: SetuptoolsDeprecationWarning: setup.py install is deprecated.
[3.527s] !!
[3.528s] 
[3.528s]         ********************************************************************************
[3.528s]         Please avoid running ``setup.py`` directly.
[3.528s]         Instead, use pypa/build, pypa/installer or other
[3.528s]         standards-based tools.
[3.529s] 
[3.529s]         See https://blog.ganssle.io/articles/2021/10/setup-py-deprecated.html for details.
[3.529s]         ********************************************************************************
[3.529s] 
[3.529s] !!
[3.530s]   self.initialize_options()
[3.530s] running install_lib
[3.548s] running install_data
[3.568s] copying resource/ros_tcp_endpoint -> /home/akyatha/colcon_ws/install/ros_tcp_endpoint/share/ament_index/resource_index/packages
[3.568s] copying package.xml -> /home/akyatha/colcon_ws/install/ros_tcp_endpoint/share/ros_tcp_endpoint
[3.568s] copying launch/endpoint.py -> /home/akyatha/colcon_ws/install/ros_tcp_endpoint/share/ros_tcp_endpoint/launch
[3.568s] running install_egg_info
[3.586s] removing '/home/akyatha/colcon_ws/install/ros_tcp_endpoint/lib/python3.8/site-packages/ros_tcp_endpoint-0.0.1-py3.8.egg-info' (and everything under it)
[3.586s] Copying ../../build/ros_tcp_endpoint/ros_tcp_endpoint.egg-info to /home/akyatha/colcon_ws/install/ros_tcp_endpoint/lib/python3.8/site-packages/ros_tcp_endpoint-0.0.1-py3.8.egg-info
[3.588s] running install_scripts
[3.637s] Installing default_server_endpoint script to /home/akyatha/colcon_ws/install/ros_tcp_endpoint/lib/ros_tcp_endpoint
[3.638s] writing list of installed files to '/home/akyatha/colcon_ws/build/ros_tcp_endpoint/install.log'
[3.664s] Invoked command in '/home/akyatha/colcon_ws/src/ROS-TCP-Endpoint' returned '0': PYTHONPATH=/home/akyatha/colcon_ws/build/ros_tcp_endpoint/prefix_override:/home/akyatha/colcon_ws/install/ros_tcp_endpoint/lib/python3.8/site-packages:${PYTHONPATH} /usr/bin/python3 setup.py egg_info --egg-base ../../build/ros_tcp_endpoint build --build-base /home/akyatha/colcon_ws/build/ros_tcp_endpoint/build install --record /home/akyatha/colcon_ws/build/ros_tcp_endpoint/install.log --install-scripts $base/lib/ros_tcp_endpoint --single-version-externally-managed
