[8.754s] DEBUG:colcon:Command line arguments: ['/usr/bin/colcon', 'build', '--packages-select', 'husky_tf_broadcaster']
[8.754s] DEBUG:colcon:Parsed command line arguments: Namespace(allow_overriding=[], ament_cmake_args=None, base_paths=['.'], build_base='build', catkin_cmake_args=None, catkin_skip_building_tests=False, cmake_args=None, cmake_clean_cache=False, cmake_clean_first=False, cmake_force_configure=False, cmake_target=None, cmake_target_skip_unavailable=False, continue_on_error=False, event_handlers=None, executor='parallel', ignore_user_meta=False, install_base='install', log_base=None, log_level=None, main=<bound method BuildVerb.main of <colcon_core.verb.build.BuildVerb object at 0x7fdd187f97f0>>, merge_install=False, metas=['./colcon.meta'], packages_above=None, packages_above_and_dependencies=None, packages_above_depth=None, packages_end=None, packages_ignore=None, packages_ignore_regex=None, packages_select=['husky_tf_broadcaster'], packages_select_build_failed=False, packages_select_by_dep=None, packages_select_regex=None, packages_select_test_failures=False, packages_skip=None, packages_skip_build_finished=False, packages_skip_by_dep=None, packages_skip_regex=None, packages_skip_test_passed=False, packages_skip_up_to=None, packages_start=None, packages_up_to=None, packages_up_to_regex=None, parallel_workers=8, paths=None, symlink_install=False, test_result_base=None, verb_extension=<colcon_core.verb.build.BuildVerb object at 0x7fdd187f97f0>, verb_name='build', verb_parser=<colcon_defaults.argument_parser.defaults.DefaultArgumentsDecorator object at 0x7fdd1850c910>)
[9.132s] Level 1:colcon.colcon_core.package_discovery:discover_packages(colcon_meta) check parameters
[9.132s] Level 1:colcon.colcon_core.package_discovery:discover_packages(recursive) check parameters
[9.132s] Level 1:colcon.colcon_core.package_discovery:discover_packages(ignore) check parameters
[9.132s] Level 1:colcon.colcon_core.package_discovery:discover_packages(path) check parameters
[9.132s] Level 1:colcon.colcon_core.package_discovery:discover_packages(colcon_meta) discover
[9.132s] Level 1:colcon.colcon_core.package_discovery:discover_packages(recursive) discover
[9.132s] INFO:colcon.colcon_core.package_discovery:Crawling recursively for packages in '/home/akyatha/colcon_ws'
[9.133s] Level 1:colcon.colcon_core.package_identification:_identify(.) by extensions ['ignore', 'ignore_ament_install']
[9.133s] Level 1:colcon.colcon_core.package_identification:_identify(.) by extension 'ignore'
[9.133s] Level 1:colcon.colcon_core.package_identification:_identify(.) by extension 'ignore_ament_install'
[9.133s] Level 1:colcon.colcon_core.package_identification:_identify(.) by extensions ['colcon_pkg']
[9.133s] Level 1:colcon.colcon_core.package_identification:_identify(.) by extension 'colcon_pkg'
[9.133s] Level 1:colcon.colcon_core.package_identification:_identify(.) by extensions ['colcon_meta']
[9.133s] Level 1:colcon.colcon_core.package_identification:_identify(.) by extension 'colcon_meta'
[9.133s] Level 1:colcon.colcon_core.package_identification:_identify(.) by extensions ['ros']
[9.133s] Level 1:colcon.colcon_core.package_identification:_identify(.) by extension 'ros'
[9.152s] Level 1:colcon.colcon_core.package_identification:_identify(.) by extensions ['cmake', 'python']
[9.152s] Level 1:colcon.colcon_core.package_identification:_identify(.) by extension 'cmake'
[9.152s] Level 1:colcon.colcon_core.package_identification:_identify(.) by extension 'python'
[9.153s] Level 1:colcon.colcon_core.package_identification:_identify(.) by extensions ['python_setup_py']
[9.153s] Level 1:colcon.colcon_core.package_identification:_identify(.) by extension 'python_setup_py'
[9.153s] Level 1:colcon.colcon_core.package_identification:_identify(build) by extensions ['ignore', 'ignore_ament_install']
[9.153s] Level 1:colcon.colcon_core.package_identification:_identify(build) by extension 'ignore'
[9.153s] Level 1:colcon.colcon_core.package_identification:_identify(build) ignored
[9.153s] Level 1:colcon.colcon_core.package_identification:_identify(install) by extensions ['ignore', 'ignore_ament_install']
[9.153s] Level 1:colcon.colcon_core.package_identification:_identify(install) by extension 'ignore'
[9.153s] Level 1:colcon.colcon_core.package_identification:_identify(install) ignored
[9.153s] Level 1:colcon.colcon_core.package_identification:_identify(log) by extensions ['ignore', 'ignore_ament_install']
[9.153s] Level 1:colcon.colcon_core.package_identification:_identify(log) by extension 'ignore'
[9.153s] Level 1:colcon.colcon_core.package_identification:_identify(log) ignored
[9.154s] Level 1:colcon.colcon_core.package_identification:_identify(src) by extensions ['ignore', 'ignore_ament_install']
[9.154s] Level 1:colcon.colcon_core.package_identification:_identify(src) by extension 'ignore'
[9.154s] Level 1:colcon.colcon_core.package_identification:_identify(src) by extension 'ignore_ament_install'
[9.154s] Level 1:colcon.colcon_core.package_identification:_identify(src) by extensions ['colcon_pkg']
[9.154s] Level 1:colcon.colcon_core.package_identification:_identify(src) by extension 'colcon_pkg'
[9.154s] Level 1:colcon.colcon_core.package_identification:_identify(src) by extensions ['colcon_meta']
[9.154s] Level 1:colcon.colcon_core.package_identification:_identify(src) by extension 'colcon_meta'
[9.154s] Level 1:colcon.colcon_core.package_identification:_identify(src) by extensions ['ros']
[9.154s] Level 1:colcon.colcon_core.package_identification:_identify(src) by extension 'ros'
[9.154s] Level 1:colcon.colcon_core.package_identification:_identify(src) by extensions ['cmake', 'python']
[9.154s] Level 1:colcon.colcon_core.package_identification:_identify(src) by extension 'cmake'
[9.154s] Level 1:colcon.colcon_core.package_identification:_identify(src) by extension 'python'
[9.154s] Level 1:colcon.colcon_core.package_identification:_identify(src) by extensions ['python_setup_py']
[9.154s] Level 1:colcon.colcon_core.package_identification:_identify(src) by extension 'python_setup_py'
[9.154s] Level 1:colcon.colcon_core.package_identification:_identify(src/ROS-TCP-Endpoint) by extensions ['ignore', 'ignore_ament_install']
[9.154s] Level 1:colcon.colcon_core.package_identification:_identify(src/ROS-TCP-Endpoint) by extension 'ignore'
[9.154s] Level 1:colcon.colcon_core.package_identification:_identify(src/ROS-TCP-Endpoint) by extension 'ignore_ament_install'
[9.155s] Level 1:colcon.colcon_core.package_identification:_identify(src/ROS-TCP-Endpoint) by extensions ['colcon_pkg']
[9.155s] Level 1:colcon.colcon_core.package_identification:_identify(src/ROS-TCP-Endpoint) by extension 'colcon_pkg'
[9.155s] Level 1:colcon.colcon_core.package_identification:_identify(src/ROS-TCP-Endpoint) by extensions ['colcon_meta']
[9.155s] Level 1:colcon.colcon_core.package_identification:_identify(src/ROS-TCP-Endpoint) by extension 'colcon_meta'
[9.155s] Level 1:colcon.colcon_core.package_identification:_identify(src/ROS-TCP-Endpoint) by extensions ['ros']
[9.155s] Level 1:colcon.colcon_core.package_identification:_identify(src/ROS-TCP-Endpoint) by extension 'ros'
[9.159s] DEBUG:colcon.colcon_core.package_identification:Package 'src/ROS-TCP-Endpoint' with type 'ros.ament_python' and name 'ros_tcp_endpoint'
[9.160s] Level 1:colcon.colcon_core.package_identification:_identify(src/husky_tf_broadcaster) by extensions ['ignore', 'ignore_ament_install']
[9.160s] Level 1:colcon.colcon_core.package_identification:_identify(src/husky_tf_broadcaster) by extension 'ignore'
[9.160s] Level 1:colcon.colcon_core.package_identification:_identify(src/husky_tf_broadcaster) by extension 'ignore_ament_install'
[9.160s] Level 1:colcon.colcon_core.package_identification:_identify(src/husky_tf_broadcaster) by extensions ['colcon_pkg']
[9.160s] Level 1:colcon.colcon_core.package_identification:_identify(src/husky_tf_broadcaster) by extension 'colcon_pkg'
[9.160s] Level 1:colcon.colcon_core.package_identification:_identify(src/husky_tf_broadcaster) by extensions ['colcon_meta']
[9.160s] Level 1:colcon.colcon_core.package_identification:_identify(src/husky_tf_broadcaster) by extension 'colcon_meta'
[9.160s] Level 1:colcon.colcon_core.package_identification:_identify(src/husky_tf_broadcaster) by extensions ['ros']
[9.160s] Level 1:colcon.colcon_core.package_identification:_identify(src/husky_tf_broadcaster) by extension 'ros'
[9.161s] DEBUG:colcon.colcon_core.package_identification:Package 'src/husky_tf_broadcaster' with type 'ros.ament_cmake' and name 'husky_tf_broadcaster'
[9.161s] Level 1:colcon.colcon_core.package_discovery:discover_packages(recursive) using defaults
[9.161s] Level 1:colcon.colcon_core.package_discovery:discover_packages(ignore) discover
[9.161s] Level 1:colcon.colcon_core.package_discovery:discover_packages(ignore) using defaults
[9.161s] Level 1:colcon.colcon_core.package_discovery:discover_packages(path) discover
[9.161s] Level 1:colcon.colcon_core.package_discovery:discover_packages(path) using defaults
[9.613s] INFO:colcon.colcon_core.package_selection:Skipping not selected package 'ros_tcp_endpoint' in 'src/ROS-TCP-Endpoint'
[9.904s] Level 1:colcon.colcon_core.package_discovery:discover_packages(prefix_path) check parameters
[9.904s] Level 1:colcon.colcon_core.package_discovery:discover_packages(prefix_path) discover
[10.194s] DEBUG:colcon.colcon_installed_package_information.package_discovery:Found 3 installed packages in /home/akyatha/colcon_ws/install
[10.340s] DEBUG:colcon.colcon_installed_package_information.package_discovery:Found 293 installed packages in /opt/ros/foxy
[10.344s] Level 1:colcon.colcon_core.package_discovery:discover_packages(prefix_path) using defaults
[10.710s] Level 5:colcon.colcon_core.verb:set package 'husky_tf_broadcaster' build argument 'cmake_args' from command line to 'None'
[10.710s] Level 5:colcon.colcon_core.verb:set package 'husky_tf_broadcaster' build argument 'cmake_target' from command line to 'None'
[10.710s] Level 5:colcon.colcon_core.verb:set package 'husky_tf_broadcaster' build argument 'cmake_target_skip_unavailable' from command line to 'False'
[10.710s] Level 5:colcon.colcon_core.verb:set package 'husky_tf_broadcaster' build argument 'cmake_clean_cache' from command line to 'False'
[10.710s] Level 5:colcon.colcon_core.verb:set package 'husky_tf_broadcaster' build argument 'cmake_clean_first' from command line to 'False'
[10.710s] Level 5:colcon.colcon_core.verb:set package 'husky_tf_broadcaster' build argument 'cmake_force_configure' from command line to 'False'
[10.710s] Level 5:colcon.colcon_core.verb:set package 'husky_tf_broadcaster' build argument 'ament_cmake_args' from command line to 'None'
[10.710s] Level 5:colcon.colcon_core.verb:set package 'husky_tf_broadcaster' build argument 'catkin_cmake_args' from command line to 'None'
[10.710s] Level 5:colcon.colcon_core.verb:set package 'husky_tf_broadcaster' build argument 'catkin_skip_building_tests' from command line to 'False'
[10.710s] DEBUG:colcon.colcon_core.verb:Building package 'husky_tf_broadcaster' with the following arguments: {'ament_cmake_args': None, 'build_base': '/home/akyatha/colcon_ws/build/husky_tf_broadcaster', 'catkin_cmake_args': None, 'catkin_skip_building_tests': False, 'cmake_args': None, 'cmake_clean_cache': False, 'cmake_clean_first': False, 'cmake_force_configure': False, 'cmake_target': None, 'cmake_target_skip_unavailable': False, 'install_base': '/home/akyatha/colcon_ws/install/husky_tf_broadcaster', 'merge_install': False, 'path': '/home/akyatha/colcon_ws/src/husky_tf_broadcaster', 'symlink_install': False, 'test_result_base': None}
[10.855s] INFO:colcon.colcon_core.executor:Executing jobs using 'parallel' executor
[11.010s] DEBUG:colcon.colcon_parallel_executor.executor.parallel:run_until_complete
[11.010s] INFO:colcon.colcon_ros.task.ament_cmake.build:Building ROS package in '/home/akyatha/colcon_ws/src/husky_tf_broadcaster' with build type 'ament_cmake'
[11.010s] INFO:colcon.colcon_cmake.task.cmake.build:Building CMake package in '/home/akyatha/colcon_ws/src/husky_tf_broadcaster'
[11.164s] INFO:colcon.colcon_core.plugin_system:Skipping extension 'colcon_core.shell.bat': Not used on non-Windows systems
[11.164s] INFO:colcon.colcon_core.shell:Skip shell extension 'powershell' for command environment: Not usable outside of PowerShell
[11.164s] DEBUG:colcon.colcon_core.shell:Skip shell extension 'dsv' for command environment
[11.622s] DEBUG:colcon.colcon_core.event_handler.log_command:Invoking command in '/home/akyatha/colcon_ws/build/husky_tf_broadcaster': CMAKE_PREFIX_PATH=${CMAKE_PREFIX_PATH}:/home/akyatha/colcon_ws/install/ros_tcp_endpoint:/opt/ros/foxy /usr/bin/cmake --build /home/akyatha/colcon_ws/build/husky_tf_broadcaster -- -j8 -l8
[18.900s] DEBUG:colcon.colcon_core.event_handler.log_command:Invoked command in '/home/akyatha/colcon_ws/build/husky_tf_broadcaster' returned '0': CMAKE_PREFIX_PATH=${CMAKE_PREFIX_PATH}:/home/akyatha/colcon_ws/install/ros_tcp_endpoint:/opt/ros/foxy /usr/bin/cmake --build /home/akyatha/colcon_ws/build/husky_tf_broadcaster -- -j8 -l8
[18.945s] DEBUG:colcon.colcon_core.event_handler.log_command:Invoking command in '/home/akyatha/colcon_ws/build/husky_tf_broadcaster': CMAKE_PREFIX_PATH=${CMAKE_PREFIX_PATH}:/home/akyatha/colcon_ws/install/ros_tcp_endpoint:/opt/ros/foxy /usr/bin/cmake --install /home/akyatha/colcon_ws/build/husky_tf_broadcaster
[18.963s] Level 1:colcon.colcon_core.environment:create_environment_scripts_only(husky_tf_broadcaster)
[18.964s] DEBUG:colcon.colcon_core.event_handler.log_command:Invoked command in '/home/akyatha/colcon_ws/build/husky_tf_broadcaster' returned '0': CMAKE_PREFIX_PATH=${CMAKE_PREFIX_PATH}:/home/akyatha/colcon_ws/install/ros_tcp_endpoint:/opt/ros/foxy /usr/bin/cmake --install /home/akyatha/colcon_ws/build/husky_tf_broadcaster
[19.125s] Level 1:colcon.colcon_core.environment:checking '/home/akyatha/colcon_ws/install/husky_tf_broadcaster' for CMake module files
[19.125s] Level 1:colcon.colcon_core.environment:checking '/home/akyatha/colcon_ws/install/husky_tf_broadcaster' for CMake config files
[19.125s] Level 1:colcon.colcon_core.shell:create_environment_hook('husky_tf_broadcaster', 'cmake_prefix_path')
[19.272s] INFO:colcon.colcon_core.shell:Creating environment hook '/home/akyatha/colcon_ws/install/husky_tf_broadcaster/share/husky_tf_broadcaster/hook/cmake_prefix_path.ps1'
[19.273s] INFO:colcon.colcon_core.shell:Creating environment descriptor '/home/akyatha/colcon_ws/install/husky_tf_broadcaster/share/husky_tf_broadcaster/hook/cmake_prefix_path.dsv'
[19.273s] INFO:colcon.colcon_core.shell:Creating environment hook '/home/akyatha/colcon_ws/install/husky_tf_broadcaster/share/husky_tf_broadcaster/hook/cmake_prefix_path.sh'
[19.275s] Level 1:colcon.colcon_core.environment:checking '/home/akyatha/colcon_ws/install/husky_tf_broadcaster/lib'
[19.275s] Level 1:colcon.colcon_core.environment:checking '/home/akyatha/colcon_ws/install/husky_tf_broadcaster/bin'
[19.276s] Level 1:colcon.colcon_core.environment:checking '/home/akyatha/colcon_ws/install/husky_tf_broadcaster/lib/pkgconfig/husky_tf_broadcaster.pc'
[19.276s] Level 1:colcon.colcon_core.environment:checking '/home/akyatha/colcon_ws/install/husky_tf_broadcaster/lib/python3.8/site-packages'
[19.276s] Level 1:colcon.colcon_core.environment:checking '/home/akyatha/colcon_ws/install/husky_tf_broadcaster/bin'
[19.422s] INFO:colcon.colcon_core.shell:Creating package script '/home/akyatha/colcon_ws/install/husky_tf_broadcaster/share/husky_tf_broadcaster/package.ps1'
[19.424s] INFO:colcon.colcon_core.shell:Creating package descriptor '/home/akyatha/colcon_ws/install/husky_tf_broadcaster/share/husky_tf_broadcaster/package.dsv'
[19.425s] INFO:colcon.colcon_core.shell:Creating package script '/home/akyatha/colcon_ws/install/husky_tf_broadcaster/share/husky_tf_broadcaster/package.sh'
[19.426s] INFO:colcon.colcon_core.shell:Creating package script '/home/akyatha/colcon_ws/install/husky_tf_broadcaster/share/husky_tf_broadcaster/package.bash'
[19.427s] INFO:colcon.colcon_core.shell:Creating package script '/home/akyatha/colcon_ws/install/husky_tf_broadcaster/share/husky_tf_broadcaster/package.zsh'
[19.427s] Level 1:colcon.colcon_core.environment:create_file_with_runtime_dependencies(/home/akyatha/colcon_ws/install/husky_tf_broadcaster/share/colcon-core/packages/husky_tf_broadcaster)
[19.601s] Level 1:colcon.colcon_core.environment:create_environment_scripts_only(husky_tf_broadcaster)
[19.795s] Level 1:colcon.colcon_core.environment:checking '/home/akyatha/colcon_ws/install/husky_tf_broadcaster' for CMake module files
[19.796s] Level 1:colcon.colcon_core.environment:checking '/home/akyatha/colcon_ws/install/husky_tf_broadcaster' for CMake config files
[19.796s] Level 1:colcon.colcon_core.shell:create_environment_hook('husky_tf_broadcaster', 'cmake_prefix_path')
[19.967s] INFO:colcon.colcon_core.shell:Creating environment hook '/home/akyatha/colcon_ws/install/husky_tf_broadcaster/share/husky_tf_broadcaster/hook/cmake_prefix_path.ps1'
[19.968s] INFO:colcon.colcon_core.shell:Creating environment descriptor '/home/akyatha/colcon_ws/install/husky_tf_broadcaster/share/husky_tf_broadcaster/hook/cmake_prefix_path.dsv'
[19.968s] INFO:colcon.colcon_core.shell:Creating environment hook '/home/akyatha/colcon_ws/install/husky_tf_broadcaster/share/husky_tf_broadcaster/hook/cmake_prefix_path.sh'
[19.968s] Level 1:colcon.colcon_core.environment:checking '/home/akyatha/colcon_ws/install/husky_tf_broadcaster/lib'
[19.968s] Level 1:colcon.colcon_core.environment:checking '/home/akyatha/colcon_ws/install/husky_tf_broadcaster/bin'
[19.968s] Level 1:colcon.colcon_core.environment:checking '/home/akyatha/colcon_ws/install/husky_tf_broadcaster/lib/pkgconfig/husky_tf_broadcaster.pc'
[19.969s] Level 1:colcon.colcon_core.environment:checking '/home/akyatha/colcon_ws/install/husky_tf_broadcaster/lib/python3.8/site-packages'
[19.969s] Level 1:colcon.colcon_core.environment:checking '/home/akyatha/colcon_ws/install/husky_tf_broadcaster/bin'
[20.109s] INFO:colcon.colcon_core.shell:Creating package script '/home/akyatha/colcon_ws/install/husky_tf_broadcaster/share/husky_tf_broadcaster/package.ps1'
[20.110s] INFO:colcon.colcon_core.shell:Creating package descriptor '/home/akyatha/colcon_ws/install/husky_tf_broadcaster/share/husky_tf_broadcaster/package.dsv'
[20.111s] INFO:colcon.colcon_core.shell:Creating package script '/home/akyatha/colcon_ws/install/husky_tf_broadcaster/share/husky_tf_broadcaster/package.sh'
[20.112s] INFO:colcon.colcon_core.shell:Creating package script '/home/akyatha/colcon_ws/install/husky_tf_broadcaster/share/husky_tf_broadcaster/package.bash'
[20.113s] INFO:colcon.colcon_core.shell:Creating package script '/home/akyatha/colcon_ws/install/husky_tf_broadcaster/share/husky_tf_broadcaster/package.zsh'
[20.113s] Level 1:colcon.colcon_core.environment:create_file_with_runtime_dependencies(/home/akyatha/colcon_ws/install/husky_tf_broadcaster/share/colcon-core/packages/husky_tf_broadcaster)
[20.113s] DEBUG:colcon.colcon_parallel_executor.executor.parallel:closing loop
[20.114s] DEBUG:colcon.colcon_parallel_executor.executor.parallel:loop closed
[20.114s] DEBUG:colcon.colcon_parallel_executor.executor.parallel:run_until_complete finished with '0'
[20.114s] DEBUG:colcon.colcon_core.event_reactor:joining thread
[20.274s] INFO:colcon.colcon_core.plugin_system:Skipping extension 'colcon_notification.desktop_notification.terminal_notifier': Not used on non-Darwin systems
[20.274s] INFO:colcon.colcon_core.plugin_system:Skipping extension 'colcon_notification.desktop_notification.win32': Not used on non-Windows systems
[20.274s] INFO:colcon.colcon_notification.desktop_notification:Sending desktop notification using 'notify2'
[20.294s] DEBUG:colcon.colcon_core.event_reactor:joined thread
[20.447s] INFO:colcon.colcon_core.shell:Creating prefix script '/home/akyatha/colcon_ws/install/local_setup.ps1'
[20.448s] INFO:colcon.colcon_core.shell:Creating prefix util module '/home/akyatha/colcon_ws/install/_local_setup_util_ps1.py'
[20.449s] INFO:colcon.colcon_core.shell:Creating prefix chain script '/home/akyatha/colcon_ws/install/setup.ps1'
[20.581s] INFO:colcon.colcon_core.shell:Creating prefix script '/home/akyatha/colcon_ws/install/local_setup.sh'
[20.582s] INFO:colcon.colcon_core.shell:Creating prefix util module '/home/akyatha/colcon_ws/install/_local_setup_util_sh.py'
[20.582s] INFO:colcon.colcon_core.shell:Creating prefix chain script '/home/akyatha/colcon_ws/install/setup.sh'
[20.726s] INFO:colcon.colcon_core.shell:Creating prefix script '/home/akyatha/colcon_ws/install/local_setup.bash'
[20.726s] INFO:colcon.colcon_core.shell:Creating prefix chain script '/home/akyatha/colcon_ws/install/setup.bash'
[20.869s] INFO:colcon.colcon_core.shell:Creating prefix script '/home/akyatha/colcon_ws/install/local_setup.zsh'
[20.870s] INFO:colcon.colcon_core.shell:Creating prefix chain script '/home/akyatha/colcon_ws/install/setup.zsh'
