[3.601s] Invoking command in '/home/akyatha/colcon_ws/src/ROS-TCP-Endpoint': PYTHONPATH=/home/akyatha/colcon_ws/build/ros_tcp_endpoint/prefix_override:/home/akyatha/colcon_ws/install/ros_tcp_endpoint/lib/python3.8/site-packages:${PYTHONPATH} /usr/bin/python3 setup.py egg_info --egg-base ../../build/ros_tcp_endpoint build --build-base /home/akyatha/colcon_ws/build/ros_tcp_endpoint/build install --record /home/akyatha/colcon_ws/build/ros_tcp_endpoint/install.log --install-scripts $base/lib/ros_tcp_endpoint --single-version-externally-managed
[3.819s] /home/akyatha/.local/lib/python3.8/site-packages/setuptools/dist.py:472: SetuptoolsDeprecationWarning: Invalid dash-separated options
[3.819s] !!
[3.819s] 
[3.820s]         ********************************************************************************
[3.820s]         Usage of dash-separated 'script-dir' will not be supported in future
[3.820s]         versions. Please use the underscore name 'script_dir' instead.
[3.820s] 
[3.820s]         By 2024-Sep-26, you need to update your project and remove deprecated calls
[3.820s]         or your builds will no longer be supported.
[3.820s] 
[3.820s]         See https://setuptools.pypa.io/en/latest/userguide/declarative_config.html for details.
[3.820s]         ********************************************************************************
[3.820s] 
[3.820s] !!
[3.820s]   opt = self.warn_dash_deprecation(opt, section)
[3.992s] running egg_info
[4.025s] writing ../../build/ros_tcp_endpoint/ros_tcp_endpoint.egg-info/PKG-INFO
[4.025s] writing dependency_links to ../../build/ros_tcp_endpoint/ros_tcp_endpoint.egg-info/dependency_links.txt
[4.026s] writing entry points to ../../build/ros_tcp_endpoint/ros_tcp_endpoint.egg-info/entry_points.txt
[4.026s] writing requirements to ../../build/ros_tcp_endpoint/ros_tcp_endpoint.egg-info/requires.txt
[4.026s] writing top-level names to ../../build/ros_tcp_endpoint/ros_tcp_endpoint.egg-info/top_level.txt
[4.253s] reading manifest file '../../build/ros_tcp_endpoint/ros_tcp_endpoint.egg-info/SOURCES.txt'
[4.254s] adding license file 'LICENSE'
[4.254s] writing manifest file '../../build/ros_tcp_endpoint/ros_tcp_endpoint.egg-info/SOURCES.txt'
[4.255s] running build
[4.255s] running build_py
[4.256s] copying ros_tcp_endpoint/__init__.py -> /home/akyatha/colcon_ws/build/ros_tcp_endpoint/build/lib/ros_tcp_endpoint
[4.256s] copying ros_tcp_endpoint/tcp_sender.py -> /home/akyatha/colcon_ws/build/ros_tcp_endpoint/build/lib/ros_tcp_endpoint
[4.257s] copying ros_tcp_endpoint/service.py -> /home/akyatha/colcon_ws/build/ros_tcp_endpoint/build/lib/ros_tcp_endpoint
[4.257s] copying ros_tcp_endpoint/default_server_endpoint.py -> /home/akyatha/colcon_ws/build/ros_tcp_endpoint/build/lib/ros_tcp_endpoint
[4.257s] copying ros_tcp_endpoint/server.py -> /home/akyatha/colcon_ws/build/ros_tcp_endpoint/build/lib/ros_tcp_endpoint
[4.258s] copying ros_tcp_endpoint/client.py -> /home/akyatha/colcon_ws/build/ros_tcp_endpoint/build/lib/ros_tcp_endpoint
[4.258s] copying ros_tcp_endpoint/communication.py -> /home/akyatha/colcon_ws/build/ros_tcp_endpoint/build/lib/ros_tcp_endpoint
[4.259s] copying ros_tcp_endpoint/exceptions.py -> /home/akyatha/colcon_ws/build/ros_tcp_endpoint/build/lib/ros_tcp_endpoint
[4.259s] copying ros_tcp_endpoint/publisher.py -> /home/akyatha/colcon_ws/build/ros_tcp_endpoint/build/lib/ros_tcp_endpoint
[4.259s] copying ros_tcp_endpoint/subscriber.py -> /home/akyatha/colcon_ws/build/ros_tcp_endpoint/build/lib/ros_tcp_endpoint
[4.259s] copying ros_tcp_endpoint/unity_service.py -> /home/akyatha/colcon_ws/build/ros_tcp_endpoint/build/lib/ros_tcp_endpoint
[4.260s] copying ros_tcp_endpoint/thread_pauser.py -> /home/akyatha/colcon_ws/build/ros_tcp_endpoint/build/lib/ros_tcp_endpoint
[4.260s] running install
[4.261s] /home/akyatha/.local/lib/python3.8/site-packages/setuptools/_distutils/cmd.py:66: SetuptoolsDeprecationWarning: setup.py install is deprecated.
[4.261s] !!
[4.261s] 
[4.261s]         ********************************************************************************
[4.261s]         Please avoid running ``setup.py`` directly.
[4.261s]         Instead, use pypa/build, pypa/installer or other
[4.262s]         standards-based tools.
[4.262s] 
[4.262s]         See https://blog.ganssle.io/articles/2021/10/setup-py-deprecated.html for details.
[4.262s]         ********************************************************************************
[4.262s] 
[4.262s] !!
[4.262s]   self.initialize_options()
[4.270s] running install_lib
[4.304s] running install_data
[4.327s] copying resource/ros_tcp_endpoint -> /home/akyatha/colcon_ws/install/ros_tcp_endpoint/share/ament_index/resource_index/packages
[4.327s] copying package.xml -> /home/akyatha/colcon_ws/install/ros_tcp_endpoint/share/ros_tcp_endpoint
[4.327s] copying launch/endpoint.py -> /home/akyatha/colcon_ws/install/ros_tcp_endpoint/share/ros_tcp_endpoint/launch
[4.328s] running install_egg_info
[4.353s] removing '/home/akyatha/colcon_ws/install/ros_tcp_endpoint/lib/python3.8/site-packages/ros_tcp_endpoint-0.0.1-py3.8.egg-info' (and everything under it)
[4.353s] Copying ../../build/ros_tcp_endpoint/ros_tcp_endpoint.egg-info to /home/akyatha/colcon_ws/install/ros_tcp_endpoint/lib/python3.8/site-packages/ros_tcp_endpoint-0.0.1-py3.8.egg-info
[4.354s] running install_scripts
[4.428s] Installing default_server_endpoint script to /home/akyatha/colcon_ws/install/ros_tcp_endpoint/lib/ros_tcp_endpoint
[4.429s] writing list of installed files to '/home/akyatha/colcon_ws/build/ros_tcp_endpoint/install.log'
[4.482s] Invoked command in '/home/akyatha/colcon_ws/src/ROS-TCP-Endpoint' returned '0': PYTHONPATH=/home/akyatha/colcon_ws/build/ros_tcp_endpoint/prefix_override:/home/akyatha/colcon_ws/install/ros_tcp_endpoint/lib/python3.8/site-packages:${PYTHONPATH} /usr/bin/python3 setup.py egg_info --egg-base ../../build/ros_tcp_endpoint build --build-base /home/akyatha/colcon_ws/build/ros_tcp_endpoint/build install --record /home/akyatha/colcon_ws/build/ros_tcp_endpoint/install.log --install-scripts $base/lib/ros_tcp_endpoint --single-version-externally-managed
